{"log":"\u001b[34m2019-03-12 15:31:54.712 UTC [nodeCmd] serve -\u003e INFO 001\u001b[0m Starting peer:\n","stream":"stderr","time":"2019-03-12T15:31:54.712390264Z"}
{"log":" Version: 1.4.0\n","stream":"stderr","time":"2019-03-12T15:31:54.712441781Z"}
{"log":" Commit SHA: d700b43\n","stream":"stderr","time":"2019-03-12T15:31:54.71245196Z"}
{"log":" Go version: go1.11.1\n","stream":"stderr","time":"2019-03-12T15:31:54.712455592Z"}
{"log":" OS/Arch: linux/amd64\n","stream":"stderr","time":"2019-03-12T15:31:54.71245845Z"}
{"log":" Chaincode:\n","stream":"stderr","time":"2019-03-12T15:31:54.712461197Z"}
{"log":"  Base Image Version: 0.4.14\n","stream":"stderr","time":"2019-03-12T15:31:54.712463908Z"}
{"log":"  Base Docker Namespace: hyperledger\n","stream":"stderr","time":"2019-03-12T15:31:54.712466635Z"}
{"log":"  Base Docker Label: org.hyperledger.fabric\n","stream":"stderr","time":"2019-03-12T15:31:54.712469333Z"}
{"log":"  Docker Namespace: hyperledger\n","stream":"stderr","time":"2019-03-12T15:31:54.712472036Z"}
{"log":"\u001b[34m2019-03-12 15:31:54.712 UTC [ledgermgmt] initialize -\u003e INFO 002\u001b[0m Initializing ledger mgmt\n","stream":"stderr","time":"2019-03-12T15:31:54.712820134Z"}
{"log":"\u001b[34m2019-03-12 15:31:54.712 UTC [kvledger] NewProvider -\u003e INFO 003\u001b[0m Initializing ledger provider\n","stream":"stderr","time":"2019-03-12T15:31:54.712856041Z"}
{"log":"\u001b[34m2019-03-12 15:31:54.832 UTC [kvledger] NewProvider -\u003e INFO 004\u001b[0m ledger provider Initialized\n","stream":"stderr","time":"2019-03-12T15:31:54.832644729Z"}
{"log":"\u001b[34m2019-03-12 15:31:54.919 UTC [ledgermgmt] initialize -\u003e INFO 005\u001b[0m ledger mgmt initialized\n","stream":"stderr","time":"2019-03-12T15:31:54.919456133Z"}
{"log":"\u001b[34m2019-03-12 15:31:54.919 UTC [peer] func1 -\u003e INFO 006\u001b[0m Auto-detected peer address: 172.19.0.6:7051\n","stream":"stderr","time":"2019-03-12T15:31:54.919853281Z"}
{"log":"\u001b[34m2019-03-12 15:31:54.919 UTC [peer] func1 -\u003e INFO 007\u001b[0m Returning peer1.org2.example.com:7051\n","stream":"stderr","time":"2019-03-12T15:31:54.92010997Z"}
{"log":"\u001b[34m2019-03-12 15:31:54.920 UTC [peer] func1 -\u003e INFO 008\u001b[0m Auto-detected peer address: 172.19.0.6:7051\n","stream":"stderr","time":"2019-03-12T15:31:54.920307294Z"}
{"log":"\u001b[34m2019-03-12 15:31:54.920 UTC [peer] func1 -\u003e INFO 009\u001b[0m Returning peer1.org2.example.com:7051\n","stream":"stderr","time":"2019-03-12T15:31:54.920614152Z"}
{"log":"\u001b[34m2019-03-12 15:31:54.921 UTC [nodeCmd] serve -\u003e INFO 00a\u001b[0m Starting peer with TLS enabled\n","stream":"stderr","time":"2019-03-12T15:31:54.921994454Z"}
{"log":"\u001b[34m2019-03-12 15:31:54.922 UTC [nodeCmd] computeChaincodeEndpoint -\u003e INFO 00b\u001b[0m Entering computeChaincodeEndpoint with peerHostname: peer1.org2.example.com\n","stream":"stderr","time":"2019-03-12T15:31:54.923062213Z"}
{"log":"\u001b[34m2019-03-12 15:31:54.923 UTC [nodeCmd] computeChaincodeEndpoint -\u003e INFO 00c\u001b[0m Exit with ccEndpoint: peer1.org2.example.com:7052\n","stream":"stderr","time":"2019-03-12T15:31:54.923293405Z"}
{"log":"\u001b[33m2019-03-12 15:31:54.923 UTC [nodeCmd] createChaincodeServer -\u003e WARN 00d\u001b[0m peer.chaincodeListenAddress is not set, using peer1.org2.example.com:7052\n","stream":"stderr","time":"2019-03-12T15:31:54.923643128Z"}
{"log":"\u001b[34m2019-03-12 15:31:54.927 UTC [sccapi] registerSysCC -\u003e INFO 00e\u001b[0m system chaincode lscc(github.com/hyperledger/fabric/core/scc/lscc) registered\n","stream":"stderr","time":"2019-03-12T15:31:54.928138381Z"}
{"log":"\u001b[34m2019-03-12 15:31:54.928 UTC [sccapi] registerSysCC -\u003e INFO 00f\u001b[0m system chaincode cscc(github.com/hyperledger/fabric/core/scc/cscc) registered\n","stream":"stderr","time":"2019-03-12T15:31:54.928239223Z"}
{"log":"\u001b[34m2019-03-12 15:31:54.928 UTC [sccapi] registerSysCC -\u003e INFO 010\u001b[0m system chaincode qscc(github.com/hyperledger/fabric/core/scc/qscc) registered\n","stream":"stderr","time":"2019-03-12T15:31:54.928255697Z"}
{"log":"\u001b[34m2019-03-12 15:31:54.928 UTC [sccapi] registerSysCC -\u003e INFO 011\u001b[0m system chaincode (+lifecycle,github.com/hyperledger/fabric/core/chaincode/lifecycle,true) disabled\n","stream":"stderr","time":"2019-03-12T15:31:54.928390147Z"}
{"log":"\u001b[34m2019-03-12 15:31:54.932 UTC [gossip.service] func1 -\u003e INFO 012\u001b[0m Initialize gossip with endpoint peer1.org2.example.com:7051 and bootstrap set [peer0.org2.example.com:7051]\n","stream":"stderr","time":"2019-03-12T15:31:54.932413423Z"}
{"log":"\u001b[34m2019-03-12 15:31:54.938 UTC [gossip.gossip] NewGossipService -\u003e INFO 013\u001b[0m Creating gossip service with self membership of Endpoint: peer1.org2.example.com:7051, InternalEndpoint: peer1.org2.example.com:7051, PKI-ID: d47cfda07e0519442aa5fbdc98f7fee3662ba85fb3b78443b3d93f9ee8ac06e1, Metadata: \n","stream":"stderr","time":"2019-03-12T15:31:54.93940581Z"}
{"log":"\u001b[34m2019-03-12 15:31:54.943 UTC [sccapi] deploySysCC -\u003e INFO 014\u001b[0m system chaincode lscc/(github.com/hyperledger/fabric/core/scc/lscc) deployed\n","stream":"stderr","time":"2019-03-12T15:31:54.944149611Z"}
{"log":"\u001b[34m2019-03-12 15:31:54.940 UTC [gossip.gossip] start -\u003e INFO 015\u001b[0m Gossip instance peer1.org2.example.com:7051 started\n","stream":"stderr","time":"2019-03-12T15:31:54.944829957Z"}
{"log":"\u001b[34m2019-03-12 15:31:54.945 UTC [cscc] Init -\u003e INFO 016\u001b[0m Init CSCC\n","stream":"stderr","time":"2019-03-12T15:31:54.946043366Z"}
{"log":"\u001b[34m2019-03-12 15:31:54.945 UTC [sccapi] deploySysCC -\u003e INFO 017\u001b[0m system chaincode cscc/(github.com/hyperledger/fabric/core/scc/cscc) deployed\n","stream":"stderr","time":"2019-03-12T15:31:54.946200685Z"}
{"log":"\u001b[34m2019-03-12 15:31:54.949 UTC [qscc] Init -\u003e INFO 018\u001b[0m Init QSCC\n","stream":"stderr","time":"2019-03-12T15:31:54.950051252Z"}
{"log":"\u001b[34m2019-03-12 15:31:54.949 UTC [sccapi] deploySysCC -\u003e INFO 019\u001b[0m system chaincode qscc/(github.com/hyperledger/fabric/core/scc/qscc) deployed\n","stream":"stderr","time":"2019-03-12T15:31:54.950104433Z"}
{"log":"\u001b[34m2019-03-12 15:31:54.951 UTC [sccapi] deploySysCC -\u003e INFO 01a\u001b[0m system chaincode (+lifecycle,github.com/hyperledger/fabric/core/chaincode/lifecycle) disabled\n","stream":"stderr","time":"2019-03-12T15:31:54.951307299Z"}
{"log":"\u001b[34m2019-03-12 15:31:54.951 UTC [nodeCmd] serve -\u003e INFO 01b\u001b[0m Deployed system chaincodes\n","stream":"stderr","time":"2019-03-12T15:31:54.951329776Z"}
{"log":"\u001b[34m2019-03-12 15:31:54.956 UTC [discovery] NewService -\u003e INFO 01c\u001b[0m Created with config TLS: true, authCacheMaxSize: 1000, authCachePurgeRatio: 0.750000\n","stream":"stderr","time":"2019-03-12T15:31:54.95689673Z"}
{"log":"\u001b[34m2019-03-12 15:31:54.956 UTC [nodeCmd] registerDiscoveryService -\u003e INFO 01d\u001b[0m Discovery service activated\n","stream":"stderr","time":"2019-03-12T15:31:54.956921392Z"}
{"log":"\u001b[34m2019-03-12 15:31:54.958 UTC [nodeCmd] serve -\u003e INFO 01e\u001b[0m Starting peer with ID=[name:\"peer1.org2.example.com\" ], network ID=[dev], address=[peer1.org2.example.com:7051]\n","stream":"stderr","time":"2019-03-12T15:31:54.958370679Z"}
{"log":"\u001b[34m2019-03-12 15:31:54.962 UTC [nodeCmd] serve -\u003e INFO 01f\u001b[0m Started peer with ID=[name:\"peer1.org2.example.com\" ], network ID=[dev], address=[peer1.org2.example.com:7051]\n","stream":"stderr","time":"2019-03-12T15:31:54.963212335Z"}
{"log":"\u001b[34m2019-03-12 15:31:54.963 UTC [nodeCmd] func8 -\u003e INFO 020\u001b[0m Starting profiling server with listenAddress = 0.0.0.0:6060\n","stream":"stderr","time":"2019-03-12T15:31:54.964222703Z"}
{"log":"\u001b[34m2019-03-12 15:31:56.528 UTC [comm.grpc.server] 1 -\u003e INFO 021\u001b[0m unary call completed {\"grpc.start_time\": \"2019-03-12T15:31:56.528Z\", \"grpc.service\": \"gossip.Gossip\", \"grpc.method\": \"Ping\", \"grpc.request_deadline\": \"2019-03-12T15:31:58.527Z\", \"grpc.peer_address\": \"172.19.0.3:43758\", \"grpc.peer_subject\": \"CN=peer0.org2.example.com,L=San Francisco,ST=California,C=US\", \"grpc.code\": \"OK\", \"grpc.call_duration\": \"115.542µs\"}\n","stream":"stderr","time":"2019-03-12T15:31:56.528648409Z"}
{"log":"\u001b[34m2019-03-12 15:31:56.532 UTC [comm.grpc.server] 1 -\u003e INFO 022\u001b[0m streaming call completed {\"grpc.start_time\": \"2019-03-12T15:31:56.529Z\", \"grpc.service\": \"gossip.Gossip\", \"grpc.method\": \"GossipStream\", \"grpc.request_deadline\": \"2019-03-12T15:32:06.529Z\", \"grpc.peer_address\": \"172.19.0.3:43758\", \"grpc.peer_subject\": \"CN=peer0.org2.example.com,L=San Francisco,ST=California,C=US\", \"error\": \"rpc error: code = Canceled desc = context canceled\", \"grpc.code\": \"Canceled\", \"grpc.call_duration\": \"2.686228ms\"}\n","stream":"stderr","time":"2019-03-12T15:31:56.532820493Z"}
{"log":"\u001b[34m2019-03-12 15:31:56.537 UTC [comm.grpc.server] 1 -\u003e INFO 023\u001b[0m unary call completed {\"grpc.start_time\": \"2019-03-12T15:31:56.536Z\", \"grpc.service\": \"gossip.Gossip\", \"grpc.method\": \"Ping\", \"grpc.request_deadline\": \"2019-03-12T15:31:58.536Z\", \"grpc.peer_address\": \"172.19.0.3:43760\", \"grpc.peer_subject\": \"CN=peer0.org2.example.com,L=San Francisco,ST=California,C=US\", \"grpc.code\": \"OK\", \"grpc.call_duration\": \"67.722µs\"}\n","stream":"stderr","time":"2019-03-12T15:31:56.537193163Z"}
{"log":"\u001b[34m2019-03-12 15:32:06.012 UTC [endorser] callChaincode -\u003e INFO 024\u001b[0m [][32dd51f0] Entry chaincode: name:\"cscc\" \n","stream":"stderr","time":"2019-03-12T15:32:06.013117696Z"}
{"log":"\u001b[34m2019-03-12 15:32:06.014 UTC [ledgermgmt] CreateLedger -\u003e INFO 025\u001b[0m Creating ledger [mychannel] with genesis block\n","stream":"stderr","time":"2019-03-12T15:32:06.014375792Z"}
{"log":"\u001b[34m2019-03-12 15:32:06.019 UTC [fsblkstorage] newBlockfileMgr -\u003e INFO 026\u001b[0m Getting block information from block storage\n","stream":"stderr","time":"2019-03-12T15:32:06.019854257Z"}
{"log":"\u001b[34m2019-03-12 15:32:06.072 UTC [kvledger] CommitWithPvtData -\u003e INFO 027\u001b[0m [mychannel] Committed block [0] with 1 transaction(s) in 41ms (state_validation=1ms block_commit=29ms state_commit=3ms)\n","stream":"stderr","time":"2019-03-12T15:32:06.073200763Z"}
{"log":"\u001b[34m2019-03-12 15:32:06.081 UTC [ledgermgmt] CreateLedger -\u003e INFO 028\u001b[0m Created ledger [mychannel] with genesis block\n","stream":"stderr","time":"2019-03-12T15:32:06.081720726Z"}
{"log":"\u001b[34m2019-03-12 15:32:06.086 UTC [gossip.gossip] JoinChan -\u003e INFO 029\u001b[0m Joining gossip network of channel mychannel with 2 organizations\n","stream":"stderr","time":"2019-03-12T15:32:06.086576273Z"}
{"log":"\u001b[34m2019-03-12 15:32:06.086 UTC [gossip.gossip] learnAnchorPeers -\u003e INFO 02a\u001b[0m No configured anchor peers of Org1MSP for channel mychannel to learn about\n","stream":"stderr","time":"2019-03-12T15:32:06.086614079Z"}
{"log":"\u001b[34m2019-03-12 15:32:06.086 UTC [gossip.gossip] learnAnchorPeers -\u003e INFO 02b\u001b[0m No configured anchor peers of Org2MSP for channel mychannel to learn about\n","stream":"stderr","time":"2019-03-12T15:32:06.086617961Z"}
{"log":"\u001b[34m2019-03-12 15:32:06.104 UTC [gossip.state] NewGossipStateProvider -\u003e INFO 02c\u001b[0m Updating metadata information, current ledger sequence is at = 0, next expected block is = 1\n","stream":"stderr","time":"2019-03-12T15:32:06.104544904Z"}
{"log":"\u001b[34m2019-03-12 15:32:06.105 UTC [sccapi] deploySysCC -\u003e INFO 02d\u001b[0m system chaincode lscc/mychannel(github.com/hyperledger/fabric/core/scc/lscc) deployed\n","stream":"stderr","time":"2019-03-12T15:32:06.106071923Z"}
{"log":"\u001b[34m2019-03-12 15:32:06.106 UTC [cscc] Init -\u003e INFO 02e\u001b[0m Init CSCC\n","stream":"stderr","time":"2019-03-12T15:32:06.106349349Z"}
{"log":"\u001b[34m2019-03-12 15:32:06.106 UTC [sccapi] deploySysCC -\u003e INFO 02f\u001b[0m system chaincode cscc/mychannel(github.com/hyperledger/fabric/core/scc/cscc) deployed\n","stream":"stderr","time":"2019-03-12T15:32:06.106365849Z"}
{"log":"\u001b[34m2019-03-12 15:32:06.106 UTC [qscc] Init -\u003e INFO 030\u001b[0m Init QSCC\n","stream":"stderr","time":"2019-03-12T15:32:06.106760955Z"}
{"log":"\u001b[34m2019-03-12 15:32:06.106 UTC [sccapi] deploySysCC -\u003e INFO 031\u001b[0m system chaincode qscc/mychannel(github.com/hyperledger/fabric/core/scc/qscc) deployed\n","stream":"stderr","time":"2019-03-12T15:32:06.106800806Z"}
{"log":"\u001b[34m2019-03-12 15:32:06.106 UTC [sccapi] deploySysCC -\u003e INFO 032\u001b[0m system chaincode (+lifecycle,github.com/hyperledger/fabric/core/chaincode/lifecycle) disabled\n","stream":"stderr","time":"2019-03-12T15:32:06.107101657Z"}
{"log":"\u001b[34m2019-03-12 15:32:06.107 UTC [endorser] callChaincode -\u003e INFO 033\u001b[0m [][32dd51f0] Exit chaincode: name:\"cscc\"  (94ms)\n","stream":"stderr","time":"2019-03-12T15:32:06.107622204Z"}
{"log":"\u001b[34m2019-03-12 15:32:06.107 UTC [comm.grpc.server] 1 -\u003e INFO 034\u001b[0m unary call completed {\"grpc.start_time\": \"2019-03-12T15:32:06.011Z\", \"grpc.service\": \"protos.Endorser\", \"grpc.method\": \"ProcessProposal\", \"grpc.peer_address\": \"172.19.0.7:46338\", \"grpc.code\": \"OK\", \"grpc.call_duration\": \"95.621672ms\"}\n","stream":"stderr","time":"2019-03-12T15:32:06.107644713Z"}
{"log":"\u001b[34m2019-03-12 15:32:08.941 UTC [gossip.election] leaderElection -\u003e INFO 035\u001b[0m d47cfda07e0519442aa5fbdc98f7fee3662ba85fb3b78443b3d93f9ee8ac06e1 : Some peer is already a leader\n","stream":"stderr","time":"2019-03-12T15:32:08.94225392Z"}
{"log":"\u001b[34m2019-03-12 15:32:09.255 UTC [gossip.privdata] StoreBlock -\u003e INFO 036\u001b[0m [mychannel] Received block [1] from buffer\n","stream":"stderr","time":"2019-03-12T15:32:09.256071914Z"}
{"log":"\u001b[34m2019-03-12 15:32:09.269 UTC [gossip.gossip] JoinChan -\u003e INFO 037\u001b[0m Joining gossip network of channel mychannel with 2 organizations\n","stream":"stderr","time":"2019-03-12T15:32:09.269511057Z"}
{"log":"\u001b[34m2019-03-12 15:32:09.269 UTC [gossip.gossip] learnAnchorPeers -\u003e INFO 038\u001b[0m Learning about the configured anchor peers of Org1MSP for channel mychannel : [{peer0.org1.example.com 7051}]\n","stream":"stderr","time":"2019-03-12T15:32:09.269530139Z"}
{"log":"\u001b[34m2019-03-12 15:32:09.269 UTC [gossip.gossip] learnAnchorPeers -\u003e INFO 039\u001b[0m No configured anchor peers of Org2MSP for channel mychannel to learn about\n","stream":"stderr","time":"2019-03-12T15:32:09.269726823Z"}
{"log":"\u001b[33m2019-03-12 15:32:09.269 UTC [gossip.service] updateEndpoints -\u003e WARN 03a\u001b[0m Failed to update ordering service endpoints, due to Channel with mychannel id was not found\n","stream":"stderr","time":"2019-03-12T15:32:09.2697623Z"}
{"log":"\u001b[34m2019-03-12 15:32:09.271 UTC [committer.txvalidator] Validate -\u003e INFO 03b\u001b[0m [mychannel] Validated block [1] in 15ms\n","stream":"stderr","time":"2019-03-12T15:32:09.271180838Z"}
{"log":"\u001b[34m2019-03-12 15:32:09.370 UTC [kvledger] CommitWithPvtData -\u003e INFO 03c\u001b[0m [mychannel] Committed block [1] with 1 transaction(s) in 98ms (state_validation=0ms block_commit=85ms state_commit=9ms)\n","stream":"stderr","time":"2019-03-12T15:32:09.370963749Z"}
{"log":"\u001b[34m2019-03-12 15:32:11.087 UTC [gossip.channel] reportMembershipChanges -\u003e INFO 03d\u001b[0m Membership view has changed. peers went online:  [[peer0.org2.example.com:7051]] , current view:  [[peer0.org2.example.com:7051]]\n","stream":"stderr","time":"2019-03-12T15:32:11.087812615Z"}
{"log":"\u001b[33m2019-03-12 15:32:11.743 UTC [gossip.gossip] validateMsg -\u003e WARN 03e\u001b[0m StateInfo message GossipMessage: tag:CHAN_OR_ORG state_info:\u003ctimestamp:\u003cinc_num:1552404719727069098 seq_num:1552404729359161307 \u003e pki_id:\"\\037\\030\\021*\\333I5\\336E\\357M\\227\\002\\022\\234\\364h\\350\\377N\\276\\312\\363_Bw@\\275a\\354\\030X\" channel_MAC:\"B+/\\212\\377+]\\216}\\230\\234\\342Ufc}\\253\\335\\301J\\365\\363\\342\\327\\347\\201\\236\\255\\371%KJ\" properties:\u003cledger_height:2 \u003e \u003e , Envelope: 98 bytes, Signature: 71 bytes is found invalid: PKIID wasn't found\n","stream":"stderr","time":"2019-03-12T15:32:11.743333632Z"}
{"log":"\u001b[33m2019-03-12 15:32:11.743 UTC [gossip.gossip] handleMessage -\u003e WARN 03f\u001b[0m Message GossipMessage: tag:CHAN_OR_ORG state_info:\u003ctimestamp:\u003cinc_num:1552404719727069098 seq_num:1552404729359161307 \u003e pki_id:\"\\037\\030\\021*\\333I5\\336E\\357M\\227\\002\\022\\234\\364h\\350\\377N\\276\\312\\363_Bw@\\275a\\354\\030X\" channel_MAC:\"B+/\\212\\377+]\\216}\\230\\234\\342Ufc}\\253\\335\\301J\\365\\363\\342\\327\\347\\201\\236\\255\\371%KJ\" properties:\u003cledger_height:2 \u003e \u003e , Envelope: 98 bytes, Signature: 71 bytes isn't valid\n","stream":"stderr","time":"2019-03-12T15:32:11.743594412Z"}
{"log":"\u001b[33m2019-03-12 15:32:11.746 UTC [gossip.gossip] validateMsg -\u003e WARN 040\u001b[0m StateInfo message GossipMessage: tag:CHAN_OR_ORG state_info:\u003ctimestamp:\u003cinc_num:1552404719727069098 seq_num:1552404729359161307 \u003e pki_id:\"\\037\\030\\021*\\333I5\\336E\\357M\\227\\002\\022\\234\\364h\\350\\377N\\276\\312\\363_Bw@\\275a\\354\\030X\" channel_MAC:\"B+/\\212\\377+]\\216}\\230\\234\\342Ufc}\\253\\335\\301J\\365\\363\\342\\327\\347\\201\\236\\255\\371%KJ\" properties:\u003cledger_height:2 \u003e \u003e , Envelope: 98 bytes, Signature: 71 bytes is found invalid: PKIID wasn't found\n","stream":"stderr","time":"2019-03-12T15:32:11.746218784Z"}
{"log":"\u001b[33m2019-03-12 15:32:11.746 UTC [gossip.gossip] handleMessage -\u003e WARN 041\u001b[0m Message GossipMessage: tag:CHAN_OR_ORG state_info:\u003ctimestamp:\u003cinc_num:1552404719727069098 seq_num:1552404729359161307 \u003e pki_id:\"\\037\\030\\021*\\333I5\\336E\\357M\\227\\002\\022\\234\\364h\\350\\377N\\276\\312\\363_Bw@\\275a\\354\\030X\" channel_MAC:\"B+/\\212\\377+]\\216}\\230\\234\\342Ufc}\\253\\335\\301J\\365\\363\\342\\327\\347\\201\\236\\255\\371%KJ\" properties:\u003cledger_height:2 \u003e \u003e , Envelope: 98 bytes, Signature: 71 bytes isn't valid\n","stream":"stderr","time":"2019-03-12T15:32:11.746245336Z"}
{"log":"\u001b[34m2019-03-12 15:32:12.349 UTC [gossip.privdata] StoreBlock -\u003e INFO 042\u001b[0m [mychannel] Received block [2] from buffer\n","stream":"stderr","time":"2019-03-12T15:32:12.349581022Z"}
{"log":"\u001b[34m2019-03-12 15:32:12.368 UTC [gossip.gossip] JoinChan -\u003e INFO 043\u001b[0m Joining gossip network of channel mychannel with 2 organizations\n","stream":"stderr","time":"2019-03-12T15:32:12.368598136Z"}
{"log":"\u001b[34m2019-03-12 15:32:12.368 UTC [gossip.gossip] learnAnchorPeers -\u003e INFO 044\u001b[0m Learning about the configured anchor peers of Org2MSP for channel mychannel : [{peer0.org2.example.com 7051}]\n","stream":"stderr","time":"2019-03-12T15:32:12.368929259Z"}
{"log":"\u001b[34m2019-03-12 15:32:12.368 UTC [gossip.gossip] learnAnchorPeers -\u003e INFO 045\u001b[0m Learning about the configured anchor peers of Org1MSP for channel mychannel : [{peer0.org1.example.com 7051}]\n","stream":"stderr","time":"2019-03-12T15:32:12.368948333Z"}
{"log":"\u001b[33m2019-03-12 15:32:12.368 UTC [gossip.service] updateEndpoints -\u003e WARN 046\u001b[0m Failed to update ordering service endpoints, due to Channel with mychannel id was not found\n","stream":"stderr","time":"2019-03-12T15:32:12.368954918Z"}
{"log":"\u001b[34m2019-03-12 15:32:12.370 UTC [committer.txvalidator] Validate -\u003e INFO 047\u001b[0m [mychannel] Validated block [2] in 20ms\n","stream":"stderr","time":"2019-03-12T15:32:12.37051353Z"}
{"log":"\u001b[34m2019-03-12 15:32:12.395 UTC [comm.grpc.server] 1 -\u003e INFO 048\u001b[0m streaming call completed {\"grpc.start_time\": \"2019-03-12T15:31:56.537Z\", \"grpc.service\": \"gossip.Gossip\", \"grpc.method\": \"GossipStream\", \"grpc.peer_address\": \"172.19.0.3:43760\", \"grpc.peer_subject\": \"CN=peer0.org2.example.com,L=San Francisco,ST=California,C=US\", \"error\": \"rpc error: code = Canceled desc = context canceled\", \"grpc.code\": \"Canceled\", \"grpc.call_duration\": \"15.857717205s\"}\n","stream":"stderr","time":"2019-03-12T15:32:12.397936297Z"}
{"log":"\u001b[33m2019-03-12 15:32:12.403 UTC [gossip.comm] func1 -\u003e WARN 049\u001b[0m peer0.org1.example.com:7051, PKIid:0e10507a387282ac8c85f230b2d4387445c993346341a251b0f9fefeeabf5364 isn't responsive: EOF\n","stream":"stderr","time":"2019-03-12T15:32:12.406220708Z"}
{"log":"\u001b[33m2019-03-12 15:32:12.404 UTC [gossip.discovery] expireDeadMembers -\u003e WARN 04a\u001b[0m Entering [0e10507a387282ac8c85f230b2d4387445c993346341a251b0f9fefeeabf5364]\n","stream":"stderr","time":"2019-03-12T15:32:12.406259223Z"}
{"log":"\u001b[33m2019-03-12 15:32:12.404 UTC [gossip.discovery] expireDeadMembers -\u003e WARN 04b\u001b[0m Closing connection to Endpoint: peer0.org1.example.com:7051, InternalEndpoint: , PKI-ID: 0e10507a387282ac8c85f230b2d4387445c993346341a251b0f9fefeeabf5364, Metadata: \n","stream":"stderr","time":"2019-03-12T15:32:12.406265244Z"}
{"log":"\u001b[33m2019-03-12 15:32:12.404 UTC [gossip.discovery] expireDeadMembers -\u003e WARN 04c\u001b[0m Exiting\n","stream":"stderr","time":"2019-03-12T15:32:12.406270805Z"}
{"log":"\u001b[34m2019-03-12 15:32:12.450 UTC [kvledger] CommitWithPvtData -\u003e INFO 04d\u001b[0m [mychannel] Committed block [2] with 1 transaction(s) in 80ms (state_validation=5ms block_commit=63ms state_commit=2ms)\n","stream":"stderr","time":"2019-03-12T15:32:12.451178417Z"}
{"log":"\u001b[34m2019-03-12 15:32:12.547 UTC [comm.grpc.server] 1 -\u003e INFO 04e\u001b[0m unary call completed {\"grpc.start_time\": \"2019-03-12T15:32:12.547Z\", \"grpc.service\": \"gossip.Gossip\", \"grpc.method\": \"Ping\", \"grpc.request_deadline\": \"2019-03-12T15:32:14.547Z\", \"grpc.peer_address\": \"172.19.0.2:45220\", \"grpc.peer_subject\": \"CN=peer0.org1.example.com,L=San Francisco,ST=California,C=US\", \"grpc.code\": \"OK\", \"grpc.call_duration\": \"57.804µs\"}\n","stream":"stderr","time":"2019-03-12T15:32:12.548024596Z"}
{"log":"\u001b[34m2019-03-12 15:32:16.086 UTC [gossip.channel] reportMembershipChanges -\u003e INFO 04f\u001b[0m Membership view has changed. peers went online:  [[peer1.org1.example.com:7051 ] [peer0.org1.example.com:7051 ]] , current view:  [[peer0.org2.example.com:7051] [peer1.org1.example.com:7051 ] [peer0.org1.example.com:7051 ]]\n","stream":"stderr","time":"2019-03-12T15:32:16.087018734Z"}
{"log":"\u001b[34m2019-03-12 15:32:27.424 UTC [gossip.privdata] StoreBlock -\u003e INFO 050\u001b[0m [mychannel] Received block [3] from buffer\n","stream":"stderr","time":"2019-03-12T15:32:27.425088309Z"}
{"log":"\u001b[34m2019-03-12 15:32:27.427 UTC [committer.txvalidator] Validate -\u003e INFO 051\u001b[0m [mychannel] Validated block [3] in 2ms\n","stream":"stderr","time":"2019-03-12T15:32:27.427784785Z"}
{"log":"\u001b[34m2019-03-12 15:32:27.428 UTC [cceventmgmt] HandleStateUpdates -\u003e INFO 052\u001b[0m Channel [mychannel]: Handling deploy or update of chaincode [mycc]\n","stream":"stderr","time":"2019-03-12T15:32:27.428516559Z"}
{"log":"\u001b[34m2019-03-12 15:32:27.428 UTC [ccprovider] ExtractStatedbArtifactsForChaincode -\u003e INFO 053\u001b[0m Error while loading installation package for ccname=mycc, ccversion=1.0. Err=open /var/hyperledger/production/chaincodes/mycc.1.0: no such file or directory\n","stream":"stderr","time":"2019-03-12T15:32:27.428531804Z"}
{"log":"\u001b[34m2019-03-12 15:32:27.428 UTC [cceventmgmt] HandleChaincodeDeploy -\u003e INFO 054\u001b[0m Channel [mychannel]: Chaincode [Name=mycc, Version=1.0, Hash=[]byte{0x47, 0x6f, 0xca, 0x1a, 0x94, 0x92, 0x74, 0x0, 0x19, 0x71, 0xf1, 0xec, 0x28, 0x36, 0xcb, 0x9, 0x32, 0x1f, 0xb, 0x71, 0x26, 0x8b, 0x37, 0x62, 0xd6, 0x89, 0x31, 0xc9, 0x3f, 0x21, 0x81, 0x34}] is not installed hence no need to create chaincode artifacts for endorsement\n","stream":"stderr","time":"2019-03-12T15:32:27.428590437Z"}
{"log":"\u001b[34m2019-03-12 15:32:27.544 UTC [kvledger] CommitWithPvtData -\u003e INFO 055\u001b[0m [mychannel] Committed block [3] with 1 transaction(s) in 116ms (state_validation=0ms block_commit=91ms state_commit=1ms)\n","stream":"stderr","time":"2019-03-12T15:32:27.545070066Z"}
{"log":"\u001b[34m2019-03-12 15:32:31.637 UTC [endorser] callChaincode -\u003e INFO 056\u001b[0m [][d1964e52] Entry chaincode: name:\"lscc\" \n","stream":"stderr","time":"2019-03-12T15:32:31.637954768Z"}
{"log":"\u001b[34m2019-03-12 15:32:31.638 UTC [lscc] executeInstall -\u003e INFO 057\u001b[0m Installed Chaincode [mycc] Version [1.0] to peer\n","stream":"stderr","time":"2019-03-12T15:32:31.638568879Z"}
{"log":"\u001b[34m2019-03-12 15:32:31.638 UTC [endorser] callChaincode -\u003e INFO 058\u001b[0m [][d1964e52] Exit chaincode: name:\"lscc\"  (1ms)\n","stream":"stderr","time":"2019-03-12T15:32:31.638705636Z"}
{"log":"\u001b[34m2019-03-12 15:32:31.638 UTC [comm.grpc.server] 1 -\u003e INFO 059\u001b[0m unary call completed {\"grpc.start_time\": \"2019-03-12T15:32:31.637Z\", \"grpc.service\": \"protos.Endorser\", \"grpc.method\": \"ProcessProposal\", \"grpc.peer_address\": \"172.19.0.7:46436\", \"grpc.code\": \"OK\", \"grpc.call_duration\": \"1.283709ms\"}\n","stream":"stderr","time":"2019-03-12T15:32:31.638810555Z"}
{"log":"\u001b[34m2019-03-12 15:32:34.742 UTC [endorser] callChaincode -\u003e INFO 05a\u001b[0m [mychannel][9cd9497e] Entry chaincode: name:\"mycc\" \n","stream":"stderr","time":"2019-03-12T15:32:34.743126369Z"}
{"log":"\u001b[34m2019-03-12 15:32:36.086 UTC [endorser] callChaincode -\u003e INFO 05b\u001b[0m [mychannel][9cd9497e] Exit chaincode: name:\"mycc\"  (1344ms)\n","stream":"stderr","time":"2019-03-12T15:32:36.087113732Z"}
{"log":"\u001b[34m2019-03-12 15:32:36.087 UTC [comm.grpc.server] 1 -\u003e INFO 05c\u001b[0m unary call completed {\"grpc.start_time\": \"2019-03-12T15:32:34.741Z\", \"grpc.service\": \"protos.Endorser\", \"grpc.method\": \"ProcessProposal\", \"grpc.peer_address\": \"172.19.0.7:46440\", \"grpc.code\": \"OK\", \"grpc.call_duration\": \"1.345539772s\"}\n","stream":"stderr","time":"2019-03-12T15:32:36.087650481Z"}
{"log":"\u001b[34m2019-03-12 15:32:39.183 UTC [endorser] callChaincode -\u003e INFO 05d\u001b[0m [mychannel][d47156ec] Entry chaincode: name:\"mycc\" \n","stream":"stderr","time":"2019-03-12T15:32:39.183509758Z"}
{"log":"\u001b[34m2019-03-12 15:32:39.184 UTC [endorser] callChaincode -\u003e INFO 05e\u001b[0m [mychannel][d47156ec] Exit chaincode: name:\"mycc\"  (1ms)\n","stream":"stderr","time":"2019-03-12T15:32:39.185104068Z"}
{"log":"\u001b[34m2019-03-12 15:32:39.184 UTC [comm.grpc.server] 1 -\u003e INFO 05f\u001b[0m unary call completed {\"grpc.start_time\": \"2019-03-12T15:32:39.182Z\", \"grpc.service\": \"protos.Endorser\", \"grpc.method\": \"ProcessProposal\", \"grpc.peer_address\": \"172.19.0.7:46446\", \"grpc.code\": \"OK\", \"grpc.call_duration\": \"2.247671ms\"}\n","stream":"stderr","time":"2019-03-12T15:32:39.185121888Z"}
{"log":"\u001b[34m2019-03-12 15:32:41.313 UTC [gossip.privdata] StoreBlock -\u003e INFO 060\u001b[0m [mychannel] Received block [4] from buffer\n","stream":"stderr","time":"2019-03-12T15:32:41.313432214Z"}
{"log":"\u001b[34m2019-03-12 15:32:41.315 UTC [committer.txvalidator] Validate -\u003e INFO 061\u001b[0m [mychannel] Validated block [4] in 2ms\n","stream":"stderr","time":"2019-03-12T15:32:41.315991772Z"}
{"log":"\u001b[34m2019-03-12 15:32:41.395 UTC [kvledger] CommitWithPvtData -\u003e INFO 062\u001b[0m [mychannel] Committed block [4] with 1 transaction(s) in 78ms (state_validation=0ms block_commit=62ms state_commit=7ms)\n","stream":"stderr","time":"2019-03-12T15:32:41.395407378Z"}
{"log":"\u001b[34m2019-03-12 15:32:42.275 UTC [endorser] callChaincode -\u003e INFO 063\u001b[0m [mychannel][ecb0f557] Entry chaincode: name:\"mycc\" \n","stream":"stderr","time":"2019-03-12T15:32:42.27536961Z"}
{"log":"\u001b[34m2019-03-12 15:32:42.276 UTC [endorser] callChaincode -\u003e INFO 064\u001b[0m [mychannel][ecb0f557] Exit chaincode: name:\"mycc\"  (1ms)\n","stream":"stderr","time":"2019-03-12T15:32:42.2766358Z"}
{"log":"\u001b[34m2019-03-12 15:32:42.276 UTC [comm.grpc.server] 1 -\u003e INFO 065\u001b[0m unary call completed {\"grpc.start_time\": \"2019-03-12T15:32:42.274Z\", \"grpc.service\": \"protos.Endorser\", \"grpc.method\": \"ProcessProposal\", \"grpc.peer_address\": \"172.19.0.7:46450\", \"grpc.code\": \"OK\", \"grpc.call_duration\": \"2.223191ms\"}\n","stream":"stderr","time":"2019-03-12T15:32:42.276766678Z"}
{"log":"\u001b[34m2019-03-12 15:39:14.592 UTC [gossip.privdata] StoreBlock -\u003e INFO 066\u001b[0m [mychannel] Received block [5] from buffer\n","stream":"stderr","time":"2019-03-12T15:39:14.592631671Z"}
{"log":"\u001b[34m2019-03-12 15:39:14.593 UTC [committer.txvalidator] Validate -\u003e INFO 067\u001b[0m [mychannel] Validated block [5] in 1ms\n","stream":"stderr","time":"2019-03-12T15:39:14.59418834Z"}
{"log":"\u001b[34m2019-03-12 15:39:14.684 UTC [kvledger] CommitWithPvtData -\u003e INFO 068\u001b[0m [mychannel] Committed block [5] with 1 transaction(s) in 90ms (state_validation=0ms block_commit=62ms state_commit=9ms)\n","stream":"stderr","time":"2019-03-12T15:39:14.684841637Z"}
{"log":"\u001b[34m2019-03-12 15:42:02.255 UTC [gossip.privdata] StoreBlock -\u003e INFO 069\u001b[0m [mychannel] Received block [6] from buffer\n","stream":"stderr","time":"2019-03-12T15:42:02.255401313Z"}
{"log":"\u001b[34m2019-03-12 15:42:02.256 UTC [committer.txvalidator] Validate -\u003e INFO 06a\u001b[0m [mychannel] Validated block [6] in 1ms\n","stream":"stderr","time":"2019-03-12T15:42:02.256865175Z"}
{"log":"\u001b[34m2019-03-12 15:42:02.339 UTC [kvledger] CommitWithPvtData -\u003e INFO 06b\u001b[0m [mychannel] Committed block [6] with 1 transaction(s) in 82ms (state_validation=0ms block_commit=69ms state_commit=1ms)\n","stream":"stderr","time":"2019-03-12T15:42:02.339546115Z"}
{"log":"\u001b[34m2019-03-12 15:51:06.320 UTC [gossip.privdata] StoreBlock -\u003e INFO 06c\u001b[0m [mychannel] Received block [7] from buffer\n","stream":"stderr","time":"2019-03-12T15:51:06.320707943Z"}
{"log":"\u001b[34m2019-03-12 15:51:06.321 UTC [committer.txvalidator] Validate -\u003e INFO 06d\u001b[0m [mychannel] Validated block [7] in 1ms\n","stream":"stderr","time":"2019-03-12T15:51:06.32190041Z"}
{"log":"\u001b[34m2019-03-12 15:51:06.418 UTC [kvledger] CommitWithPvtData -\u003e INFO 06e\u001b[0m [mychannel] Committed block [7] with 1 transaction(s) in 96ms (state_validation=0ms block_commit=61ms state_commit=9ms)\n","stream":"stderr","time":"2019-03-12T15:51:06.418852873Z"}
{"log":"\u001b[34m2019-03-12 15:52:32.782 UTC [gossip.privdata] StoreBlock -\u003e INFO 06f\u001b[0m [mychannel] Received block [8] from buffer\n","stream":"stderr","time":"2019-03-12T15:52:32.782606648Z"}
{"log":"\u001b[34m2019-03-12 15:52:32.783 UTC [committer.txvalidator] Validate -\u003e INFO 070\u001b[0m [mychannel] Validated block [8] in 1ms\n","stream":"stderr","time":"2019-03-12T15:52:32.783803864Z"}
{"log":"\u001b[34m2019-03-12 15:52:32.863 UTC [kvledger] CommitWithPvtData -\u003e INFO 071\u001b[0m [mychannel] Committed block [8] with 1 transaction(s) in 79ms (state_validation=0ms block_commit=44ms state_commit=26ms)\n","stream":"stderr","time":"2019-03-12T15:52:32.864188339Z"}
{"log":"\u001b[34m2019-03-12 15:52:51.836 UTC [gossip.privdata] StoreBlock -\u003e INFO 072\u001b[0m [mychannel] Received block [9] from buffer\n","stream":"stderr","time":"2019-03-12T15:52:51.836615837Z"}
{"log":"\u001b[34m2019-03-12 15:52:51.841 UTC [committer.txvalidator] Validate -\u003e INFO 073\u001b[0m [mychannel] Validated block [9] in 4ms\n","stream":"stderr","time":"2019-03-12T15:52:51.841394923Z"}
{"log":"\u001b[33m2019-03-12 15:52:51.841 UTC [statebasedval] ValidateAndPrepareBatch -\u003e WARN 074\u001b[0m Block [9] Transaction index [1] TxId [0219a2b6662e697ccf3d343065c77582d3c860de128d83fdb00ef97fc87719c8] marked as invalid by state validator. Reason code [MVCC_READ_CONFLICT]\n","stream":"stderr","time":"2019-03-12T15:52:51.849106568Z"}
{"log":"\u001b[33m2019-03-12 15:52:51.842 UTC [statebasedval] ValidateAndPrepareBatch -\u003e WARN 075\u001b[0m Block [9] Transaction index [2] TxId [1b91415d34e30929d1fbfe2db581520231fdec47a0299cc3f81eaedd0bb9032b] marked as invalid by state validator. Reason code [MVCC_READ_CONFLICT]\n","stream":"stderr","time":"2019-03-12T15:52:51.849117089Z"}
{"log":"\u001b[33m2019-03-12 15:52:51.842 UTC [statebasedval] ValidateAndPrepareBatch -\u003e WARN 076\u001b[0m Block [9] Transaction index [3] TxId [aecbfa9174c782536a00a95a185bd27ac61260ef481c0f9e09cfca725c6b217c] marked as invalid by state validator. Reason code [MVCC_READ_CONFLICT]\n","stream":"stderr","time":"2019-03-12T15:52:51.849137483Z"}
{"log":"\u001b[34m2019-03-12 15:52:51.943 UTC [kvledger] CommitWithPvtData -\u003e INFO 077\u001b[0m [mychannel] Committed block [9] with 4 transaction(s) in 101ms (state_validation=0ms block_commit=83ms state_commit=9ms)\n","stream":"stderr","time":"2019-03-12T15:52:51.943709887Z"}
{"log":"\u001b[34m2019-03-12 15:53:02.397 UTC [gossip.privdata] StoreBlock -\u003e INFO 078\u001b[0m [mychannel] Received block [10] from buffer\n","stream":"stderr","time":"2019-03-12T15:53:02.397348718Z"}
{"log":"\u001b[34m2019-03-12 15:53:02.397 UTC [committer.txvalidator] Validate -\u003e INFO 079\u001b[0m [mychannel] Validated block [10] in 0ms\n","stream":"stderr","time":"2019-03-12T15:53:02.398147682Z"}
{"log":"\u001b[34m2019-03-12 15:53:02.511 UTC [kvledger] CommitWithPvtData -\u003e INFO 07a\u001b[0m [mychannel] Committed block [10] with 2 transaction(s) in 113ms (state_validation=0ms block_commit=84ms state_commit=10ms)\n","stream":"stderr","time":"2019-03-12T15:53:02.511701977Z"}
{"log":"\u001b[34m2019-03-12 16:25:56.613 UTC [gossip.privdata] StoreBlock -\u003e INFO 07b\u001b[0m [mychannel] Received block [11] from buffer\n","stream":"stderr","time":"2019-03-12T16:25:56.616579199Z"}
{"log":"\u001b[34m2019-03-12 16:25:56.615 UTC [committer.txvalidator] Validate -\u003e INFO 07c\u001b[0m [mychannel] Validated block [11] in 1ms\n","stream":"stderr","time":"2019-03-12T16:25:56.616605513Z"}
{"log":"\u001b[34m2019-03-12 16:25:56.710 UTC [kvledger] CommitWithPvtData -\u003e INFO 07d\u001b[0m [mychannel] Committed block [11] with 1 transaction(s) in 94ms (state_validation=0ms block_commit=73ms state_commit=9ms)\n","stream":"stderr","time":"2019-03-12T16:25:56.714716355Z"}
{"log":"\u001b[34m2019-03-12 16:26:06.734 UTC [gossip.privdata] StoreBlock -\u003e INFO 07e\u001b[0m [mychannel] Received block [12] from buffer\n","stream":"stderr","time":"2019-03-12T16:26:06.734327508Z"}
{"log":"\u001b[34m2019-03-12 16:26:06.735 UTC [committer.txvalidator] Validate -\u003e INFO 07f\u001b[0m [mychannel] Validated block [12] in 1ms\n","stream":"stderr","time":"2019-03-12T16:26:06.735417157Z"}
{"log":"\u001b[34m2019-03-12 16:26:06.838 UTC [kvledger] CommitWithPvtData -\u003e INFO 080\u001b[0m [mychannel] Committed block [12] with 1 transaction(s) in 102ms (state_validation=0ms block_commit=85ms state_commit=8ms)\n","stream":"stderr","time":"2019-03-12T16:26:06.838511671Z"}
{"log":"\u001b[34m2019-03-12 16:26:16.847 UTC [gossip.privdata] StoreBlock -\u003e INFO 081\u001b[0m [mychannel] Received block [13] from buffer\n","stream":"stderr","time":"2019-03-12T16:26:16.847218798Z"}
{"log":"\u001b[34m2019-03-12 16:26:16.848 UTC [committer.txvalidator] Validate -\u003e INFO 082\u001b[0m [mychannel] Validated block [13] in 1ms\n","stream":"stderr","time":"2019-03-12T16:26:16.848753088Z"}
{"log":"\u001b[34m2019-03-12 16:26:16.938 UTC [kvledger] CommitWithPvtData -\u003e INFO 083\u001b[0m [mychannel] Committed block [13] with 1 transaction(s) in 89ms (state_validation=0ms block_commit=72ms state_commit=8ms)\n","stream":"stderr","time":"2019-03-12T16:26:16.938887813Z"}
{"log":"\u001b[34m2019-03-12 16:26:26.957 UTC [gossip.privdata] StoreBlock -\u003e INFO 084\u001b[0m [mychannel] Received block [14] from buffer\n","stream":"stderr","time":"2019-03-12T16:26:26.957637389Z"}
{"log":"\u001b[34m2019-03-12 16:26:26.958 UTC [committer.txvalidator] Validate -\u003e INFO 085\u001b[0m [mychannel] Validated block [14] in 1ms\n","stream":"stderr","time":"2019-03-12T16:26:26.95867712Z"}
{"log":"\u001b[34m2019-03-12 16:26:27.054 UTC [kvledger] CommitWithPvtData -\u003e INFO 086\u001b[0m [mychannel] Committed block [14] with 1 transaction(s) in 95ms (state_validation=0ms block_commit=60ms state_commit=26ms)\n","stream":"stderr","time":"2019-03-12T16:26:27.055042481Z"}
{"log":"\u001b[34m2019-03-12 16:26:37.068 UTC [gossip.privdata] StoreBlock -\u003e INFO 087\u001b[0m [mychannel] Received block [15] from buffer\n","stream":"stderr","time":"2019-03-12T16:26:37.068697147Z"}
{"log":"\u001b[34m2019-03-12 16:26:37.069 UTC [committer.txvalidator] Validate -\u003e INFO 088\u001b[0m [mychannel] Validated block [15] in 0ms\n","stream":"stderr","time":"2019-03-12T16:26:37.069817541Z"}
{"log":"\u001b[34m2019-03-12 16:26:37.165 UTC [kvledger] CommitWithPvtData -\u003e INFO 089\u001b[0m [mychannel] Committed block [15] with 1 transaction(s) in 96ms (state_validation=0ms block_commit=76ms state_commit=1ms)\n","stream":"stderr","time":"2019-03-12T16:26:37.166162601Z"}
{"log":"\u001b[34m2019-03-12 16:26:47.175 UTC [gossip.privdata] StoreBlock -\u003e INFO 08a\u001b[0m [mychannel] Received block [16] from buffer\n","stream":"stderr","time":"2019-03-12T16:26:47.176165786Z"}
{"log":"\u001b[34m2019-03-12 16:26:47.176 UTC [committer.txvalidator] Validate -\u003e INFO 08b\u001b[0m [mychannel] Validated block [16] in 0ms\n","stream":"stderr","time":"2019-03-12T16:26:47.177067126Z"}
{"log":"\u001b[34m2019-03-12 16:26:47.261 UTC [kvledger] CommitWithPvtData -\u003e INFO 08c\u001b[0m [mychannel] Committed block [16] with 1 transaction(s) in 84ms (state_validation=0ms block_commit=55ms state_commit=18ms)\n","stream":"stderr","time":"2019-03-12T16:26:47.26188074Z"}
{"log":"\u001b[34m2019-03-12 16:26:57.302 UTC [gossip.privdata] StoreBlock -\u003e INFO 08d\u001b[0m [mychannel] Received block [17] from buffer\n","stream":"stderr","time":"2019-03-12T16:26:57.302223103Z"}
{"log":"\u001b[34m2019-03-12 16:26:57.303 UTC [committer.txvalidator] Validate -\u003e INFO 08e\u001b[0m [mychannel] Validated block [17] in 1ms\n","stream":"stderr","time":"2019-03-12T16:26:57.303456411Z"}
{"log":"\u001b[34m2019-03-12 16:26:57.394 UTC [kvledger] CommitWithPvtData -\u003e INFO 08f\u001b[0m [mychannel] Committed block [17] with 1 transaction(s) in 90ms (state_validation=0ms block_commit=64ms state_commit=8ms)\n","stream":"stderr","time":"2019-03-12T16:26:57.394397579Z"}
{"log":"\u001b[34m2019-03-12 16:27:07.411 UTC [gossip.privdata] StoreBlock -\u003e INFO 090\u001b[0m [mychannel] Received block [18] from buffer\n","stream":"stderr","time":"2019-03-12T16:27:07.412098595Z"}
{"log":"\u001b[34m2019-03-12 16:27:07.412 UTC [committer.txvalidator] Validate -\u003e INFO 091\u001b[0m [mychannel] Validated block [18] in 0ms\n","stream":"stderr","time":"2019-03-12T16:27:07.412921504Z"}
{"log":"\u001b[34m2019-03-12 16:27:07.494 UTC [kvledger] CommitWithPvtData -\u003e INFO 092\u001b[0m [mychannel] Committed block [18] with 1 transaction(s) in 81ms (state_validation=0ms block_commit=53ms state_commit=1ms)\n","stream":"stderr","time":"2019-03-12T16:27:07.494656421Z"}
{"log":"\u001b[34m2019-03-12 16:27:17.524 UTC [gossip.privdata] StoreBlock -\u003e INFO 093\u001b[0m [mychannel] Received block [19] from buffer\n","stream":"stderr","time":"2019-03-12T16:27:17.524257606Z"}
{"log":"\u001b[34m2019-03-12 16:27:17.524 UTC [committer.txvalidator] Validate -\u003e INFO 094\u001b[0m [mychannel] Validated block [19] in 0ms\n","stream":"stderr","time":"2019-03-12T16:27:17.525061939Z"}
{"log":"\u001b[34m2019-03-12 16:27:17.625 UTC [kvledger] CommitWithPvtData -\u003e INFO 095\u001b[0m [mychannel] Committed block [19] with 1 transaction(s) in 99ms (state_validation=0ms block_commit=55ms state_commit=35ms)\n","stream":"stderr","time":"2019-03-12T16:27:17.625254206Z"}
{"log":"\u001b[34m2019-03-12 16:27:27.640 UTC [gossip.privdata] StoreBlock -\u003e INFO 096\u001b[0m [mychannel] Received block [20] from buffer\n","stream":"stderr","time":"2019-03-12T16:27:27.640487957Z"}
{"log":"\u001b[34m2019-03-12 16:27:27.641 UTC [committer.txvalidator] Validate -\u003e INFO 097\u001b[0m [mychannel] Validated block [20] in 1ms\n","stream":"stderr","time":"2019-03-12T16:27:27.641523658Z"}
{"log":"\u001b[34m2019-03-12 16:27:27.725 UTC [kvledger] CommitWithPvtData -\u003e INFO 098\u001b[0m [mychannel] Committed block [20] with 1 transaction(s) in 83ms (state_validation=0ms block_commit=66ms state_commit=8ms)\n","stream":"stderr","time":"2019-03-12T16:27:27.725541221Z"}
{"log":"\u001b[34m2019-03-12 16:27:37.755 UTC [gossip.privdata] StoreBlock -\u003e INFO 099\u001b[0m [mychannel] Received block [21] from buffer\n","stream":"stderr","time":"2019-03-12T16:27:37.756040856Z"}
{"log":"\u001b[34m2019-03-12 16:27:37.757 UTC [committer.txvalidator] Validate -\u003e INFO 09a\u001b[0m [mychannel] Validated block [21] in 1ms\n","stream":"stderr","time":"2019-03-12T16:27:37.75745831Z"}
{"log":"\u001b[34m2019-03-12 16:27:37.861 UTC [kvledger] CommitWithPvtData -\u003e INFO 09b\u001b[0m [mychannel] Committed block [21] with 1 transaction(s) in 103ms (state_validation=0ms block_commit=74ms state_commit=19ms)\n","stream":"stderr","time":"2019-03-12T16:27:37.8616964Z"}
{"log":"\u001b[34m2019-03-12 16:27:47.871 UTC [gossip.privdata] StoreBlock -\u003e INFO 09c\u001b[0m [mychannel] Received block [22] from buffer\n","stream":"stderr","time":"2019-03-12T16:27:47.871284731Z"}
{"log":"\u001b[34m2019-03-12 16:27:47.873 UTC [committer.txvalidator] Validate -\u003e INFO 09d\u001b[0m [mychannel] Validated block [22] in 2ms\n","stream":"stderr","time":"2019-03-12T16:27:47.873477533Z"}
{"log":"\u001b[34m2019-03-12 16:27:47.955 UTC [kvledger] CommitWithPvtData -\u003e INFO 09e\u001b[0m [mychannel] Committed block [22] with 1 transaction(s) in 81ms (state_validation=0ms block_commit=54ms state_commit=9ms)\n","stream":"stderr","time":"2019-03-12T16:27:47.955803441Z"}
{"log":"\u001b[34m2019-03-12 16:27:57.975 UTC [gossip.privdata] StoreBlock -\u003e INFO 09f\u001b[0m [mychannel] Received block [23] from buffer\n","stream":"stderr","time":"2019-03-12T16:27:57.975407392Z"}
{"log":"\u001b[34m2019-03-12 16:27:57.976 UTC [committer.txvalidator] Validate -\u003e INFO 0a0\u001b[0m [mychannel] Validated block [23] in 1ms\n","stream":"stderr","time":"2019-03-12T16:27:57.976929027Z"}
{"log":"\u001b[34m2019-03-12 16:27:58.080 UTC [kvledger] CommitWithPvtData -\u003e INFO 0a1\u001b[0m [mychannel] Committed block [23] with 1 transaction(s) in 103ms (state_validation=0ms block_commit=84ms state_commit=2ms)\n","stream":"stderr","time":"2019-03-12T16:27:58.081230801Z"}
{"log":"\u001b[34m2019-03-12 16:28:08.090 UTC [gossip.privdata] StoreBlock -\u003e INFO 0a2\u001b[0m [mychannel] Received block [24] from buffer\n","stream":"stderr","time":"2019-03-12T16:28:08.09159059Z"}
{"log":"\u001b[34m2019-03-12 16:28:08.091 UTC [committer.txvalidator] Validate -\u003e INFO 0a3\u001b[0m [mychannel] Validated block [24] in 1ms\n","stream":"stderr","time":"2019-03-12T16:28:08.091920443Z"}
{"log":"\u001b[34m2019-03-12 16:28:08.182 UTC [kvledger] CommitWithPvtData -\u003e INFO 0a4\u001b[0m [mychannel] Committed block [24] with 1 transaction(s) in 90ms (state_validation=0ms block_commit=47ms state_commit=34ms)\n","stream":"stderr","time":"2019-03-12T16:28:08.183189481Z"}
{"log":"\u001b[34m2019-03-12 16:28:18.201 UTC [gossip.privdata] StoreBlock -\u003e INFO 0a5\u001b[0m [mychannel] Received block [25] from buffer\n","stream":"stderr","time":"2019-03-12T16:28:18.201393148Z"}
{"log":"\u001b[34m2019-03-12 16:28:18.203 UTC [committer.txvalidator] Validate -\u003e INFO 0a6\u001b[0m [mychannel] Validated block [25] in 2ms\n","stream":"stderr","time":"2019-03-12T16:28:18.203978275Z"}
{"log":"\u001b[34m2019-03-12 16:28:18.277 UTC [kvledger] CommitWithPvtData -\u003e INFO 0a7\u001b[0m [mychannel] Committed block [25] with 1 transaction(s) in 73ms (state_validation=0ms block_commit=46ms state_commit=18ms)\n","stream":"stderr","time":"2019-03-12T16:28:18.277927905Z"}
{"log":"\u001b[34m2019-03-12 16:28:28.328 UTC [gossip.privdata] StoreBlock -\u003e INFO 0a8\u001b[0m [mychannel] Received block [26] from buffer\n","stream":"stderr","time":"2019-03-12T16:28:28.32840519Z"}
{"log":"\u001b[34m2019-03-12 16:28:28.329 UTC [committer.txvalidator] Validate -\u003e INFO 0a9\u001b[0m [mychannel] Validated block [26] in 0ms\n","stream":"stderr","time":"2019-03-12T16:28:28.329396989Z"}
{"log":"\u001b[34m2019-03-12 16:28:28.405 UTC [kvledger] CommitWithPvtData -\u003e INFO 0aa\u001b[0m [mychannel] Committed block [26] with 1 transaction(s) in 76ms (state_validation=0ms block_commit=58ms state_commit=8ms)\n","stream":"stderr","time":"2019-03-12T16:28:28.405989117Z"}
{"log":"\u001b[34m2019-03-12 16:28:38.447 UTC [gossip.privdata] StoreBlock -\u003e INFO 0ab\u001b[0m [mychannel] Received block [27] from buffer\n","stream":"stderr","time":"2019-03-12T16:28:38.448061719Z"}
{"log":"\u001b[34m2019-03-12 16:28:38.449 UTC [committer.txvalidator] Validate -\u003e INFO 0ac\u001b[0m [mychannel] Validated block [27] in 1ms\n","stream":"stderr","time":"2019-03-12T16:28:38.449838028Z"}
{"log":"\u001b[34m2019-03-12 16:28:38.528 UTC [kvledger] CommitWithPvtData -\u003e INFO 0ad\u001b[0m [mychannel] Committed block [27] with 1 transaction(s) in 78ms (state_validation=0ms block_commit=59ms state_commit=10ms)\n","stream":"stderr","time":"2019-03-12T16:28:38.528934118Z"}
{"log":"\u001b[34m2019-03-12 16:28:48.558 UTC [gossip.privdata] StoreBlock -\u003e INFO 0ae\u001b[0m [mychannel] Received block [28] from buffer\n","stream":"stderr","time":"2019-03-12T16:28:48.558446914Z"}
{"log":"\u001b[34m2019-03-12 16:28:48.559 UTC [committer.txvalidator] Validate -\u003e INFO 0af\u001b[0m [mychannel] Validated block [28] in 1ms\n","stream":"stderr","time":"2019-03-12T16:28:48.559805952Z"}
{"log":"\u001b[34m2019-03-12 16:28:48.647 UTC [kvledger] CommitWithPvtData -\u003e INFO 0b0\u001b[0m [mychannel] Committed block [28] with 1 transaction(s) in 87ms (state_validation=0ms block_commit=68ms state_commit=1ms)\n","stream":"stderr","time":"2019-03-12T16:28:48.647736393Z"}
{"log":"\u001b[34m2019-03-12 16:28:58.658 UTC [gossip.privdata] StoreBlock -\u003e INFO 0b1\u001b[0m [mychannel] Received block [29] from buffer\n","stream":"stderr","time":"2019-03-12T16:28:58.658823415Z"}
{"log":"\u001b[34m2019-03-12 16:28:58.659 UTC [committer.txvalidator] Validate -\u003e INFO 0b2\u001b[0m [mychannel] Validated block [29] in 0ms\n","stream":"stderr","time":"2019-03-12T16:28:58.659750495Z"}
{"log":"\u001b[34m2019-03-12 16:28:58.756 UTC [kvledger] CommitWithPvtData -\u003e INFO 0b3\u001b[0m [mychannel] Committed block [29] with 1 transaction(s) in 96ms (state_validation=0ms block_commit=58ms state_commit=27ms)\n","stream":"stderr","time":"2019-03-12T16:28:58.7565913Z"}
{"log":"\u001b[34m2019-03-12 16:29:08.774 UTC [gossip.privdata] StoreBlock -\u003e INFO 0b4\u001b[0m [mychannel] Received block [30] from buffer\n","stream":"stderr","time":"2019-03-12T16:29:08.774585146Z"}
{"log":"\u001b[34m2019-03-12 16:29:08.777 UTC [committer.txvalidator] Validate -\u003e INFO 0b5\u001b[0m [mychannel] Validated block [30] in 3ms\n","stream":"stderr","time":"2019-03-12T16:29:08.778209286Z"}
{"log":"\u001b[34m2019-03-12 16:29:08.853 UTC [kvledger] CommitWithPvtData -\u003e INFO 0b6\u001b[0m [mychannel] Committed block [30] with 1 transaction(s) in 74ms (state_validation=0ms block_commit=63ms state_commit=8ms)\n","stream":"stderr","time":"2019-03-12T16:29:08.853778078Z"}
{"log":"\u001b[34m2019-03-12 17:05:38.192 UTC [gossip.privdata] StoreBlock -\u003e INFO 0b7\u001b[0m [mychannel] Received block [31] from buffer\n","stream":"stderr","time":"2019-03-12T17:05:38.192570745Z"}
{"log":"\u001b[34m2019-03-12 17:05:38.193 UTC [committer.txvalidator] Validate -\u003e INFO 0b8\u001b[0m [mychannel] Validated block [31] in 1ms\n","stream":"stderr","time":"2019-03-12T17:05:38.19407876Z"}
{"log":"\u001b[34m2019-03-12 17:05:38.297 UTC [kvledger] CommitWithPvtData -\u003e INFO 0b9\u001b[0m [mychannel] Committed block [31] with 1 transaction(s) in 103ms (state_validation=0ms block_commit=78ms state_commit=22ms)\n","stream":"stderr","time":"2019-03-12T17:05:38.297711894Z"}
{"log":"\u001b[34m2019-03-12 17:06:41.938 UTC [gossip.privdata] StoreBlock -\u003e INFO 0ba\u001b[0m [mychannel] Received block [32] from buffer\n","stream":"stderr","time":"2019-03-12T17:06:41.93923995Z"}
{"log":"\u001b[34m2019-03-12 17:06:41.941 UTC [committer.txvalidator] Validate -\u003e INFO 0bb\u001b[0m [mychannel] Validated block [32] in 2ms\n","stream":"stderr","time":"2019-03-12T17:06:41.941476753Z"}
{"log":"\u001b[34m2019-03-12 17:06:42.028 UTC [kvledger] CommitWithPvtData -\u003e INFO 0bc\u001b[0m [mychannel] Committed block [32] with 6 transaction(s) in 87ms (state_validation=0ms block_commit=69ms state_commit=8ms)\n","stream":"stderr","time":"2019-03-12T17:06:42.029062236Z"}
{"log":"\u001b[34m2019-03-12 17:06:52.132 UTC [gossip.privdata] StoreBlock -\u003e INFO 0bd\u001b[0m [mychannel] Received block [33] from buffer\n","stream":"stderr","time":"2019-03-12T17:06:52.132999621Z"}
{"log":"\u001b[34m2019-03-12 17:06:52.138 UTC [committer.txvalidator] Validate -\u003e INFO 0be\u001b[0m [mychannel] Validated block [33] in 5ms\n","stream":"stderr","time":"2019-03-12T17:06:52.138720591Z"}
{"log":"\u001b[34m2019-03-12 17:06:52.234 UTC [kvledger] CommitWithPvtData -\u003e INFO 0bf\u001b[0m [mychannel] Committed block [33] with 7 transaction(s) in 95ms (state_validation=0ms block_commit=82ms state_commit=11ms)\n","stream":"stderr","time":"2019-03-12T17:06:52.235166119Z"}
{"log":"\u001b[34m2019-03-12 17:37:31.437 UTC [comm.grpc.server] 1 -\u003e INFO 0c0\u001b[0m streaming call completed {\"grpc.start_time\": \"2019-03-12T15:32:12.548Z\", \"grpc.service\": \"gossip.Gossip\", \"grpc.method\": \"GossipStream\", \"grpc.peer_address\": \"172.19.0.2:45220\", \"grpc.peer_subject\": \"CN=peer0.org1.example.com,L=San Francisco,ST=California,C=US\", \"error\": \"rpc error: code = Canceled desc = context canceled\", \"grpc.code\": \"Canceled\", \"grpc.call_duration\": \"2h5m18.889336009s\"}\n","stream":"stderr","time":"2019-03-12T17:37:31.438657669Z"}
{"log":"\u001b[33m2019-03-12 17:37:31.454 UTC [gossip.comm] func1 -\u003e WARN 0c1\u001b[0m peer1.org1.example.com:7051, PKIid:1f18112adb4935de45ef4d9702129cf468e8ff4ebecaf35f427740bd61ec1858 isn't responsive: EOF\n","stream":"stderr","time":"2019-03-12T17:37:31.455316451Z"}
{"log":"\u001b[33m2019-03-12 17:37:31.455 UTC [gossip.discovery] expireDeadMembers -\u003e WARN 0c2\u001b[0m Entering [1f18112adb4935de45ef4d9702129cf468e8ff4ebecaf35f427740bd61ec1858]\n","stream":"stderr","time":"2019-03-12T17:37:31.455411116Z"}
{"log":"\u001b[33m2019-03-12 17:37:31.455 UTC [gossip.discovery] expireDeadMembers -\u003e WARN 0c3\u001b[0m Closing connection to Endpoint: peer1.org1.example.com:7051, InternalEndpoint: , PKI-ID: 1f18112adb4935de45ef4d9702129cf468e8ff4ebecaf35f427740bd61ec1858, Metadata: \n","stream":"stderr","time":"2019-03-12T17:37:31.455418176Z"}
{"log":"\u001b[33m2019-03-12 17:37:31.455 UTC [gossip.discovery] expireDeadMembers -\u003e WARN 0c4\u001b[0m Exiting\n","stream":"stderr","time":"2019-03-12T17:37:31.455424357Z"}
{"log":"\u001b[34m2019-03-12 17:37:31.462 UTC [nodeCmd] handleSignals -\u003e INFO 0c5\u001b[0m Received signal: 15 (terminated)\n","stream":"stderr","time":"2019-03-12T17:37:31.462576157Z"}
{"log":"\u001b[34m2019-03-12 17:37:31.462 UTC [gossip.service] Stop -\u003e INFO 0c6\u001b[0m Stopping chain mychannel\n","stream":"stderr","time":"2019-03-12T17:37:31.462611572Z"}
{"log":"\u001b[34m2019-03-12 17:37:31.462 UTC [gossip.service] Stop -\u003e INFO 0c7\u001b[0m Stopping leader election for mychannel\n","stream":"stderr","time":"2019-03-12T17:37:31.462619189Z"}
{"log":"\u001b[34m2019-03-12 17:37:31.462 UTC [gossip.gossip] Stop -\u003e INFO 0c8\u001b[0m Stopping gossip\n","stream":"stderr","time":"2019-03-12T17:37:31.462777743Z"}
{"log":"\u001b[34m2019-03-12 17:37:31.462 UTC [gossip.discovery] Stop -\u003e INFO 0c9\u001b[0m Stopping\n","stream":"stderr","time":"2019-03-12T17:37:31.462790377Z"}
{"log":"\u001b[34m2019-03-12 17:37:31.462 UTC [gossip.discovery] Stop -\u003e INFO 0ca\u001b[0m Stopped\n","stream":"stderr","time":"2019-03-12T17:37:31.462796318Z"}
{"log":"\u001b[34m2019-03-12 17:37:31.462 UTC [gossip.comm] Stop -\u003e INFO 0cb\u001b[0m Stopping\n","stream":"stderr","time":"2019-03-12T17:37:31.462802637Z"}
{"log":"\u001b[34m2019-03-12 17:37:31.462 UTC [gossip.comm] Stop -\u003e INFO 0cc\u001b[0m Stopped\n","stream":"stderr","time":"2019-03-12T17:37:31.463232292Z"}
