{"log":"\u001b[34m2019-03-12 15:31:52.596 UTC [nodeCmd] serve -\u003e INFO 001\u001b[0m Starting peer:\n","stream":"stderr","time":"2019-03-12T15:31:52.597035781Z"}
{"log":" Version: 1.4.0\n","stream":"stderr","time":"2019-03-12T15:31:52.59709264Z"}
{"log":" Commit SHA: d700b43\n","stream":"stderr","time":"2019-03-12T15:31:52.597101248Z"}
{"log":" Go version: go1.11.1\n","stream":"stderr","time":"2019-03-12T15:31:52.597106124Z"}
{"log":" OS/Arch: linux/amd64\n","stream":"stderr","time":"2019-03-12T15:31:52.597110616Z"}
{"log":" Chaincode:\n","stream":"stderr","time":"2019-03-12T15:31:52.597115099Z"}
{"log":"  Base Image Version: 0.4.14\n","stream":"stderr","time":"2019-03-12T15:31:52.597121849Z"}
{"log":"  Base Docker Namespace: hyperledger\n","stream":"stderr","time":"2019-03-12T15:31:52.59712827Z"}
{"log":"  Base Docker Label: org.hyperledger.fabric\n","stream":"stderr","time":"2019-03-12T15:31:52.597132996Z"}
{"log":"  Docker Namespace: hyperledger\n","stream":"stderr","time":"2019-03-12T15:31:52.597137729Z"}
{"log":"\u001b[34m2019-03-12 15:31:52.597 UTC [ledgermgmt] initialize -\u003e INFO 002\u001b[0m Initializing ledger mgmt\n","stream":"stderr","time":"2019-03-12T15:31:52.597621917Z"}
{"log":"\u001b[34m2019-03-12 15:31:52.597 UTC [kvledger] NewProvider -\u003e INFO 003\u001b[0m Initializing ledger provider\n","stream":"stderr","time":"2019-03-12T15:31:52.597645235Z"}
{"log":"\u001b[34m2019-03-12 15:31:52.692 UTC [kvledger] NewProvider -\u003e INFO 004\u001b[0m ledger provider Initialized\n","stream":"stderr","time":"2019-03-12T15:31:52.692550776Z"}
{"log":"\u001b[34m2019-03-12 15:31:52.749 UTC [ledgermgmt] initialize -\u003e INFO 005\u001b[0m ledger mgmt initialized\n","stream":"stderr","time":"2019-03-12T15:31:52.749634801Z"}
{"log":"\u001b[34m2019-03-12 15:31:52.749 UTC [peer] func1 -\u003e INFO 006\u001b[0m Auto-detected peer address: 172.19.0.5:7051\n","stream":"stderr","time":"2019-03-12T15:31:52.749659829Z"}
{"log":"\u001b[34m2019-03-12 15:31:52.749 UTC [peer] func1 -\u003e INFO 007\u001b[0m Returning peer1.org1.example.com:7051\n","stream":"stderr","time":"2019-03-12T15:31:52.749863465Z"}
{"log":"\u001b[34m2019-03-12 15:31:52.749 UTC [peer] func1 -\u003e INFO 008\u001b[0m Auto-detected peer address: 172.19.0.5:7051\n","stream":"stderr","time":"2019-03-12T15:31:52.749895234Z"}
{"log":"\u001b[34m2019-03-12 15:31:52.750 UTC [peer] func1 -\u003e INFO 009\u001b[0m Returning peer1.org1.example.com:7051\n","stream":"stderr","time":"2019-03-12T15:31:52.750167169Z"}
{"log":"\u001b[34m2019-03-12 15:31:52.751 UTC [nodeCmd] serve -\u003e INFO 00a\u001b[0m Starting peer with TLS enabled\n","stream":"stderr","time":"2019-03-12T15:31:52.751245001Z"}
{"log":"\u001b[34m2019-03-12 15:31:52.752 UTC [nodeCmd] computeChaincodeEndpoint -\u003e INFO 00b\u001b[0m Entering computeChaincodeEndpoint with peerHostname: peer1.org1.example.com\n","stream":"stderr","time":"2019-03-12T15:31:52.752452236Z"}
{"log":"\u001b[34m2019-03-12 15:31:52.752 UTC [nodeCmd] computeChaincodeEndpoint -\u003e INFO 00c\u001b[0m Exit with ccEndpoint: peer1.org1.example.com:7052\n","stream":"stderr","time":"2019-03-12T15:31:52.75279562Z"}
{"log":"\u001b[33m2019-03-12 15:31:52.752 UTC [nodeCmd] createChaincodeServer -\u003e WARN 00d\u001b[0m peer.chaincodeListenAddress is not set, using peer1.org1.example.com:7052\n","stream":"stderr","time":"2019-03-12T15:31:52.752977925Z"}
{"log":"\u001b[34m2019-03-12 15:31:52.754 UTC [sccapi] registerSysCC -\u003e INFO 00e\u001b[0m system chaincode lscc(github.com/hyperledger/fabric/core/scc/lscc) registered\n","stream":"stderr","time":"2019-03-12T15:31:52.755102027Z"}
{"log":"\u001b[34m2019-03-12 15:31:52.754 UTC [sccapi] registerSysCC -\u003e INFO 00f\u001b[0m system chaincode cscc(github.com/hyperledger/fabric/core/scc/cscc) registered\n","stream":"stderr","time":"2019-03-12T15:31:52.755130507Z"}
{"log":"\u001b[34m2019-03-12 15:31:52.755 UTC [sccapi] registerSysCC -\u003e INFO 010\u001b[0m system chaincode qscc(github.com/hyperledger/fabric/core/scc/qscc) registered\n","stream":"stderr","time":"2019-03-12T15:31:52.75516023Z"}
{"log":"\u001b[34m2019-03-12 15:31:52.755 UTC [sccapi] registerSysCC -\u003e INFO 011\u001b[0m system chaincode (+lifecycle,github.com/hyperledger/fabric/core/chaincode/lifecycle,true) disabled\n","stream":"stderr","time":"2019-03-12T15:31:52.755201903Z"}
{"log":"\u001b[34m2019-03-12 15:31:52.759 UTC [gossip.service] func1 -\u003e INFO 012\u001b[0m Initialize gossip with endpoint peer1.org1.example.com:7051 and bootstrap set [peer0.org1.example.com:7051]\n","stream":"stderr","time":"2019-03-12T15:31:52.760000374Z"}
{"log":"\u001b[34m2019-03-12 15:31:52.763 UTC [gossip.gossip] NewGossipService -\u003e INFO 013\u001b[0m Creating gossip service with self membership of Endpoint: peer1.org1.example.com:7051, InternalEndpoint: peer1.org1.example.com:7051, PKI-ID: 1f18112adb4935de45ef4d9702129cf468e8ff4ebecaf35f427740bd61ec1858, Metadata: \n","stream":"stderr","time":"2019-03-12T15:31:52.763891326Z"}
{"log":"\u001b[34m2019-03-12 15:31:52.764 UTC [gossip.gossip] start -\u003e INFO 014\u001b[0m Gossip instance peer1.org1.example.com:7051 started\n","stream":"stderr","time":"2019-03-12T15:31:52.765061873Z"}
{"log":"\u001b[34m2019-03-12 15:31:52.765 UTC [sccapi] deploySysCC -\u003e INFO 015\u001b[0m system chaincode lscc/(github.com/hyperledger/fabric/core/scc/lscc) deployed\n","stream":"stderr","time":"2019-03-12T15:31:52.765704628Z"}
{"log":"\u001b[34m2019-03-12 15:31:52.766 UTC [cscc] Init -\u003e INFO 016\u001b[0m Init CSCC\n","stream":"stderr","time":"2019-03-12T15:31:52.766365219Z"}
{"log":"\u001b[34m2019-03-12 15:31:52.766 UTC [sccapi] deploySysCC -\u003e INFO 017\u001b[0m system chaincode cscc/(github.com/hyperledger/fabric/core/scc/cscc) deployed\n","stream":"stderr","time":"2019-03-12T15:31:52.7663946Z"}
{"log":"\u001b[34m2019-03-12 15:31:52.766 UTC [qscc] Init -\u003e INFO 018\u001b[0m Init QSCC\n","stream":"stderr","time":"2019-03-12T15:31:52.76696941Z"}
{"log":"\u001b[34m2019-03-12 15:31:52.766 UTC [sccapi] deploySysCC -\u003e INFO 019\u001b[0m system chaincode qscc/(github.com/hyperledger/fabric/core/scc/qscc) deployed\n","stream":"stderr","time":"2019-03-12T15:31:52.766980524Z"}
{"log":"\u001b[34m2019-03-12 15:31:52.766 UTC [sccapi] deploySysCC -\u003e INFO 01a\u001b[0m system chaincode (+lifecycle,github.com/hyperledger/fabric/core/chaincode/lifecycle) disabled\n","stream":"stderr","time":"2019-03-12T15:31:52.766984761Z"}
{"log":"\u001b[34m2019-03-12 15:31:52.766 UTC [nodeCmd] serve -\u003e INFO 01b\u001b[0m Deployed system chaincodes\n","stream":"stderr","time":"2019-03-12T15:31:52.766988155Z"}
{"log":"\u001b[34m2019-03-12 15:31:52.767 UTC [discovery] NewService -\u003e INFO 01c\u001b[0m Created with config TLS: true, authCacheMaxSize: 1000, authCachePurgeRatio: 0.750000\n","stream":"stderr","time":"2019-03-12T15:31:52.768006969Z"}
{"log":"\u001b[34m2019-03-12 15:31:52.767 UTC [nodeCmd] registerDiscoveryService -\u003e INFO 01d\u001b[0m Discovery service activated\n","stream":"stderr","time":"2019-03-12T15:31:52.768020914Z"}
{"log":"\u001b[34m2019-03-12 15:31:52.767 UTC [nodeCmd] serve -\u003e INFO 01e\u001b[0m Starting peer with ID=[name:\"peer1.org1.example.com\" ], network ID=[dev], address=[peer1.org1.example.com:7051]\n","stream":"stderr","time":"2019-03-12T15:31:52.768096536Z"}
{"log":"\u001b[34m2019-03-12 15:31:52.768 UTC [nodeCmd] serve -\u003e INFO 01f\u001b[0m Started peer with ID=[name:\"peer1.org1.example.com\" ], network ID=[dev], address=[peer1.org1.example.com:7051]\n","stream":"stderr","time":"2019-03-12T15:31:52.76834874Z"}
{"log":"\u001b[34m2019-03-12 15:31:52.768 UTC [nodeCmd] func8 -\u003e INFO 020\u001b[0m Starting profiling server with listenAddress = 0.0.0.0:6060\n","stream":"stderr","time":"2019-03-12T15:31:52.768359513Z"}
{"log":"\u001b[34m2019-03-12 15:31:59.656 UTC [endorser] callChaincode -\u003e INFO 021\u001b[0m [][62fe76ed] Entry chaincode: name:\"cscc\" \n","stream":"stderr","time":"2019-03-12T15:31:59.656303706Z"}
{"log":"\u001b[34m2019-03-12 15:31:59.657 UTC [ledgermgmt] CreateLedger -\u003e INFO 022\u001b[0m Creating ledger [mychannel] with genesis block\n","stream":"stderr","time":"2019-03-12T15:31:59.657967004Z"}
{"log":"\u001b[34m2019-03-12 15:31:59.660 UTC [fsblkstorage] newBlockfileMgr -\u003e INFO 023\u001b[0m Getting block information from block storage\n","stream":"stderr","time":"2019-03-12T15:31:59.660732647Z"}
{"log":"\u001b[34m2019-03-12 15:31:59.713 UTC [kvledger] CommitWithPvtData -\u003e INFO 024\u001b[0m [mychannel] Committed block [0] with 1 transaction(s) in 48ms (state_validation=1ms block_commit=36ms state_commit=2ms)\n","stream":"stderr","time":"2019-03-12T15:31:59.713852435Z"}
{"log":"\u001b[34m2019-03-12 15:31:59.721 UTC [ledgermgmt] CreateLedger -\u003e INFO 025\u001b[0m Created ledger [mychannel] with genesis block\n","stream":"stderr","time":"2019-03-12T15:31:59.722010199Z"}
{"log":"\u001b[34m2019-03-12 15:31:59.727 UTC [gossip.gossip] JoinChan -\u003e INFO 026\u001b[0m Joining gossip network of channel mychannel with 2 organizations\n","stream":"stderr","time":"2019-03-12T15:31:59.728176115Z"}
{"log":"\u001b[34m2019-03-12 15:31:59.727 UTC [gossip.gossip] learnAnchorPeers -\u003e INFO 027\u001b[0m No configured anchor peers of Org2MSP for channel mychannel to learn about\n","stream":"stderr","time":"2019-03-12T15:31:59.728204371Z"}
{"log":"\u001b[34m2019-03-12 15:31:59.727 UTC [gossip.gossip] learnAnchorPeers -\u003e INFO 028\u001b[0m No configured anchor peers of Org1MSP for channel mychannel to learn about\n","stream":"stderr","time":"2019-03-12T15:31:59.728210468Z"}
{"log":"\u001b[34m2019-03-12 15:31:59.744 UTC [gossip.state] NewGossipStateProvider -\u003e INFO 029\u001b[0m Updating metadata information, current ledger sequence is at = 0, next expected block is = 1\n","stream":"stderr","time":"2019-03-12T15:31:59.744752616Z"}
{"log":"\u001b[34m2019-03-12 15:31:59.745 UTC [sccapi] deploySysCC -\u003e INFO 02a\u001b[0m system chaincode lscc/mychannel(github.com/hyperledger/fabric/core/scc/lscc) deployed\n","stream":"stderr","time":"2019-03-12T15:31:59.745510298Z"}
{"log":"\u001b[34m2019-03-12 15:31:59.745 UTC [cscc] Init -\u003e INFO 02b\u001b[0m Init CSCC\n","stream":"stderr","time":"2019-03-12T15:31:59.745759551Z"}
{"log":"\u001b[34m2019-03-12 15:31:59.745 UTC [sccapi] deploySysCC -\u003e INFO 02c\u001b[0m system chaincode cscc/mychannel(github.com/hyperledger/fabric/core/scc/cscc) deployed\n","stream":"stderr","time":"2019-03-12T15:31:59.745772862Z"}
{"log":"\u001b[34m2019-03-12 15:31:59.745 UTC [qscc] Init -\u003e INFO 02d\u001b[0m Init QSCC\n","stream":"stderr","time":"2019-03-12T15:31:59.745956456Z"}
{"log":"\u001b[34m2019-03-12 15:31:59.745 UTC [sccapi] deploySysCC -\u003e INFO 02e\u001b[0m system chaincode qscc/mychannel(github.com/hyperledger/fabric/core/scc/qscc) deployed\n","stream":"stderr","time":"2019-03-12T15:31:59.745966942Z"}
{"log":"\u001b[34m2019-03-12 15:31:59.745 UTC [sccapi] deploySysCC -\u003e INFO 02f\u001b[0m system chaincode (+lifecycle,github.com/hyperledger/fabric/core/chaincode/lifecycle) disabled\n","stream":"stderr","time":"2019-03-12T15:31:59.746000214Z"}
{"log":"\u001b[34m2019-03-12 15:31:59.746 UTC [endorser] callChaincode -\u003e INFO 030\u001b[0m [][62fe76ed] Exit chaincode: name:\"cscc\"  (90ms)\n","stream":"stderr","time":"2019-03-12T15:31:59.746324954Z"}
{"log":"\u001b[34m2019-03-12 15:31:59.746 UTC [comm.grpc.server] 1 -\u003e INFO 031\u001b[0m unary call completed {\"grpc.start_time\": \"2019-03-12T15:31:59.653Z\", \"grpc.service\": \"protos.Endorser\", \"grpc.method\": \"ProcessProposal\", \"grpc.peer_address\": \"172.19.0.7:51802\", \"grpc.code\": \"OK\", \"grpc.call_duration\": \"92.343642ms\"}\n","stream":"stderr","time":"2019-03-12T15:31:59.746340863Z"}
{"log":"\u001b[34m2019-03-12 15:32:02.570 UTC [gossip.election] leaderElection -\u003e INFO 032\u001b[0m 1f18112adb4935de45ef4d9702129cf468e8ff4ebecaf35f427740bd61ec1858 : Some peer is already a leader\n","stream":"stderr","time":"2019-03-12T15:32:02.570692409Z"}
{"log":"\u001b[34m2019-03-12 15:32:04.730 UTC [gossip.channel] reportMembershipChanges -\u003e INFO 033\u001b[0m Membership view has changed. peers went online:  [[peer0.org1.example.com:7051]] , current view:  [[peer0.org1.example.com:7051]]\n","stream":"stderr","time":"2019-03-12T15:32:04.730343551Z"}
{"log":"\u001b[34m2019-03-12 15:32:09.243 UTC [gossip.privdata] StoreBlock -\u003e INFO 034\u001b[0m [mychannel] Received block [1] from buffer\n","stream":"stderr","time":"2019-03-12T15:32:09.243616901Z"}
{"log":"\u001b[34m2019-03-12 15:32:09.264 UTC [gossip.gossip] JoinChan -\u003e INFO 035\u001b[0m Joining gossip network of channel mychannel with 2 organizations\n","stream":"stderr","time":"2019-03-12T15:32:09.265381374Z"}
{"log":"\u001b[34m2019-03-12 15:32:09.265 UTC [gossip.gossip] learnAnchorPeers -\u003e INFO 036\u001b[0m No configured anchor peers of Org2MSP for channel mychannel to learn about\n","stream":"stderr","time":"2019-03-12T15:32:09.265404409Z"}
{"log":"\u001b[34m2019-03-12 15:32:09.265 UTC [gossip.gossip] learnAnchorPeers -\u003e INFO 037\u001b[0m Learning about the configured anchor peers of Org1MSP for channel mychannel : [{peer0.org1.example.com 7051}]\n","stream":"stderr","time":"2019-03-12T15:32:09.265488601Z"}
{"log":"\u001b[33m2019-03-12 15:32:09.265 UTC [gossip.service] updateEndpoints -\u003e WARN 038\u001b[0m Failed to update ordering service endpoints, due to Channel with mychannel id was not found\n","stream":"stderr","time":"2019-03-12T15:32:09.265803687Z"}
{"log":"\u001b[34m2019-03-12 15:32:09.268 UTC [committer.txvalidator] Validate -\u003e INFO 039\u001b[0m [mychannel] Validated block [1] in 25ms\n","stream":"stderr","time":"2019-03-12T15:32:09.26903978Z"}
{"log":"\u001b[33m2019-03-12 15:32:09.288 UTC [gossip.comm] func1 -\u003e WARN 03a\u001b[0m peer0.org1.example.com:7051, PKIid:0e10507a387282ac8c85f230b2d4387445c993346341a251b0f9fefeeabf5364 isn't responsive: EOF\n","stream":"stderr","time":"2019-03-12T15:32:09.28871117Z"}
{"log":"\u001b[33m2019-03-12 15:32:09.288 UTC [gossip.discovery] expireDeadMembers -\u003e WARN 03b\u001b[0m Entering [0e10507a387282ac8c85f230b2d4387445c993346341a251b0f9fefeeabf5364]\n","stream":"stderr","time":"2019-03-12T15:32:09.28879473Z"}
{"log":"\u001b[33m2019-03-12 15:32:09.288 UTC [gossip.discovery] expireDeadMembers -\u003e WARN 03c\u001b[0m Closing connection to Endpoint: peer0.org1.example.com:7051, InternalEndpoint: peer0.org1.example.com:7051, PKI-ID: 0e10507a387282ac8c85f230b2d4387445c993346341a251b0f9fefeeabf5364, Metadata: \n","stream":"stderr","time":"2019-03-12T15:32:09.288883832Z"}
{"log":"\u001b[33m2019-03-12 15:32:09.288 UTC [gossip.discovery] expireDeadMembers -\u003e WARN 03d\u001b[0m Exiting\n","stream":"stderr","time":"2019-03-12T15:32:09.288896987Z"}
{"log":"\u001b[34m2019-03-12 15:32:09.358 UTC [kvledger] CommitWithPvtData -\u003e INFO 03e\u001b[0m [mychannel] Committed block [1] with 1 transaction(s) in 89ms (state_validation=1ms block_commit=62ms state_commit=9ms)\n","stream":"stderr","time":"2019-03-12T15:32:09.359332021Z"}
{"log":"\u001b[34m2019-03-12 15:32:09.728 UTC [gossip.channel] reportMembershipChanges -\u003e INFO 03f\u001b[0m Membership view has changed. peers went offline:  [[peer0.org1.example.com:7051]] , current view:  []\n","stream":"stderr","time":"2019-03-12T15:32:09.728825596Z"}
{"log":"\u001b[34m2019-03-12 15:32:09.958 UTC [comm.grpc.server] 1 -\u003e INFO 040\u001b[0m unary call completed {\"grpc.start_time\": \"2019-03-12T15:32:09.958Z\", \"grpc.service\": \"gossip.Gossip\", \"grpc.method\": \"Ping\", \"grpc.request_deadline\": \"2019-03-12T15:32:11.957Z\", \"grpc.peer_address\": \"172.19.0.2:56850\", \"grpc.peer_subject\": \"CN=peer0.org1.example.com,L=San Francisco,ST=California,C=US\", \"grpc.code\": \"OK\", \"grpc.call_duration\": \"91.988µs\"}\n","stream":"stderr","time":"2019-03-12T15:32:09.958427277Z"}
{"log":"\u001b[33m2019-03-12 15:32:10.102 UTC [gossip.gossip] validateMsg -\u003e WARN 041\u001b[0m StateInfo message GossipMessage: tag:CHAN_OR_ORG state_info:\u003ctimestamp:\u003cinc_num:1552404726085780390 seq_num:1552404729370789949 \u003e pki_id:\"\\324|\\375\\240~\\005\\031D*\\245\\373\\334\\230\\367\\376\\343f+\\250_\\263\\267\\204C\\263\\331?\\236\\350\\254\\006\\341\" channel_MAC:\"\\315\\264p)\\220\\235w\\232\\373\\006\\260\\021\\032\\320\\366\\3017\\005\\275\\231\\372\\361\\373\\232\\037\\267\\262s\\022\\336[\\237\" properties:\u003cledger_height:2 \u003e \u003e , Envelope: 98 bytes, Signature: 71 bytes is found invalid: PKIID wasn't found\n","stream":"stderr","time":"2019-03-12T15:32:10.102761895Z"}
{"log":"\u001b[33m2019-03-12 15:32:10.102 UTC [gossip.gossip] handleMessage -\u003e WARN 042\u001b[0m Message GossipMessage: tag:CHAN_OR_ORG state_info:\u003ctimestamp:\u003cinc_num:1552404726085780390 seq_num:1552404729370789949 \u003e pki_id:\"\\324|\\375\\240~\\005\\031D*\\245\\373\\334\\230\\367\\376\\343f+\\250_\\263\\267\\204C\\263\\331?\\236\\350\\254\\006\\341\" channel_MAC:\"\\315\\264p)\\220\\235w\\232\\373\\006\\260\\021\\032\\320\\366\\3017\\005\\275\\231\\372\\361\\373\\232\\037\\267\\262s\\022\\336[\\237\" properties:\u003cledger_height:2 \u003e \u003e , Envelope: 98 bytes, Signature: 71 bytes isn't valid\n","stream":"stderr","time":"2019-03-12T15:32:10.102798364Z"}
{"log":"\u001b[33m2019-03-12 15:32:10.919 UTC [gossip.gossip] validateMsg -\u003e WARN 043\u001b[0m StateInfo message GossipMessage: tag:CHAN_OR_ORG state_info:\u003ctimestamp:\u003cinc_num:1552404722905640178 seq_num:1552404729359100753 \u003e pki_id:\"]=\\216\\363zu\\203Uz\\032\\200\\307\\240P\\261\\010J\\237\\022\\305k\\343a\\367\\212J\\210\\007\\272\\007\\t(\" channel_MAC:\";\\307\u003c\\370\\307\\204\\303F{\\024\\373\\340\\363\\333\\375{E\\027{pJ\\310i=\\245^\\200\\262\\331\\253\\356\\277\" properties:\u003cledger_height:2 \u003e \u003e , Envelope: 98 bytes, Signature: 71 bytes is found invalid: PKIID wasn't found\n","stream":"stderr","time":"2019-03-12T15:32:10.919888007Z"}
{"log":"\u001b[33m2019-03-12 15:32:10.919 UTC [gossip.gossip] handleMessage -\u003e WARN 044\u001b[0m Message GossipMessage: tag:CHAN_OR_ORG state_info:\u003ctimestamp:\u003cinc_num:1552404722905640178 seq_num:1552404729359100753 \u003e pki_id:\"]=\\216\\363zu\\203Uz\\032\\200\\307\\240P\\261\\010J\\237\\022\\305k\\343a\\367\\212J\\210\\007\\272\\007\\t(\" channel_MAC:\";\\307\u003c\\370\\307\\204\\303F{\\024\\373\\340\\363\\333\\375{E\\027{pJ\\310i=\\245^\\200\\262\\331\\253\\356\\277\" properties:\u003cledger_height:2 \u003e \u003e , Envelope: 98 bytes, Signature: 71 bytes isn't valid\n","stream":"stderr","time":"2019-03-12T15:32:10.919973035Z"}
{"log":"\u001b[34m2019-03-12 15:32:12.344 UTC [gossip.privdata] StoreBlock -\u003e INFO 045\u001b[0m [mychannel] Received block [2] from buffer\n","stream":"stderr","time":"2019-03-12T15:32:12.344823284Z"}
{"log":"\u001b[34m2019-03-12 15:32:12.358 UTC [gossip.gossip] JoinChan -\u003e INFO 046\u001b[0m Joining gossip network of channel mychannel with 2 organizations\n","stream":"stderr","time":"2019-03-12T15:32:12.359054268Z"}
{"log":"\u001b[34m2019-03-12 15:32:12.358 UTC [gossip.gossip] learnAnchorPeers -\u003e INFO 047\u001b[0m Learning about the configured anchor peers of Org1MSP for channel mychannel : [{peer0.org1.example.com 7051}]\n","stream":"stderr","time":"2019-03-12T15:32:12.359085659Z"}
{"log":"\u001b[34m2019-03-12 15:32:12.358 UTC [gossip.gossip] learnAnchorPeers -\u003e INFO 048\u001b[0m Learning about the configured anchor peers of Org2MSP for channel mychannel : [{peer0.org2.example.com 7051}]\n","stream":"stderr","time":"2019-03-12T15:32:12.359091824Z"}
{"log":"\u001b[33m2019-03-12 15:32:12.358 UTC [gossip.service] updateEndpoints -\u003e WARN 049\u001b[0m Failed to update ordering service endpoints, due to Channel with mychannel id was not found\n","stream":"stderr","time":"2019-03-12T15:32:12.359096878Z"}
{"log":"\u001b[34m2019-03-12 15:32:12.360 UTC [committer.txvalidator] Validate -\u003e INFO 04a\u001b[0m [mychannel] Validated block [2] in 16ms\n","stream":"stderr","time":"2019-03-12T15:32:12.361412378Z"}
{"log":"\u001b[34m2019-03-12 15:32:12.400 UTC [comm.grpc.server] 1 -\u003e INFO 04b\u001b[0m streaming call completed {\"grpc.start_time\": \"2019-03-12T15:32:09.959Z\", \"grpc.service\": \"gossip.Gossip\", \"grpc.method\": \"GossipStream\", \"grpc.peer_address\": \"172.19.0.2:56850\", \"grpc.peer_subject\": \"CN=peer0.org1.example.com,L=San Francisco,ST=California,C=US\", \"error\": \"EOF\", \"grpc.code\": \"Unknown\", \"grpc.call_duration\": \"2.441083578s\"}\n","stream":"stderr","time":"2019-03-12T15:32:12.400409634Z"}
{"log":"\u001b[34m2019-03-12 15:32:12.439 UTC [kvledger] CommitWithPvtData -\u003e INFO 04c\u001b[0m [mychannel] Committed block [2] with 1 transaction(s) in 78ms (state_validation=1ms block_commit=58ms state_commit=9ms)\n","stream":"stderr","time":"2019-03-12T15:32:12.439944966Z"}
{"log":"\u001b[34m2019-03-12 15:32:12.549 UTC [comm.grpc.server] 1 -\u003e INFO 04d\u001b[0m unary call completed {\"grpc.start_time\": \"2019-03-12T15:32:12.549Z\", \"grpc.service\": \"gossip.Gossip\", \"grpc.method\": \"Ping\", \"grpc.request_deadline\": \"2019-03-12T15:32:14.549Z\", \"grpc.peer_address\": \"172.19.0.2:56876\", \"grpc.peer_subject\": \"CN=peer0.org1.example.com,L=San Francisco,ST=California,C=US\", \"grpc.code\": \"OK\", \"grpc.call_duration\": \"82.206µs\"}\n","stream":"stderr","time":"2019-03-12T15:32:12.549957349Z"}
{"log":"\u001b[34m2019-03-12 15:32:12.561 UTC [comm.grpc.server] 1 -\u003e INFO 04e\u001b[0m unary call completed {\"grpc.start_time\": \"2019-03-12T15:32:12.561Z\", \"grpc.service\": \"gossip.Gossip\", \"grpc.method\": \"Ping\", \"grpc.request_deadline\": \"2019-03-12T15:32:14.561Z\", \"grpc.peer_address\": \"172.19.0.3:52898\", \"grpc.peer_subject\": \"CN=peer0.org2.example.com,L=San Francisco,ST=California,C=US\", \"grpc.code\": \"OK\", \"grpc.call_duration\": \"62.219µs\"}\n","stream":"stderr","time":"2019-03-12T15:32:12.561792893Z"}
{"log":"\u001b[34m2019-03-12 15:32:12.802 UTC [comm.grpc.server] 1 -\u003e INFO 04f\u001b[0m unary call completed {\"grpc.start_time\": \"2019-03-12T15:32:12.802Z\", \"grpc.service\": \"gossip.Gossip\", \"grpc.method\": \"Ping\", \"grpc.request_deadline\": \"2019-03-12T15:32:14.802Z\", \"grpc.peer_address\": \"172.19.0.6:40756\", \"grpc.peer_subject\": \"CN=peer1.org2.example.com,L=San Francisco,ST=California,C=US\", \"grpc.code\": \"OK\", \"grpc.call_duration\": \"95.797µs\"}\n","stream":"stderr","time":"2019-03-12T15:32:12.80274619Z"}
{"log":"\u001b[34m2019-03-12 15:32:14.728 UTC [gossip.channel] reportMembershipChanges -\u003e INFO 050\u001b[0m Membership view has changed. peers went online:  [[peer0.org1.example.com:7051]] , current view:  [[peer0.org1.example.com:7051]]\n","stream":"stderr","time":"2019-03-12T15:32:14.728316359Z"}
{"log":"\u001b[34m2019-03-12 15:32:18.616 UTC [comm.grpc.server] 1 -\u003e INFO 051\u001b[0m unary call completed {\"grpc.start_time\": \"2019-03-12T15:32:18.616Z\", \"grpc.service\": \"gossip.Gossip\", \"grpc.method\": \"Ping\", \"grpc.request_deadline\": \"2019-03-12T15:32:20.616Z\", \"grpc.peer_address\": \"172.19.0.2:56898\", \"grpc.peer_subject\": \"CN=peer0.org1.example.com,L=San Francisco,ST=California,C=US\", \"grpc.code\": \"OK\", \"grpc.call_duration\": \"63.248µs\"}\n","stream":"stderr","time":"2019-03-12T15:32:18.616862905Z"}
{"log":"\u001b[34m2019-03-12 15:32:18.618 UTC [comm.grpc.server] 1 -\u003e INFO 052\u001b[0m streaming call completed {\"grpc.start_time\": \"2019-03-12T15:32:12.55Z\", \"grpc.service\": \"gossip.Gossip\", \"grpc.method\": \"GossipStream\", \"grpc.peer_address\": \"172.19.0.2:56876\", \"grpc.peer_subject\": \"CN=peer0.org1.example.com,L=San Francisco,ST=California,C=US\", \"grpc.code\": \"OK\", \"grpc.call_duration\": \"6.068328711s\"}\n","stream":"stderr","time":"2019-03-12T15:32:18.618717189Z"}
{"log":"\u001b[34m2019-03-12 15:32:18.618 UTC [comm.grpc.server] 1 -\u003e INFO 053\u001b[0m streaming call completed {\"grpc.start_time\": \"2019-03-12T15:32:18.617Z\", \"grpc.service\": \"gossip.Gossip\", \"grpc.method\": \"GossipStream\", \"grpc.request_deadline\": \"2019-03-12T15:32:28.617Z\", \"grpc.peer_address\": \"172.19.0.2:56898\", \"grpc.peer_subject\": \"CN=peer0.org1.example.com,L=San Francisco,ST=California,C=US\", \"grpc.code\": \"OK\", \"grpc.call_duration\": \"1.567776ms\"}\n","stream":"stderr","time":"2019-03-12T15:32:18.618769267Z"}
{"log":"\u001b[34m2019-03-12 15:32:18.625 UTC [comm.grpc.server] 1 -\u003e INFO 054\u001b[0m unary call completed {\"grpc.start_time\": \"2019-03-12T15:32:18.625Z\", \"grpc.service\": \"gossip.Gossip\", \"grpc.method\": \"Ping\", \"grpc.request_deadline\": \"2019-03-12T15:32:20.625Z\", \"grpc.peer_address\": \"172.19.0.2:56900\", \"grpc.peer_subject\": \"CN=peer0.org1.example.com,L=San Francisco,ST=California,C=US\", \"grpc.code\": \"OK\", \"grpc.call_duration\": \"84.458µs\"}\n","stream":"stderr","time":"2019-03-12T15:32:18.62577978Z"}
{"log":"\u001b[34m2019-03-12 15:32:19.728 UTC [gossip.channel] reportMembershipChanges -\u003e INFO 055\u001b[0m Membership view has changed. peers went online:  [[peer0.org2.example.com:7051 ] [peer1.org2.example.com:7051 ]] , current view:  [[peer0.org1.example.com:7051] [peer0.org2.example.com:7051 ] [peer1.org2.example.com:7051 ]]\n","stream":"stderr","time":"2019-03-12T15:32:19.728636026Z"}
{"log":"\u001b[34m2019-03-12 15:32:27.423 UTC [gossip.privdata] StoreBlock -\u003e INFO 056\u001b[0m [mychannel] Received block [3] from buffer\n","stream":"stderr","time":"2019-03-12T15:32:27.424285358Z"}
{"log":"\u001b[34m2019-03-12 15:32:27.426 UTC [committer.txvalidator] Validate -\u003e INFO 057\u001b[0m [mychannel] Validated block [3] in 2ms\n","stream":"stderr","time":"2019-03-12T15:32:27.427287307Z"}
{"log":"\u001b[34m2019-03-12 15:32:27.427 UTC [cceventmgmt] HandleStateUpdates -\u003e INFO 058\u001b[0m Channel [mychannel]: Handling deploy or update of chaincode [mycc]\n","stream":"stderr","time":"2019-03-12T15:32:27.427843083Z"}
{"log":"\u001b[34m2019-03-12 15:32:27.427 UTC [ccprovider] ExtractStatedbArtifactsForChaincode -\u003e INFO 059\u001b[0m Error while loading installation package for ccname=mycc, ccversion=1.0. Err=open /var/hyperledger/production/chaincodes/mycc.1.0: no such file or directory\n","stream":"stderr","time":"2019-03-12T15:32:27.428176783Z"}
{"log":"\u001b[34m2019-03-12 15:32:27.427 UTC [cceventmgmt] HandleChaincodeDeploy -\u003e INFO 05a\u001b[0m Channel [mychannel]: Chaincode [Name=mycc, Version=1.0, Hash=[]byte{0x47, 0x6f, 0xca, 0x1a, 0x94, 0x92, 0x74, 0x0, 0x19, 0x71, 0xf1, 0xec, 0x28, 0x36, 0xcb, 0x9, 0x32, 0x1f, 0xb, 0x71, 0x26, 0x8b, 0x37, 0x62, 0xd6, 0x89, 0x31, 0xc9, 0x3f, 0x21, 0x81, 0x34}] is not installed hence no need to create chaincode artifacts for endorsement\n","stream":"stderr","time":"2019-03-12T15:32:27.428192972Z"}
{"log":"\u001b[34m2019-03-12 15:32:27.544 UTC [kvledger] CommitWithPvtData -\u003e INFO 05b\u001b[0m [mychannel] Committed block [3] with 1 transaction(s) in 117ms (state_validation=0ms block_commit=92ms state_commit=1ms)\n","stream":"stderr","time":"2019-03-12T15:32:27.544886054Z"}
{"log":"\u001b[34m2019-03-12 15:32:41.310 UTC [gossip.privdata] StoreBlock -\u003e INFO 05c\u001b[0m [mychannel] Received block [4] from buffer\n","stream":"stderr","time":"2019-03-12T15:32:41.310966545Z"}
{"log":"\u001b[34m2019-03-12 15:32:41.314 UTC [committer.txvalidator] Validate -\u003e INFO 05d\u001b[0m [mychannel] Validated block [4] in 3ms\n","stream":"stderr","time":"2019-03-12T15:32:41.314314911Z"}
{"log":"\u001b[34m2019-03-12 15:32:41.385 UTC [kvledger] CommitWithPvtData -\u003e INFO 05e\u001b[0m [mychannel] Committed block [4] with 1 transaction(s) in 71ms (state_validation=0ms block_commit=44ms state_commit=20ms)\n","stream":"stderr","time":"2019-03-12T15:32:41.385982798Z"}
{"log":"\u001b[34m2019-03-12 15:39:14.592 UTC [gossip.privdata] StoreBlock -\u003e INFO 05f\u001b[0m [mychannel] Received block [5] from buffer\n","stream":"stderr","time":"2019-03-12T15:39:14.592571376Z"}
{"log":"\u001b[34m2019-03-12 15:39:14.593 UTC [committer.txvalidator] Validate -\u003e INFO 060\u001b[0m [mychannel] Validated block [5] in 1ms\n","stream":"stderr","time":"2019-03-12T15:39:14.594146957Z"}
{"log":"\u001b[34m2019-03-12 15:39:14.684 UTC [kvledger] CommitWithPvtData -\u003e INFO 061\u001b[0m [mychannel] Committed block [5] with 1 transaction(s) in 90ms (state_validation=0ms block_commit=62ms state_commit=9ms)\n","stream":"stderr","time":"2019-03-12T15:39:14.684804357Z"}
{"log":"\u001b[34m2019-03-12 15:42:02.255 UTC [gossip.privdata] StoreBlock -\u003e INFO 062\u001b[0m [mychannel] Received block [6] from buffer\n","stream":"stderr","time":"2019-03-12T15:42:02.255588219Z"}
{"log":"\u001b[34m2019-03-12 15:42:02.256 UTC [committer.txvalidator] Validate -\u003e INFO 063\u001b[0m [mychannel] Validated block [6] in 1ms\n","stream":"stderr","time":"2019-03-12T15:42:02.256823183Z"}
{"log":"\u001b[34m2019-03-12 15:42:02.339 UTC [kvledger] CommitWithPvtData -\u003e INFO 064\u001b[0m [mychannel] Committed block [6] with 1 transaction(s) in 82ms (state_validation=0ms block_commit=69ms state_commit=1ms)\n","stream":"stderr","time":"2019-03-12T15:42:02.339522828Z"}
{"log":"\u001b[34m2019-03-12 15:51:06.320 UTC [gossip.privdata] StoreBlock -\u003e INFO 065\u001b[0m [mychannel] Received block [7] from buffer\n","stream":"stderr","time":"2019-03-12T15:51:06.320681734Z"}
{"log":"\u001b[34m2019-03-12 15:51:06.321 UTC [committer.txvalidator] Validate -\u003e INFO 066\u001b[0m [mychannel] Validated block [7] in 1ms\n","stream":"stderr","time":"2019-03-12T15:51:06.322073029Z"}
{"log":"\u001b[34m2019-03-12 15:51:06.418 UTC [kvledger] CommitWithPvtData -\u003e INFO 067\u001b[0m [mychannel] Committed block [7] with 1 transaction(s) in 96ms (state_validation=0ms block_commit=62ms state_commit=8ms)\n","stream":"stderr","time":"2019-03-12T15:51:06.418885357Z"}
{"log":"\u001b[34m2019-03-12 15:52:32.782 UTC [gossip.privdata] StoreBlock -\u003e INFO 068\u001b[0m [mychannel] Received block [8] from buffer\n","stream":"stderr","time":"2019-03-12T15:52:32.782713756Z"}
{"log":"\u001b[34m2019-03-12 15:52:32.784 UTC [committer.txvalidator] Validate -\u003e INFO 069\u001b[0m [mychannel] Validated block [8] in 1ms\n","stream":"stderr","time":"2019-03-12T15:52:32.784510317Z"}
{"log":"\u001b[34m2019-03-12 15:52:32.872 UTC [kvledger] CommitWithPvtData -\u003e INFO 06a\u001b[0m [mychannel] Committed block [8] with 1 transaction(s) in 87ms (state_validation=0ms block_commit=70ms state_commit=8ms)\n","stream":"stderr","time":"2019-03-12T15:52:32.872801305Z"}
{"log":"\u001b[34m2019-03-12 15:52:51.836 UTC [gossip.privdata] StoreBlock -\u003e INFO 06b\u001b[0m [mychannel] Received block [9] from buffer\n","stream":"stderr","time":"2019-03-12T15:52:51.836925602Z"}
{"log":"\u001b[34m2019-03-12 15:52:51.838 UTC [committer.txvalidator] Validate -\u003e INFO 06c\u001b[0m [mychannel] Validated block [9] in 1ms\n","stream":"stderr","time":"2019-03-12T15:52:51.838882422Z"}
{"log":"\u001b[33m2019-03-12 15:52:51.839 UTC [statebasedval] ValidateAndPrepareBatch -\u003e WARN 06d\u001b[0m Block [9] Transaction index [1] TxId [0219a2b6662e697ccf3d343065c77582d3c860de128d83fdb00ef97fc87719c8] marked as invalid by state validator. Reason code [MVCC_READ_CONFLICT]\n","stream":"stderr","time":"2019-03-12T15:52:51.839537527Z"}
{"log":"\u001b[33m2019-03-12 15:52:51.839 UTC [statebasedval] ValidateAndPrepareBatch -\u003e WARN 06e\u001b[0m Block [9] Transaction index [2] TxId [1b91415d34e30929d1fbfe2db581520231fdec47a0299cc3f81eaedd0bb9032b] marked as invalid by state validator. Reason code [MVCC_READ_CONFLICT]\n","stream":"stderr","time":"2019-03-12T15:52:51.839549419Z"}
{"log":"\u001b[33m2019-03-12 15:52:51.839 UTC [statebasedval] ValidateAndPrepareBatch -\u003e WARN 06f\u001b[0m Block [9] Transaction index [3] TxId [aecbfa9174c782536a00a95a185bd27ac61260ef481c0f9e09cfca725c6b217c] marked as invalid by state validator. Reason code [MVCC_READ_CONFLICT]\n","stream":"stderr","time":"2019-03-12T15:52:51.839569267Z"}
{"log":"\u001b[34m2019-03-12 15:52:51.934 UTC [kvledger] CommitWithPvtData -\u003e INFO 070\u001b[0m [mychannel] Committed block [9] with 4 transaction(s) in 95ms (state_validation=0ms block_commit=64ms state_commit=20ms)\n","stream":"stderr","time":"2019-03-12T15:52:51.934887268Z"}
{"log":"\u001b[34m2019-03-12 15:53:02.397 UTC [gossip.privdata] StoreBlock -\u003e INFO 071\u001b[0m [mychannel] Received block [10] from buffer\n","stream":"stderr","time":"2019-03-12T15:53:02.397297614Z"}
{"log":"\u001b[34m2019-03-12 15:53:02.398 UTC [committer.txvalidator] Validate -\u003e INFO 072\u001b[0m [mychannel] Validated block [10] in 1ms\n","stream":"stderr","time":"2019-03-12T15:53:02.399363423Z"}
{"log":"\u001b[34m2019-03-12 15:53:02.511 UTC [kvledger] CommitWithPvtData -\u003e INFO 073\u001b[0m [mychannel] Committed block [10] with 2 transaction(s) in 112ms (state_validation=0ms block_commit=83ms state_commit=10ms)\n","stream":"stderr","time":"2019-03-12T15:53:02.511719864Z"}
{"log":"\u001b[34m2019-03-12 16:25:56.614 UTC [gossip.privdata] StoreBlock -\u003e INFO 074\u001b[0m [mychannel] Received block [11] from buffer\n","stream":"stderr","time":"2019-03-12T16:25:56.614366041Z"}
{"log":"\u001b[34m2019-03-12 16:25:56.615 UTC [committer.txvalidator] Validate -\u003e INFO 075\u001b[0m [mychannel] Validated block [11] in 1ms\n","stream":"stderr","time":"2019-03-12T16:25:56.61576897Z"}
{"log":"\u001b[34m2019-03-12 16:25:56.709 UTC [kvledger] CommitWithPvtData -\u003e INFO 076\u001b[0m [mychannel] Committed block [11] with 1 transaction(s) in 93ms (state_validation=0ms block_commit=73ms state_commit=9ms)\n","stream":"stderr","time":"2019-03-12T16:25:56.709601156Z"}
{"log":"\u001b[34m2019-03-12 16:26:06.734 UTC [gossip.privdata] StoreBlock -\u003e INFO 077\u001b[0m [mychannel] Received block [12] from buffer\n","stream":"stderr","time":"2019-03-12T16:26:06.734326852Z"}
{"log":"\u001b[34m2019-03-12 16:26:06.735 UTC [committer.txvalidator] Validate -\u003e INFO 078\u001b[0m [mychannel] Validated block [12] in 0ms\n","stream":"stderr","time":"2019-03-12T16:26:06.735153929Z"}
{"log":"\u001b[34m2019-03-12 16:26:06.829 UTC [kvledger] CommitWithPvtData -\u003e INFO 079\u001b[0m [mychannel] Committed block [12] with 1 transaction(s) in 94ms (state_validation=0ms block_commit=49ms state_commit=35ms)\n","stream":"stderr","time":"2019-03-12T16:26:06.830683317Z"}
{"log":"\u001b[34m2019-03-12 16:26:16.847 UTC [gossip.privdata] StoreBlock -\u003e INFO 07a\u001b[0m [mychannel] Received block [13] from buffer\n","stream":"stderr","time":"2019-03-12T16:26:16.847220164Z"}
{"log":"\u001b[34m2019-03-12 16:26:16.848 UTC [committer.txvalidator] Validate -\u003e INFO 07b\u001b[0m [mychannel] Validated block [13] in 1ms\n","stream":"stderr","time":"2019-03-12T16:26:16.848712934Z"}
{"log":"\u001b[34m2019-03-12 16:26:16.948 UTC [kvledger] CommitWithPvtData -\u003e INFO 07c\u001b[0m [mychannel] Committed block [13] with 1 transaction(s) in 98ms (state_validation=0ms block_commit=80ms state_commit=9ms)\n","stream":"stderr","time":"2019-03-12T16:26:16.948472409Z"}
{"log":"\u001b[34m2019-03-12 16:26:26.957 UTC [gossip.privdata] StoreBlock -\u003e INFO 07d\u001b[0m [mychannel] Received block [14] from buffer\n","stream":"stderr","time":"2019-03-12T16:26:26.95729242Z"}
{"log":"\u001b[34m2019-03-12 16:26:26.958 UTC [committer.txvalidator] Validate -\u003e INFO 07e\u001b[0m [mychannel] Validated block [14] in 1ms\n","stream":"stderr","time":"2019-03-12T16:26:26.958458461Z"}
{"log":"\u001b[34m2019-03-12 16:26:27.046 UTC [kvledger] CommitWithPvtData -\u003e INFO 07f\u001b[0m [mychannel] Committed block [14] with 1 transaction(s) in 87ms (state_validation=0ms block_commit=60ms state_commit=10ms)\n","stream":"stderr","time":"2019-03-12T16:26:27.046558548Z"}
{"log":"\u001b[34m2019-03-12 16:26:37.068 UTC [gossip.privdata] StoreBlock -\u003e INFO 080\u001b[0m [mychannel] Received block [15] from buffer\n","stream":"stderr","time":"2019-03-12T16:26:37.06876204Z"}
{"log":"\u001b[34m2019-03-12 16:26:37.069 UTC [committer.txvalidator] Validate -\u003e INFO 081\u001b[0m [mychannel] Validated block [15] in 0ms\n","stream":"stderr","time":"2019-03-12T16:26:37.069794409Z"}
{"log":"\u001b[34m2019-03-12 16:26:37.165 UTC [kvledger] CommitWithPvtData -\u003e INFO 082\u001b[0m [mychannel] Committed block [15] with 1 transaction(s) in 95ms (state_validation=0ms block_commit=76ms state_commit=2ms)\n","stream":"stderr","time":"2019-03-12T16:26:37.166148421Z"}
{"log":"\u001b[34m2019-03-12 16:26:47.179 UTC [gossip.privdata] StoreBlock -\u003e INFO 083\u001b[0m [mychannel] Received block [16] from buffer\n","stream":"stderr","time":"2019-03-12T16:26:47.179446821Z"}
{"log":"\u001b[34m2019-03-12 16:26:47.180 UTC [committer.txvalidator] Validate -\u003e INFO 084\u001b[0m [mychannel] Validated block [16] in 0ms\n","stream":"stderr","time":"2019-03-12T16:26:47.180267525Z"}
{"log":"\u001b[34m2019-03-12 16:26:47.270 UTC [kvledger] CommitWithPvtData -\u003e INFO 085\u001b[0m [mychannel] Committed block [16] with 1 transaction(s) in 89ms (state_validation=0ms block_commit=70ms state_commit=10ms)\n","stream":"stderr","time":"2019-03-12T16:26:47.270379577Z"}
{"log":"\u001b[34m2019-03-12 16:26:57.302 UTC [gossip.privdata] StoreBlock -\u003e INFO 086\u001b[0m [mychannel] Received block [17] from buffer\n","stream":"stderr","time":"2019-03-12T16:26:57.302342277Z"}
{"log":"\u001b[34m2019-03-12 16:26:57.302 UTC [committer.txvalidator] Validate -\u003e INFO 087\u001b[0m [mychannel] Validated block [17] in 0ms\n","stream":"stderr","time":"2019-03-12T16:26:57.303101882Z"}
{"log":"\u001b[34m2019-03-12 16:26:57.393 UTC [kvledger] CommitWithPvtData -\u003e INFO 088\u001b[0m [mychannel] Committed block [17] with 1 transaction(s) in 90ms (state_validation=0ms block_commit=64ms state_commit=8ms)\n","stream":"stderr","time":"2019-03-12T16:26:57.393904096Z"}
{"log":"\u001b[34m2019-03-12 16:27:07.411 UTC [gossip.privdata] StoreBlock -\u003e INFO 089\u001b[0m [mychannel] Received block [18] from buffer\n","stream":"stderr","time":"2019-03-12T16:27:07.411807075Z"}
{"log":"\u001b[34m2019-03-12 16:27:07.413 UTC [committer.txvalidator] Validate -\u003e INFO 08a\u001b[0m [mychannel] Validated block [18] in 1ms\n","stream":"stderr","time":"2019-03-12T16:27:07.413327332Z"}
{"log":"\u001b[34m2019-03-12 16:27:07.503 UTC [kvledger] CommitWithPvtData -\u003e INFO 08b\u001b[0m [mychannel] Committed block [18] with 1 transaction(s) in 90ms (state_validation=0ms block_commit=52ms state_commit=28ms)\n","stream":"stderr","time":"2019-03-12T16:27:07.504045226Z"}
{"log":"\u001b[34m2019-03-12 16:27:17.524 UTC [gossip.privdata] StoreBlock -\u003e INFO 08c\u001b[0m [mychannel] Received block [19] from buffer\n","stream":"stderr","time":"2019-03-12T16:27:17.525253261Z"}
{"log":"\u001b[34m2019-03-12 16:27:17.525 UTC [committer.txvalidator] Validate -\u003e INFO 08d\u001b[0m [mychannel] Validated block [19] in 0ms\n","stream":"stderr","time":"2019-03-12T16:27:17.526130233Z"}
{"log":"\u001b[34m2019-03-12 16:27:17.633 UTC [kvledger] CommitWithPvtData -\u003e INFO 08e\u001b[0m [mychannel] Committed block [19] with 1 transaction(s) in 107ms (state_validation=0ms block_commit=90ms state_commit=9ms)\n","stream":"stderr","time":"2019-03-12T16:27:17.633844118Z"}
{"log":"\u001b[34m2019-03-12 16:27:27.648 UTC [gossip.privdata] StoreBlock -\u003e INFO 08f\u001b[0m [mychannel] Received block [20] from buffer\n","stream":"stderr","time":"2019-03-12T16:27:27.648519272Z"}
{"log":"\u001b[34m2019-03-12 16:27:27.649 UTC [committer.txvalidator] Validate -\u003e INFO 090\u001b[0m [mychannel] Validated block [20] in 0ms\n","stream":"stderr","time":"2019-03-12T16:27:27.649373902Z"}
{"log":"\u001b[34m2019-03-12 16:27:27.725 UTC [kvledger] CommitWithPvtData -\u003e INFO 091\u001b[0m [mychannel] Committed block [20] with 1 transaction(s) in 75ms (state_validation=0ms block_commit=58ms state_commit=8ms)\n","stream":"stderr","time":"2019-03-12T16:27:27.725595768Z"}
{"log":"\u001b[34m2019-03-12 16:27:37.754 UTC [gossip.privdata] StoreBlock -\u003e INFO 092\u001b[0m [mychannel] Received block [21] from buffer\n","stream":"stderr","time":"2019-03-12T16:27:37.754766311Z"}
{"log":"\u001b[34m2019-03-12 16:27:37.755 UTC [committer.txvalidator] Validate -\u003e INFO 093\u001b[0m [mychannel] Validated block [21] in 1ms\n","stream":"stderr","time":"2019-03-12T16:27:37.756156226Z"}
{"log":"\u001b[34m2019-03-12 16:27:37.850 UTC [kvledger] CommitWithPvtData -\u003e INFO 094\u001b[0m [mychannel] Committed block [21] with 1 transaction(s) in 94ms (state_validation=0ms block_commit=75ms state_commit=1ms)\n","stream":"stderr","time":"2019-03-12T16:27:37.851172976Z"}
{"log":"\u001b[34m2019-03-12 16:27:47.870 UTC [gossip.privdata] StoreBlock -\u003e INFO 095\u001b[0m [mychannel] Received block [22] from buffer\n","stream":"stderr","time":"2019-03-12T16:27:47.870818401Z"}
{"log":"\u001b[34m2019-03-12 16:27:47.872 UTC [committer.txvalidator] Validate -\u003e INFO 096\u001b[0m [mychannel] Validated block [22] in 1ms\n","stream":"stderr","time":"2019-03-12T16:27:47.872302944Z"}
{"log":"\u001b[34m2019-03-12 16:27:47.955 UTC [kvledger] CommitWithPvtData -\u003e INFO 097\u001b[0m [mychannel] Committed block [22] with 1 transaction(s) in 82ms (state_validation=0ms block_commit=55ms state_commit=9ms)\n","stream":"stderr","time":"2019-03-12T16:27:47.955797212Z"}
{"log":"\u001b[34m2019-03-12 16:27:57.977 UTC [gossip.privdata] StoreBlock -\u003e INFO 098\u001b[0m [mychannel] Received block [23] from buffer\n","stream":"stderr","time":"2019-03-12T16:27:57.977373531Z"}
{"log":"\u001b[34m2019-03-12 16:27:57.978 UTC [committer.txvalidator] Validate -\u003e INFO 099\u001b[0m [mychannel] Validated block [23] in 1ms\n","stream":"stderr","time":"2019-03-12T16:27:57.978709723Z"}
{"log":"\u001b[34m2019-03-12 16:27:58.081 UTC [kvledger] CommitWithPvtData -\u003e INFO 09a\u001b[0m [mychannel] Committed block [23] with 1 transaction(s) in 102ms (state_validation=0ms block_commit=82ms state_commit=2ms)\n","stream":"stderr","time":"2019-03-12T16:27:58.081695658Z"}
{"log":"\u001b[34m2019-03-12 16:28:08.089 UTC [gossip.privdata] StoreBlock -\u003e INFO 09b\u001b[0m [mychannel] Received block [24] from buffer\n","stream":"stderr","time":"2019-03-12T16:28:08.091589954Z"}
{"log":"\u001b[34m2019-03-12 16:28:08.090 UTC [committer.txvalidator] Validate -\u003e INFO 09c\u001b[0m [mychannel] Validated block [24] in 0ms\n","stream":"stderr","time":"2019-03-12T16:28:08.091621082Z"}
{"log":"\u001b[34m2019-03-12 16:28:08.182 UTC [kvledger] CommitWithPvtData -\u003e INFO 09d\u001b[0m [mychannel] Committed block [24] with 1 transaction(s) in 91ms (state_validation=0ms block_commit=48ms state_commit=34ms)\n","stream":"stderr","time":"2019-03-12T16:28:08.182994417Z"}
{"log":"\u001b[34m2019-03-12 16:28:18.202 UTC [gossip.privdata] StoreBlock -\u003e INFO 09e\u001b[0m [mychannel] Received block [25] from buffer\n","stream":"stderr","time":"2019-03-12T16:28:18.202479532Z"}
{"log":"\u001b[34m2019-03-12 16:28:18.204 UTC [committer.txvalidator] Validate -\u003e INFO 09f\u001b[0m [mychannel] Validated block [25] in 2ms\n","stream":"stderr","time":"2019-03-12T16:28:18.205091771Z"}
{"log":"\u001b[34m2019-03-12 16:28:18.277 UTC [kvledger] CommitWithPvtData -\u003e INFO 0a0\u001b[0m [mychannel] Committed block [25] with 1 transaction(s) in 71ms (state_validation=0ms block_commit=44ms state_commit=18ms)\n","stream":"stderr","time":"2019-03-12T16:28:18.277931498Z"}
{"log":"\u001b[34m2019-03-12 16:28:28.329 UTC [gossip.privdata] StoreBlock -\u003e INFO 0a1\u001b[0m [mychannel] Received block [26] from buffer\n","stream":"stderr","time":"2019-03-12T16:28:28.32998092Z"}
{"log":"\u001b[34m2019-03-12 16:28:28.331 UTC [committer.txvalidator] Validate -\u003e INFO 0a2\u001b[0m [mychannel] Validated block [26] in 1ms\n","stream":"stderr","time":"2019-03-12T16:28:28.331415055Z"}
{"log":"\u001b[34m2019-03-12 16:28:28.397 UTC [kvledger] CommitWithPvtData -\u003e INFO 0a3\u001b[0m [mychannel] Committed block [26] with 1 transaction(s) in 65ms (state_validation=0ms block_commit=48ms state_commit=7ms)\n","stream":"stderr","time":"2019-03-12T16:28:28.397561096Z"}
{"log":"\u001b[34m2019-03-12 16:28:38.447 UTC [gossip.privdata] StoreBlock -\u003e INFO 0a4\u001b[0m [mychannel] Received block [27] from buffer\n","stream":"stderr","time":"2019-03-12T16:28:38.447948547Z"}
{"log":"\u001b[34m2019-03-12 16:28:38.449 UTC [committer.txvalidator] Validate -\u003e INFO 0a5\u001b[0m [mychannel] Validated block [27] in 1ms\n","stream":"stderr","time":"2019-03-12T16:28:38.449471657Z"}
{"log":"\u001b[34m2019-03-12 16:28:38.529 UTC [kvledger] CommitWithPvtData -\u003e INFO 0a6\u001b[0m [mychannel] Committed block [27] with 1 transaction(s) in 79ms (state_validation=0ms block_commit=59ms state_commit=10ms)\n","stream":"stderr","time":"2019-03-12T16:28:38.529321483Z"}
{"log":"\u001b[34m2019-03-12 16:28:48.558 UTC [gossip.privdata] StoreBlock -\u003e INFO 0a7\u001b[0m [mychannel] Received block [28] from buffer\n","stream":"stderr","time":"2019-03-12T16:28:48.558914817Z"}
{"log":"\u001b[34m2019-03-12 16:28:48.559 UTC [committer.txvalidator] Validate -\u003e INFO 0a8\u001b[0m [mychannel] Validated block [28] in 0ms\n","stream":"stderr","time":"2019-03-12T16:28:48.559926068Z"}
{"log":"\u001b[34m2019-03-12 16:28:48.647 UTC [kvledger] CommitWithPvtData -\u003e INFO 0a9\u001b[0m [mychannel] Committed block [28] with 1 transaction(s) in 87ms (state_validation=0ms block_commit=68ms state_commit=1ms)\n","stream":"stderr","time":"2019-03-12T16:28:48.647804051Z"}
{"log":"\u001b[34m2019-03-12 16:28:58.657 UTC [gossip.privdata] StoreBlock -\u003e INFO 0aa\u001b[0m [mychannel] Received block [29] from buffer\n","stream":"stderr","time":"2019-03-12T16:28:58.658056666Z"}
{"log":"\u001b[34m2019-03-12 16:28:58.659 UTC [committer.txvalidator] Validate -\u003e INFO 0ab\u001b[0m [mychannel] Validated block [29] in 1ms\n","stream":"stderr","time":"2019-03-12T16:28:58.659948091Z"}
{"log":"\u001b[34m2019-03-12 16:28:58.747 UTC [kvledger] CommitWithPvtData -\u003e INFO 0ac\u001b[0m [mychannel] Committed block [29] with 1 transaction(s) in 87ms (state_validation=0ms block_commit=58ms state_commit=26ms)\n","stream":"stderr","time":"2019-03-12T16:28:58.747821445Z"}
{"log":"\u001b[34m2019-03-12 16:29:08.775 UTC [gossip.privdata] StoreBlock -\u003e INFO 0ad\u001b[0m [mychannel] Received block [30] from buffer\n","stream":"stderr","time":"2019-03-12T16:29:08.775556351Z"}
{"log":"\u001b[34m2019-03-12 16:29:08.777 UTC [committer.txvalidator] Validate -\u003e INFO 0ae\u001b[0m [mychannel] Validated block [30] in 2ms\n","stream":"stderr","time":"2019-03-12T16:29:08.778207476Z"}
{"log":"\u001b[34m2019-03-12 16:29:08.862 UTC [kvledger] CommitWithPvtData -\u003e INFO 0af\u001b[0m [mychannel] Committed block [30] with 1 transaction(s) in 83ms (state_validation=0ms block_commit=71ms state_commit=2ms)\n","stream":"stderr","time":"2019-03-12T16:29:08.863039108Z"}
{"log":"\u001b[34m2019-03-12 17:05:38.191 UTC [gossip.privdata] StoreBlock -\u003e INFO 0b0\u001b[0m [mychannel] Received block [31] from buffer\n","stream":"stderr","time":"2019-03-12T17:05:38.192136637Z"}
{"log":"\u001b[34m2019-03-12 17:05:38.193 UTC [committer.txvalidator] Validate -\u003e INFO 0b1\u001b[0m [mychannel] Validated block [31] in 1ms\n","stream":"stderr","time":"2019-03-12T17:05:38.193493434Z"}
{"log":"\u001b[34m2019-03-12 17:05:38.297 UTC [kvledger] CommitWithPvtData -\u003e INFO 0b2\u001b[0m [mychannel] Committed block [31] with 1 transaction(s) in 103ms (state_validation=0ms block_commit=79ms state_commit=22ms)\n","stream":"stderr","time":"2019-03-12T17:05:38.297664885Z"}
{"log":"\u001b[34m2019-03-12 17:06:41.933 UTC [gossip.privdata] StoreBlock -\u003e INFO 0b3\u001b[0m [mychannel] Received block [32] from buffer\n","stream":"stderr","time":"2019-03-12T17:06:41.933615793Z"}
{"log":"\u001b[34m2019-03-12 17:06:41.935 UTC [committer.txvalidator] Validate -\u003e INFO 0b4\u001b[0m [mychannel] Validated block [32] in 2ms\n","stream":"stderr","time":"2019-03-12T17:06:41.935647284Z"}
{"log":"\u001b[34m2019-03-12 17:06:41.969 UTC [kvledger] CommitWithPvtData -\u003e INFO 0b5\u001b[0m [mychannel] Committed block [32] with 6 transaction(s) in 33ms (state_validation=0ms block_commit=6ms state_commit=8ms)\n","stream":"stderr","time":"2019-03-12T17:06:41.96994896Z"}
{"log":"\u001b[34m2019-03-12 17:06:52.140 UTC [gossip.privdata] StoreBlock -\u003e INFO 0b6\u001b[0m [mychannel] Received block [33] from buffer\n","stream":"stderr","time":"2019-03-12T17:06:52.140583308Z"}
{"log":"\u001b[34m2019-03-12 17:06:52.142 UTC [committer.txvalidator] Validate -\u003e INFO 0b7\u001b[0m [mychannel] Validated block [33] in 2ms\n","stream":"stderr","time":"2019-03-12T17:06:52.143106428Z"}
{"log":"\u001b[34m2019-03-12 17:06:52.247 UTC [kvledger] CommitWithPvtData -\u003e INFO 0b8\u001b[0m [mychannel] Committed block [33] with 7 transaction(s) in 103ms (state_validation=0ms block_commit=89ms state_commit=1ms)\n","stream":"stderr","time":"2019-03-12T17:06:52.247512659Z"}
{"log":"\u001b[34m2019-03-12 17:37:31.437 UTC [comm.grpc.server] 1 -\u003e INFO 0b9\u001b[0m streaming call completed {\"grpc.start_time\": \"2019-03-12T15:32:18.626Z\", \"grpc.service\": \"gossip.Gossip\", \"grpc.method\": \"GossipStream\", \"grpc.peer_address\": \"172.19.0.2:56900\", \"grpc.peer_subject\": \"CN=peer0.org1.example.com,L=San Francisco,ST=California,C=US\", \"error\": \"rpc error: code = Canceled desc = context canceled\", \"grpc.code\": \"Canceled\", \"grpc.call_duration\": \"2h5m12.811494556s\"}\n","stream":"stderr","time":"2019-03-12T17:37:31.445716109Z"}
{"log":"\u001b[34m2019-03-12 17:37:31.438 UTC [nodeCmd] handleSignals -\u003e INFO 0ba\u001b[0m Received signal: 15 (terminated)\n","stream":"stderr","time":"2019-03-12T17:37:31.445750859Z"}
{"log":"\u001b[34m2019-03-12 17:37:31.438 UTC [gossip.service] Stop -\u003e INFO 0bb\u001b[0m Stopping chain mychannel\n","stream":"stderr","time":"2019-03-12T17:37:31.44575871Z"}
{"log":"\u001b[34m2019-03-12 17:37:31.438 UTC [gossip.service] Stop -\u003e INFO 0bc\u001b[0m Stopping leader election for mychannel\n","stream":"stderr","time":"2019-03-12T17:37:31.445764462Z"}
{"log":"\u001b[34m2019-03-12 17:37:31.438 UTC [gossip.gossip] Stop -\u003e INFO 0bd\u001b[0m Stopping gossip\n","stream":"stderr","time":"2019-03-12T17:37:31.445795919Z"}
{"log":"\u001b[34m2019-03-12 17:37:31.438 UTC [gossip.discovery] Stop -\u003e INFO 0be\u001b[0m Stopping\n","stream":"stderr","time":"2019-03-12T17:37:31.445808689Z"}
{"log":"\u001b[34m2019-03-12 17:37:31.438 UTC [gossip.discovery] Stop -\u003e INFO 0bf\u001b[0m Stopped\n","stream":"stderr","time":"2019-03-12T17:37:31.445814708Z"}
{"log":"\u001b[34m2019-03-12 17:37:31.438 UTC [gossip.comm] Stop -\u003e INFO 0c0\u001b[0m Stopping\n","stream":"stderr","time":"2019-03-12T17:37:31.445820131Z"}
{"log":"\u001b[34m2019-03-12 17:37:31.438 UTC [comm.grpc.server] 1 -\u003e INFO 0c1\u001b[0m streaming call completed {\"grpc.start_time\": \"2019-03-12T15:32:12.802Z\", \"grpc.service\": \"gossip.Gossip\", \"grpc.method\": \"GossipStream\", \"grpc.peer_address\": \"172.19.0.6:40756\", \"grpc.peer_subject\": \"CN=peer1.org2.example.com,L=San Francisco,ST=California,C=US\", \"grpc.code\": \"OK\", \"grpc.call_duration\": \"2h5m18.635775574s\"}\n","stream":"stderr","time":"2019-03-12T17:37:31.445825458Z"}
{"log":"\u001b[34m2019-03-12 17:37:31.438 UTC [comm.grpc.server] 1 -\u003e INFO 0c2\u001b[0m streaming call completed {\"grpc.start_time\": \"2019-03-12T15:32:12.563Z\", \"grpc.service\": \"gossip.Gossip\", \"grpc.method\": \"GossipStream\", \"grpc.peer_address\": \"172.19.0.3:52898\", \"grpc.peer_subject\": \"CN=peer0.org2.example.com,L=San Francisco,ST=California,C=US\", \"grpc.code\": \"OK\", \"grpc.call_duration\": \"2h5m18.875716424s\"}\n","stream":"stderr","time":"2019-03-12T17:37:31.445833446Z"}
{"log":"\u001b[34m2019-03-12 17:37:31.438 UTC [gossip.comm] Stop -\u003e INFO 0c3\u001b[0m Stopped\n","stream":"stderr","time":"2019-03-12T17:37:31.445841123Z"}
