{"log":"\u001b[34m2019-03-12 15:31:53.518 UTC [nodeCmd] serve -\u003e INFO 001\u001b[0m Starting peer:\n","stream":"stderr","time":"2019-03-12T15:31:53.518927445Z"}
{"log":" Version: 1.4.0\n","stream":"stderr","time":"2019-03-12T15:31:53.518984824Z"}
{"log":" Commit SHA: d700b43\n","stream":"stderr","time":"2019-03-12T15:31:53.518990541Z"}
{"log":" Go version: go1.11.1\n","stream":"stderr","time":"2019-03-12T15:31:53.518993378Z"}
{"log":" OS/Arch: linux/amd64\n","stream":"stderr","time":"2019-03-12T15:31:53.51899599Z"}
{"log":" Chaincode:\n","stream":"stderr","time":"2019-03-12T15:31:53.518998679Z"}
{"log":"  Base Image Version: 0.4.14\n","stream":"stderr","time":"2019-03-12T15:31:53.519001244Z"}
{"log":"  Base Docker Namespace: hyperledger\n","stream":"stderr","time":"2019-03-12T15:31:53.519003874Z"}
{"log":"  Base Docker Label: org.hyperledger.fabric\n","stream":"stderr","time":"2019-03-12T15:31:53.519006486Z"}
{"log":"  Docker Namespace: hyperledger\n","stream":"stderr","time":"2019-03-12T15:31:53.519009102Z"}
{"log":"\u001b[34m2019-03-12 15:31:53.519 UTC [ledgermgmt] initialize -\u003e INFO 002\u001b[0m Initializing ledger mgmt\n","stream":"stderr","time":"2019-03-12T15:31:53.519716016Z"}
{"log":"\u001b[34m2019-03-12 15:31:53.519 UTC [kvledger] NewProvider -\u003e INFO 003\u001b[0m Initializing ledger provider\n","stream":"stderr","time":"2019-03-12T15:31:53.51972896Z"}
{"log":"\u001b[34m2019-03-12 15:31:53.618 UTC [kvledger] NewProvider -\u003e INFO 004\u001b[0m ledger provider Initialized\n","stream":"stderr","time":"2019-03-12T15:31:53.618719289Z"}
{"log":"\u001b[34m2019-03-12 15:31:53.685 UTC [ledgermgmt] initialize -\u003e INFO 005\u001b[0m ledger mgmt initialized\n","stream":"stderr","time":"2019-03-12T15:31:53.685780653Z"}
{"log":"\u001b[34m2019-03-12 15:31:53.685 UTC [peer] func1 -\u003e INFO 006\u001b[0m Auto-detected peer address: 172.19.0.3:7051\n","stream":"stderr","time":"2019-03-12T15:31:53.685904783Z"}
{"log":"\u001b[34m2019-03-12 15:31:53.686 UTC [peer] func1 -\u003e INFO 007\u001b[0m Returning peer0.org2.example.com:7051\n","stream":"stderr","time":"2019-03-12T15:31:53.686193897Z"}
{"log":"\u001b[34m2019-03-12 15:31:53.686 UTC [peer] func1 -\u003e INFO 008\u001b[0m Auto-detected peer address: 172.19.0.3:7051\n","stream":"stderr","time":"2019-03-12T15:31:53.686324675Z"}
{"log":"\u001b[34m2019-03-12 15:31:53.686 UTC [peer] func1 -\u003e INFO 009\u001b[0m Returning peer0.org2.example.com:7051\n","stream":"stderr","time":"2019-03-12T15:31:53.68669258Z"}
{"log":"\u001b[34m2019-03-12 15:31:53.688 UTC [nodeCmd] serve -\u003e INFO 00a\u001b[0m Starting peer with TLS enabled\n","stream":"stderr","time":"2019-03-12T15:31:53.688637611Z"}
{"log":"\u001b[34m2019-03-12 15:31:53.692 UTC [nodeCmd] computeChaincodeEndpoint -\u003e INFO 00b\u001b[0m Entering computeChaincodeEndpoint with peerHostname: peer0.org2.example.com\n","stream":"stderr","time":"2019-03-12T15:31:53.692840687Z"}
{"log":"\u001b[34m2019-03-12 15:31:53.693 UTC [nodeCmd] computeChaincodeEndpoint -\u003e INFO 00c\u001b[0m Exit with ccEndpoint: peer0.org2.example.com:7052\n","stream":"stderr","time":"2019-03-12T15:31:53.693313112Z"}
{"log":"\u001b[33m2019-03-12 15:31:53.693 UTC [nodeCmd] createChaincodeServer -\u003e WARN 00d\u001b[0m peer.chaincodeListenAddress is not set, using peer0.org2.example.com:7052\n","stream":"stderr","time":"2019-03-12T15:31:53.693746796Z"}
{"log":"\u001b[34m2019-03-12 15:31:53.697 UTC [sccapi] registerSysCC -\u003e INFO 00e\u001b[0m system chaincode lscc(github.com/hyperledger/fabric/core/scc/lscc) registered\n","stream":"stderr","time":"2019-03-12T15:31:53.698926064Z"}
{"log":"\u001b[34m2019-03-12 15:31:53.697 UTC [sccapi] registerSysCC -\u003e INFO 00f\u001b[0m system chaincode cscc(github.com/hyperledger/fabric/core/scc/cscc) registered\n","stream":"stderr","time":"2019-03-12T15:31:53.6989607Z"}
{"log":"\u001b[34m2019-03-12 15:31:53.697 UTC [sccapi] registerSysCC -\u003e INFO 010\u001b[0m system chaincode qscc(github.com/hyperledger/fabric/core/scc/qscc) registered\n","stream":"stderr","time":"2019-03-12T15:31:53.69896659Z"}
{"log":"\u001b[34m2019-03-12 15:31:53.697 UTC [sccapi] registerSysCC -\u003e INFO 011\u001b[0m system chaincode (+lifecycle,github.com/hyperledger/fabric/core/chaincode/lifecycle,true) disabled\n","stream":"stderr","time":"2019-03-12T15:31:53.698990354Z"}
{"log":"\u001b[34m2019-03-12 15:31:53.701 UTC [gossip.service] func1 -\u003e INFO 012\u001b[0m Initialize gossip with endpoint peer0.org2.example.com:7051 and bootstrap set [peer1.org2.example.com:7051]\n","stream":"stderr","time":"2019-03-12T15:31:53.701564471Z"}
{"log":"\u001b[34m2019-03-12 15:31:53.706 UTC [gossip.gossip] NewGossipService -\u003e INFO 013\u001b[0m Creating gossip service with self membership of Endpoint: peer0.org2.example.com:7051, InternalEndpoint: peer0.org2.example.com:7051, PKI-ID: 5d3d8ef37a7583557a1a80c7a050b1084a9f12c56be361f78a4a8807ba070928, Metadata: \n","stream":"stderr","time":"2019-03-12T15:31:53.706816709Z"}
{"log":"\u001b[34m2019-03-12 15:31:53.708 UTC [gossip.gossip] start -\u003e INFO 014\u001b[0m Gossip instance peer0.org2.example.com:7051 started\n","stream":"stderr","time":"2019-03-12T15:31:53.708822151Z"}
{"log":"\u001b[34m2019-03-12 15:31:53.709 UTC [sccapi] deploySysCC -\u003e INFO 015\u001b[0m system chaincode lscc/(github.com/hyperledger/fabric/core/scc/lscc) deployed\n","stream":"stderr","time":"2019-03-12T15:31:53.7100253Z"}
{"log":"\u001b[34m2019-03-12 15:31:53.710 UTC [cscc] Init -\u003e INFO 016\u001b[0m Init CSCC\n","stream":"stderr","time":"2019-03-12T15:31:53.711179699Z"}
{"log":"\u001b[34m2019-03-12 15:31:53.711 UTC [sccapi] deploySysCC -\u003e INFO 017\u001b[0m system chaincode cscc/(github.com/hyperledger/fabric/core/scc/cscc) deployed\n","stream":"stderr","time":"2019-03-12T15:31:53.711207831Z"}
{"log":"\u001b[34m2019-03-12 15:31:53.711 UTC [qscc] Init -\u003e INFO 018\u001b[0m Init QSCC\n","stream":"stderr","time":"2019-03-12T15:31:53.712142636Z"}
{"log":"\u001b[34m2019-03-12 15:31:53.712 UTC [sccapi] deploySysCC -\u003e INFO 019\u001b[0m system chaincode qscc/(github.com/hyperledger/fabric/core/scc/qscc) deployed\n","stream":"stderr","time":"2019-03-12T15:31:53.712164111Z"}
{"log":"\u001b[34m2019-03-12 15:31:53.712 UTC [sccapi] deploySysCC -\u003e INFO 01a\u001b[0m system chaincode (+lifecycle,github.com/hyperledger/fabric/core/chaincode/lifecycle) disabled\n","stream":"stderr","time":"2019-03-12T15:31:53.712306413Z"}
{"log":"\u001b[34m2019-03-12 15:31:53.712 UTC [nodeCmd] serve -\u003e INFO 01b\u001b[0m Deployed system chaincodes\n","stream":"stderr","time":"2019-03-12T15:31:53.712508039Z"}
{"log":"\u001b[34m2019-03-12 15:31:53.713 UTC [discovery] NewService -\u003e INFO 01c\u001b[0m Created with config TLS: true, authCacheMaxSize: 1000, authCachePurgeRatio: 0.750000\n","stream":"stderr","time":"2019-03-12T15:31:53.714062499Z"}
{"log":"\u001b[34m2019-03-12 15:31:53.713 UTC [nodeCmd] registerDiscoveryService -\u003e INFO 01d\u001b[0m Discovery service activated\n","stream":"stderr","time":"2019-03-12T15:31:53.714079889Z"}
{"log":"\u001b[34m2019-03-12 15:31:53.714 UTC [nodeCmd] serve -\u003e INFO 01e\u001b[0m Starting peer with ID=[name:\"peer0.org2.example.com\" ], network ID=[dev], address=[peer0.org2.example.com:7051]\n","stream":"stderr","time":"2019-03-12T15:31:53.714486461Z"}
{"log":"\u001b[34m2019-03-12 15:31:53.714 UTC [nodeCmd] serve -\u003e INFO 01f\u001b[0m Started peer with ID=[name:\"peer0.org2.example.com\" ], network ID=[dev], address=[peer0.org2.example.com:7051]\n","stream":"stderr","time":"2019-03-12T15:31:53.714842449Z"}
{"log":"\u001b[34m2019-03-12 15:31:53.714 UTC [nodeCmd] func8 -\u003e INFO 020\u001b[0m Starting profiling server with listenAddress = 0.0.0.0:6060\n","stream":"stderr","time":"2019-03-12T15:31:53.715072268Z"}
{"log":"\u001b[34m2019-03-12 15:31:54.952 UTC [comm.grpc.server] 1 -\u003e INFO 021\u001b[0m unary call completed {\"grpc.start_time\": \"2019-03-12T15:31:54.952Z\", \"grpc.service\": \"gossip.Gossip\", \"grpc.method\": \"Ping\", \"grpc.request_deadline\": \"2019-03-12T15:31:56.951Z\", \"grpc.peer_address\": \"172.19.0.6:58546\", \"grpc.peer_subject\": \"CN=peer1.org2.example.com,L=San Francisco,ST=California,C=US\", \"grpc.code\": \"OK\", \"grpc.call_duration\": \"64.841µs\"}\n","stream":"stderr","time":"2019-03-12T15:31:54.952290407Z"}
{"log":"\u001b[34m2019-03-12 15:31:54.970 UTC [comm.grpc.server] 1 -\u003e INFO 022\u001b[0m streaming call completed {\"grpc.start_time\": \"2019-03-12T15:31:54.954Z\", \"grpc.service\": \"gossip.Gossip\", \"grpc.method\": \"GossipStream\", \"grpc.request_deadline\": \"2019-03-12T15:32:04.954Z\", \"grpc.peer_address\": \"172.19.0.6:58546\", \"grpc.peer_subject\": \"CN=peer1.org2.example.com,L=San Francisco,ST=California,C=US\", \"error\": \"rpc error: code = Canceled desc = context canceled\", \"grpc.code\": \"Canceled\", \"grpc.call_duration\": \"15.794221ms\"}\n","stream":"stderr","time":"2019-03-12T15:31:54.971688454Z"}
{"log":"\u001b[34m2019-03-12 15:31:54.979 UTC [comm.grpc.server] 1 -\u003e INFO 023\u001b[0m unary call completed {\"grpc.start_time\": \"2019-03-12T15:31:54.979Z\", \"grpc.service\": \"gossip.Gossip\", \"grpc.method\": \"Ping\", \"grpc.request_deadline\": \"2019-03-12T15:31:56.979Z\", \"grpc.peer_address\": \"172.19.0.6:58548\", \"grpc.peer_subject\": \"CN=peer1.org2.example.com,L=San Francisco,ST=California,C=US\", \"grpc.code\": \"OK\", \"grpc.call_duration\": \"111.538µs\"}\n","stream":"stderr","time":"2019-03-12T15:31:54.980209799Z"}
{"log":"\u001b[34m2019-03-12 15:31:56.531 UTC [comm.grpc.server] 1 -\u003e INFO 024\u001b[0m streaming call completed {\"grpc.start_time\": \"2019-03-12T15:31:54.981Z\", \"grpc.service\": \"gossip.Gossip\", \"grpc.method\": \"GossipStream\", \"grpc.peer_address\": \"172.19.0.6:58548\", \"grpc.peer_subject\": \"CN=peer1.org2.example.com,L=San Francisco,ST=California,C=US\", \"error\": \"EOF\", \"grpc.code\": \"Unknown\", \"grpc.call_duration\": \"1.550096338s\"}\n","stream":"stderr","time":"2019-03-12T15:31:56.53164051Z"}
{"log":"\u001b[34m2019-03-12 15:32:02.835 UTC [endorser] callChaincode -\u003e INFO 025\u001b[0m [][7f665ccf] Entry chaincode: name:\"cscc\" \n","stream":"stderr","time":"2019-03-12T15:32:02.835496299Z"}
{"log":"\u001b[34m2019-03-12 15:32:02.836 UTC [ledgermgmt] CreateLedger -\u003e INFO 026\u001b[0m Creating ledger [mychannel] with genesis block\n","stream":"stderr","time":"2019-03-12T15:32:02.836572553Z"}
{"log":"\u001b[34m2019-03-12 15:32:02.838 UTC [fsblkstorage] newBlockfileMgr -\u003e INFO 027\u001b[0m Getting block information from block storage\n","stream":"stderr","time":"2019-03-12T15:32:02.838997664Z"}
{"log":"\u001b[34m2019-03-12 15:32:02.898 UTC [kvledger] CommitWithPvtData -\u003e INFO 028\u001b[0m [mychannel] Committed block [0] with 1 transaction(s) in 48ms (state_validation=0ms block_commit=28ms state_commit=9ms)\n","stream":"stderr","time":"2019-03-12T15:32:02.89853871Z"}
{"log":"\u001b[34m2019-03-12 15:32:02.900 UTC [ledgermgmt] CreateLedger -\u003e INFO 029\u001b[0m Created ledger [mychannel] with genesis block\n","stream":"stderr","time":"2019-03-12T15:32:02.900468144Z"}
{"log":"\u001b[34m2019-03-12 15:32:02.906 UTC [gossip.gossip] JoinChan -\u003e INFO 02a\u001b[0m Joining gossip network of channel mychannel with 2 organizations\n","stream":"stderr","time":"2019-03-12T15:32:02.906762404Z"}
{"log":"\u001b[34m2019-03-12 15:32:02.906 UTC [gossip.gossip] learnAnchorPeers -\u003e INFO 02b\u001b[0m No configured anchor peers of Org1MSP for channel mychannel to learn about\n","stream":"stderr","time":"2019-03-12T15:32:02.906786695Z"}
{"log":"\u001b[34m2019-03-12 15:32:02.906 UTC [gossip.gossip] learnAnchorPeers -\u003e INFO 02c\u001b[0m No configured anchor peers of Org2MSP for channel mychannel to learn about\n","stream":"stderr","time":"2019-03-12T15:32:02.906790424Z"}
{"log":"\u001b[34m2019-03-12 15:32:02.925 UTC [gossip.state] NewGossipStateProvider -\u003e INFO 02d\u001b[0m Updating metadata information, current ledger sequence is at = 0, next expected block is = 1\n","stream":"stderr","time":"2019-03-12T15:32:02.925446952Z"}
{"log":"\u001b[34m2019-03-12 15:32:02.925 UTC [sccapi] deploySysCC -\u003e INFO 02e\u001b[0m system chaincode lscc/mychannel(github.com/hyperledger/fabric/core/scc/lscc) deployed\n","stream":"stderr","time":"2019-03-12T15:32:02.925992399Z"}
{"log":"\u001b[34m2019-03-12 15:32:02.926 UTC [cscc] Init -\u003e INFO 02f\u001b[0m Init CSCC\n","stream":"stderr","time":"2019-03-12T15:32:02.926258789Z"}
{"log":"\u001b[34m2019-03-12 15:32:02.926 UTC [sccapi] deploySysCC -\u003e INFO 030\u001b[0m system chaincode cscc/mychannel(github.com/hyperledger/fabric/core/scc/cscc) deployed\n","stream":"stderr","time":"2019-03-12T15:32:02.926310344Z"}
{"log":"\u001b[34m2019-03-12 15:32:02.926 UTC [qscc] Init -\u003e INFO 031\u001b[0m Init QSCC\n","stream":"stderr","time":"2019-03-12T15:32:02.926513939Z"}
{"log":"\u001b[34m2019-03-12 15:32:02.926 UTC [sccapi] deploySysCC -\u003e INFO 032\u001b[0m system chaincode qscc/mychannel(github.com/hyperledger/fabric/core/scc/qscc) deployed\n","stream":"stderr","time":"2019-03-12T15:32:02.926578032Z"}
{"log":"\u001b[34m2019-03-12 15:32:02.926 UTC [sccapi] deploySysCC -\u003e INFO 033\u001b[0m system chaincode (+lifecycle,github.com/hyperledger/fabric/core/chaincode/lifecycle) disabled\n","stream":"stderr","time":"2019-03-12T15:32:02.926585633Z"}
{"log":"\u001b[34m2019-03-12 15:32:02.926 UTC [endorser] callChaincode -\u003e INFO 034\u001b[0m [][7f665ccf] Exit chaincode: name:\"cscc\"  (91ms)\n","stream":"stderr","time":"2019-03-12T15:32:02.926953728Z"}
{"log":"\u001b[34m2019-03-12 15:32:02.926 UTC [comm.grpc.server] 1 -\u003e INFO 035\u001b[0m unary call completed {\"grpc.start_time\": \"2019-03-12T15:32:02.833Z\", \"grpc.service\": \"protos.Endorser\", \"grpc.method\": \"ProcessProposal\", \"grpc.peer_address\": \"172.19.0.7:37986\", \"grpc.code\": \"OK\", \"grpc.call_duration\": \"92.882281ms\"}\n","stream":"stderr","time":"2019-03-12T15:32:02.926967755Z"}
{"log":"\u001b[34m2019-03-12 15:32:07.906 UTC [gossip.channel] reportMembershipChanges -\u003e INFO 036\u001b[0m Membership view has changed. peers went online:  [[peer1.org2.example.com:7051]] , current view:  [[peer1.org2.example.com:7051]]\n","stream":"stderr","time":"2019-03-12T15:32:07.906768795Z"}
{"log":"\u001b[34m2019-03-12 15:32:08.930 UTC [gossip.election] beLeader -\u003e INFO 037\u001b[0m 5d3d8ef37a7583557a1a80c7a050b1084a9f12c56be361f78a4a8807ba070928 : Becoming a leader\n","stream":"stderr","time":"2019-03-12T15:32:08.930932159Z"}
{"log":"\u001b[34m2019-03-12 15:32:08.930 UTC [gossip.service] func1 -\u003e INFO 038\u001b[0m Elected as a leader, starting delivery service for channel mychannel\n","stream":"stderr","time":"2019-03-12T15:32:08.931031703Z"}
{"log":"\u001b[34m2019-03-12 15:32:09.234 UTC [gossip.privdata] StoreBlock -\u003e INFO 039\u001b[0m [mychannel] Received block [1] from buffer\n","stream":"stderr","time":"2019-03-12T15:32:09.234300651Z"}
{"log":"\u001b[34m2019-03-12 15:32:09.265 UTC [gossip.gossip] JoinChan -\u003e INFO 03a\u001b[0m Joining gossip network of channel mychannel with 2 organizations\n","stream":"stderr","time":"2019-03-12T15:32:09.265365433Z"}
{"log":"\u001b[34m2019-03-12 15:32:09.265 UTC [gossip.gossip] learnAnchorPeers -\u003e INFO 03b\u001b[0m No configured anchor peers of Org2MSP for channel mychannel to learn about\n","stream":"stderr","time":"2019-03-12T15:32:09.265420676Z"}
{"log":"\u001b[34m2019-03-12 15:32:09.265 UTC [gossip.gossip] learnAnchorPeers -\u003e INFO 03c\u001b[0m Learning about the configured anchor peers of Org1MSP for channel mychannel : [{peer0.org1.example.com 7051}]\n","stream":"stderr","time":"2019-03-12T15:32:09.265572091Z"}
{"log":"\u001b[34m2019-03-12 15:32:09.268 UTC [committer.txvalidator] Validate -\u003e INFO 03d\u001b[0m [mychannel] Validated block [1] in 34ms\n","stream":"stderr","time":"2019-03-12T15:32:09.26925363Z"}
{"log":"\u001b[34m2019-03-12 15:32:09.358 UTC [kvledger] CommitWithPvtData -\u003e INFO 03e\u001b[0m [mychannel] Committed block [1] with 1 transaction(s) in 86ms (state_validation=0ms block_commit=60ms state_commit=9ms)\n","stream":"stderr","time":"2019-03-12T15:32:09.359820994Z"}
{"log":"\u001b[34m2019-03-12 15:32:12.338 UTC [gossip.privdata] StoreBlock -\u003e INFO 03f\u001b[0m [mychannel] Received block [2] from buffer\n","stream":"stderr","time":"2019-03-12T15:32:12.338703397Z"}
{"log":"\u001b[34m2019-03-12 15:32:12.350 UTC [gossip.gossip] JoinChan -\u003e INFO 040\u001b[0m Joining gossip network of channel mychannel with 2 organizations\n","stream":"stderr","time":"2019-03-12T15:32:12.350310991Z"}
{"log":"\u001b[34m2019-03-12 15:32:12.350 UTC [gossip.gossip] learnAnchorPeers -\u003e INFO 041\u001b[0m Learning about the configured anchor peers of Org1MSP for channel mychannel : [{peer0.org1.example.com 7051}]\n","stream":"stderr","time":"2019-03-12T15:32:12.350496261Z"}
{"log":"\u001b[34m2019-03-12 15:32:12.350 UTC [gossip.gossip] learnAnchorPeers -\u003e INFO 042\u001b[0m Learning about the configured anchor peers of Org2MSP for channel mychannel : [{peer0.org2.example.com 7051}]\n","stream":"stderr","time":"2019-03-12T15:32:12.350667661Z"}
{"log":"\u001b[34m2019-03-12 15:32:12.350 UTC [gossip.gossip] learnAnchorPeers -\u003e INFO 043\u001b[0m Anchor peer with same endpoint, skipping connecting to myself\n","stream":"stderr","time":"2019-03-12T15:32:12.350954752Z"}
{"log":"\u001b[34m2019-03-12 15:32:12.353 UTC [committer.txvalidator] Validate -\u003e INFO 044\u001b[0m [mychannel] Validated block [2] in 14ms\n","stream":"stderr","time":"2019-03-12T15:32:12.353771826Z"}
{"log":"\u001b[34m2019-03-12 15:32:12.357 UTC [comm.grpc.server] 1 -\u003e INFO 045\u001b[0m unary call completed {\"grpc.start_time\": \"2019-03-12T15:32:12.357Z\", \"grpc.service\": \"gossip.Gossip\", \"grpc.method\": \"Ping\", \"grpc.request_deadline\": \"2019-03-12T15:32:14.357Z\", \"grpc.peer_address\": \"172.19.0.2:57880\", \"grpc.peer_subject\": \"CN=peer0.org1.example.com,L=San Francisco,ST=California,C=US\", \"grpc.code\": \"OK\", \"grpc.call_duration\": \"118.209µs\"}\n","stream":"stderr","time":"2019-03-12T15:32:12.357592026Z"}
{"log":"\u001b[34m2019-03-12 15:32:12.374 UTC [comm.grpc.server] 1 -\u003e INFO 046\u001b[0m streaming call completed {\"grpc.start_time\": \"2019-03-12T15:32:12.362Z\", \"grpc.service\": \"gossip.Gossip\", \"grpc.method\": \"GossipStream\", \"grpc.request_deadline\": \"2019-03-12T15:32:22.362Z\", \"grpc.peer_address\": \"172.19.0.2:57880\", \"grpc.peer_subject\": \"CN=peer0.org1.example.com,L=San Francisco,ST=California,C=US\", \"error\": \"rpc error: code = Canceled desc = context canceled\", \"grpc.code\": \"Canceled\", \"grpc.call_duration\": \"12.821081ms\"}\n","stream":"stderr","time":"2019-03-12T15:32:12.375221315Z"}
{"log":"\u001b[34m2019-03-12 15:32:12.378 UTC [comm.grpc.server] 1 -\u003e INFO 047\u001b[0m unary call completed {\"grpc.start_time\": \"2019-03-12T15:32:12.378Z\", \"grpc.service\": \"gossip.Gossip\", \"grpc.method\": \"Ping\", \"grpc.request_deadline\": \"2019-03-12T15:32:14.378Z\", \"grpc.peer_address\": \"172.19.0.5:52702\", \"grpc.peer_subject\": \"CN=peer1.org1.example.com,L=San Francisco,ST=California,C=US\", \"grpc.code\": \"OK\", \"grpc.call_duration\": \"82.498µs\"}\n","stream":"stderr","time":"2019-03-12T15:32:12.378776136Z"}
{"log":"\u001b[34m2019-03-12 15:32:12.383 UTC [comm.grpc.server] 1 -\u003e INFO 048\u001b[0m unary call completed {\"grpc.start_time\": \"2019-03-12T15:32:12.383Z\", \"grpc.service\": \"gossip.Gossip\", \"grpc.method\": \"Ping\", \"grpc.request_deadline\": \"2019-03-12T15:32:14.383Z\", \"grpc.peer_address\": \"172.19.0.2:57890\", \"grpc.peer_subject\": \"CN=peer0.org1.example.com,L=San Francisco,ST=California,C=US\", \"grpc.code\": \"OK\", \"grpc.call_duration\": \"76.099µs\"}\n","stream":"stderr","time":"2019-03-12T15:32:12.383505489Z"}
{"log":"\u001b[34m2019-03-12 15:32:12.383 UTC [comm.grpc.server] 1 -\u003e INFO 049\u001b[0m unary call completed {\"grpc.start_time\": \"2019-03-12T15:32:12.383Z\", \"grpc.service\": \"gossip.Gossip\", \"grpc.method\": \"Ping\", \"grpc.request_deadline\": \"2019-03-12T15:32:14.383Z\", \"grpc.peer_address\": \"172.19.0.6:58598\", \"grpc.peer_subject\": \"CN=peer1.org2.example.com,L=San Francisco,ST=California,C=US\", \"grpc.code\": \"OK\", \"grpc.call_duration\": \"76.198µs\"}\n","stream":"stderr","time":"2019-03-12T15:32:12.383547611Z"}
{"log":"\u001b[34m2019-03-12 15:32:12.401 UTC [comm.grpc.server] 1 -\u003e INFO 04a\u001b[0m streaming call completed {\"grpc.start_time\": \"2019-03-12T15:32:12.387Z\", \"grpc.service\": \"gossip.Gossip\", \"grpc.method\": \"GossipStream\", \"grpc.request_deadline\": \"2019-03-12T15:32:22.386Z\", \"grpc.peer_address\": \"172.19.0.6:58598\", \"grpc.peer_subject\": \"CN=peer1.org2.example.com,L=San Francisco,ST=California,C=US\", \"error\": \"rpc error: code = Canceled desc = context canceled\", \"grpc.code\": \"Canceled\", \"grpc.call_duration\": \"14.044457ms\"}\n","stream":"stderr","time":"2019-03-12T15:32:12.401360902Z"}
{"log":"\u001b[34m2019-03-12 15:32:12.403 UTC [comm.grpc.server] 1 -\u003e INFO 04b\u001b[0m unary call completed {\"grpc.start_time\": \"2019-03-12T15:32:12.403Z\", \"grpc.service\": \"gossip.Gossip\", \"grpc.method\": \"Ping\", \"grpc.request_deadline\": \"2019-03-12T15:32:14.403Z\", \"grpc.peer_address\": \"172.19.0.5:52710\", \"grpc.peer_subject\": \"CN=peer1.org1.example.com,L=San Francisco,ST=California,C=US\", \"grpc.code\": \"OK\", \"grpc.call_duration\": \"66.423µs\"}\n","stream":"stderr","time":"2019-03-12T15:32:12.403976766Z"}
{"log":"\u001b[34m2019-03-12 15:32:12.406 UTC [comm.grpc.server] 1 -\u003e INFO 04c\u001b[0m streaming call completed {\"grpc.start_time\": \"2019-03-12T15:32:12.38Z\", \"grpc.service\": \"gossip.Gossip\", \"grpc.method\": \"GossipStream\", \"grpc.request_deadline\": \"2019-03-12T15:32:22.38Z\", \"grpc.peer_address\": \"172.19.0.5:52702\", \"grpc.peer_subject\": \"CN=peer1.org1.example.com,L=San Francisco,ST=California,C=US\", \"grpc.code\": \"OK\", \"grpc.call_duration\": \"26.33455ms\"}\n","stream":"stderr","time":"2019-03-12T15:32:12.406697354Z"}
{"log":"\u001b[34m2019-03-12 15:32:12.406 UTC [comm.grpc.server] 1 -\u003e INFO 04d\u001b[0m streaming call completed {\"grpc.start_time\": \"2019-03-12T15:32:12.404Z\", \"grpc.service\": \"gossip.Gossip\", \"grpc.method\": \"GossipStream\", \"grpc.peer_address\": \"172.19.0.5:52710\", \"grpc.peer_subject\": \"CN=peer1.org1.example.com,L=San Francisco,ST=California,C=US\", \"grpc.code\": \"OK\", \"grpc.call_duration\": \"2.581864ms\"}\n","stream":"stderr","time":"2019-03-12T15:32:12.408006484Z"}
{"log":"\u001b[34m2019-03-12 15:32:12.414 UTC [comm.grpc.server] 1 -\u003e INFO 04e\u001b[0m unary call completed {\"grpc.start_time\": \"2019-03-12T15:32:12.414Z\", \"grpc.service\": \"gossip.Gossip\", \"grpc.method\": \"Ping\", \"grpc.request_deadline\": \"2019-03-12T15:32:14.414Z\", \"grpc.peer_address\": \"172.19.0.6:58606\", \"grpc.peer_subject\": \"CN=peer1.org2.example.com,L=San Francisco,ST=California,C=US\", \"grpc.code\": \"OK\", \"grpc.call_duration\": \"59.816µs\"}\n","stream":"stderr","time":"2019-03-12T15:32:12.415121654Z"}
{"log":"\u001b[34m2019-03-12 15:32:12.431 UTC [kvledger] CommitWithPvtData -\u003e INFO 04f\u001b[0m [mychannel] Committed block [2] with 1 transaction(s) in 76ms (state_validation=1ms block_commit=46ms state_commit=20ms)\n","stream":"stderr","time":"2019-03-12T15:32:12.431315657Z"}
{"log":"\u001b[34m2019-03-12 15:32:12.909 UTC [gossip.channel] reportMembershipChanges -\u003e INFO 050\u001b[0m Membership view has changed. peers went online:  [[peer0.org1.example.com:7051 ] [peer1.org1.example.com:7051 ]] , current view:  [[peer1.org2.example.com:7051] [peer0.org1.example.com:7051 ] [peer1.org1.example.com:7051 ]]\n","stream":"stderr","time":"2019-03-12T15:32:12.909822411Z"}
{"log":"\u001b[34m2019-03-12 15:32:16.053 UTC [endorser] callChaincode -\u003e INFO 051\u001b[0m [][abc9a82f] Entry chaincode: name:\"lscc\" \n","stream":"stderr","time":"2019-03-12T15:32:16.053905266Z"}
{"log":"\u001b[34m2019-03-12 15:32:16.054 UTC [lscc] executeInstall -\u003e INFO 052\u001b[0m Installed Chaincode [mycc] Version [1.0] to peer\n","stream":"stderr","time":"2019-03-12T15:32:16.054774806Z"}
{"log":"\u001b[34m2019-03-12 15:32:16.054 UTC [endorser] callChaincode -\u003e INFO 053\u001b[0m [][abc9a82f] Exit chaincode: name:\"lscc\"  (1ms)\n","stream":"stderr","time":"2019-03-12T15:32:16.054792145Z"}
{"log":"\u001b[34m2019-03-12 15:32:16.054 UTC [comm.grpc.server] 1 -\u003e INFO 054\u001b[0m unary call completed {\"grpc.start_time\": \"2019-03-12T15:32:16.053Z\", \"grpc.service\": \"protos.Endorser\", \"grpc.method\": \"ProcessProposal\", \"grpc.peer_address\": \"172.19.0.7:38042\", \"grpc.code\": \"OK\", \"grpc.call_duration\": \"1.570143ms\"}\n","stream":"stderr","time":"2019-03-12T15:32:16.054808834Z"}
{"log":"\u001b[34m2019-03-12 15:32:16.152 UTC [endorser] callChaincode -\u003e INFO 055\u001b[0m [mychannel][0112795d] Entry chaincode: name:\"lscc\" \n","stream":"stderr","time":"2019-03-12T15:32:16.152276619Z"}
{"log":"\u001b[34m2019-03-12 15:32:17.400 UTC [endorser] callChaincode -\u003e INFO 056\u001b[0m [mychannel][0112795d] Exit chaincode: name:\"lscc\"  (1248ms)\n","stream":"stderr","time":"2019-03-12T15:32:17.400248992Z"}
{"log":"\u001b[34m2019-03-12 15:32:17.400 UTC [comm.grpc.server] 1 -\u003e INFO 057\u001b[0m unary call completed {\"grpc.start_time\": \"2019-03-12T15:32:16.15Z\", \"grpc.service\": \"protos.Endorser\", \"grpc.method\": \"ProcessProposal\", \"grpc.peer_address\": \"172.19.0.7:38046\", \"grpc.code\": \"OK\", \"grpc.call_duration\": \"1.24961459s\"}\n","stream":"stderr","time":"2019-03-12T15:32:17.400671934Z"}
{"log":"\u001b[34m2019-03-12 15:32:27.415 UTC [gossip.privdata] StoreBlock -\u003e INFO 058\u001b[0m [mychannel] Received block [3] from buffer\n","stream":"stderr","time":"2019-03-12T15:32:27.415265386Z"}
{"log":"\u001b[34m2019-03-12 15:32:27.416 UTC [committer.txvalidator] Validate -\u003e INFO 059\u001b[0m [mychannel] Validated block [3] in 1ms\n","stream":"stderr","time":"2019-03-12T15:32:27.417185637Z"}
{"log":"\u001b[34m2019-03-12 15:32:27.417 UTC [cceventmgmt] HandleStateUpdates -\u003e INFO 05a\u001b[0m Channel [mychannel]: Handling deploy or update of chaincode [mycc]\n","stream":"stderr","time":"2019-03-12T15:32:27.417663667Z"}
{"log":"\u001b[34m2019-03-12 15:32:27.520 UTC [kvledger] CommitWithPvtData -\u003e INFO 05b\u001b[0m [mychannel] Committed block [3] with 1 transaction(s) in 102ms (state_validation=0ms block_commit=51ms state_commit=10ms)\n","stream":"stderr","time":"2019-03-12T15:32:27.520384764Z"}
{"log":"\u001b[34m2019-03-12 15:32:31.288 UTC [endorser] callChaincode -\u003e INFO 05c\u001b[0m [mychannel][b856a226] Entry chaincode: name:\"mycc\" \n","stream":"stderr","time":"2019-03-12T15:32:31.288517346Z"}
{"log":"\u001b[34m2019-03-12 15:32:31.296 UTC [endorser] callChaincode -\u003e INFO 05d\u001b[0m [mychannel][b856a226] Exit chaincode: name:\"mycc\"  (8ms)\n","stream":"stderr","time":"2019-03-12T15:32:31.296915414Z"}
{"log":"\u001b[34m2019-03-12 15:32:31.297 UTC [comm.grpc.server] 1 -\u003e INFO 05e\u001b[0m unary call completed {\"grpc.start_time\": \"2019-03-12T15:32:31.286Z\", \"grpc.service\": \"protos.Endorser\", \"grpc.method\": \"ProcessProposal\", \"grpc.peer_address\": \"172.19.0.7:38080\", \"grpc.code\": \"OK\", \"grpc.call_duration\": \"10.670697ms\"}\n","stream":"stderr","time":"2019-03-12T15:32:31.297297248Z"}
{"log":"\u001b[34m2019-03-12 15:32:41.309 UTC [gossip.privdata] StoreBlock -\u003e INFO 05f\u001b[0m [mychannel] Received block [4] from buffer\n","stream":"stderr","time":"2019-03-12T15:32:41.309738984Z"}
{"log":"\u001b[34m2019-03-12 15:32:41.311 UTC [committer.txvalidator] Validate -\u003e INFO 060\u001b[0m [mychannel] Validated block [4] in 1ms\n","stream":"stderr","time":"2019-03-12T15:32:41.311834992Z"}
{"log":"\u001b[34m2019-03-12 15:32:41.380 UTC [kvledger] CommitWithPvtData -\u003e INFO 061\u001b[0m [mychannel] Committed block [4] with 1 transaction(s) in 68ms (state_validation=0ms block_commit=25ms state_commit=20ms)\n","stream":"stderr","time":"2019-03-12T15:32:41.380682676Z"}
{"log":"\u001b[34m2019-03-12 15:39:04.570 UTC [endorser] callChaincode -\u003e INFO 062\u001b[0m [mychannel][b02ecf25] Entry chaincode: name:\"mycc\" \n","stream":"stderr","time":"2019-03-12T15:39:04.570491789Z"}
{"log":"\u001b[34m2019-03-12 15:39:04.574 UTC [endorser] callChaincode -\u003e INFO 063\u001b[0m [mychannel][b02ecf25] Exit chaincode: name:\"mycc\"  (4ms)\n","stream":"stderr","time":"2019-03-12T15:39:04.574258789Z"}
{"log":"\u001b[34m2019-03-12 15:39:04.574 UTC [comm.grpc.server] 1 -\u003e INFO 064\u001b[0m unary call completed {\"grpc.start_time\": \"2019-03-12T15:39:04.569Z\", \"grpc.service\": \"protos.Endorser\", \"grpc.method\": \"ProcessProposal\", \"grpc.peer_address\": \"172.19.0.7:38172\", \"grpc.code\": \"OK\", \"grpc.call_duration\": \"4.776678ms\"}\n","stream":"stderr","time":"2019-03-12T15:39:04.574470386Z"}
{"log":"\u001b[34m2019-03-12 15:39:14.584 UTC [gossip.privdata] StoreBlock -\u003e INFO 065\u001b[0m [mychannel] Received block [5] from buffer\n","stream":"stderr","time":"2019-03-12T15:39:14.584396651Z"}
{"log":"\u001b[34m2019-03-12 15:39:14.585 UTC [committer.txvalidator] Validate -\u003e INFO 066\u001b[0m [mychannel] Validated block [5] in 0ms\n","stream":"stderr","time":"2019-03-12T15:39:14.585331066Z"}
{"log":"\u001b[34m2019-03-12 15:39:14.657 UTC [kvledger] CommitWithPvtData -\u003e INFO 067\u001b[0m [mychannel] Committed block [5] with 1 transaction(s) in 71ms (state_validation=0ms block_commit=31ms state_commit=31ms)\n","stream":"stderr","time":"2019-03-12T15:39:14.657616732Z"}
{"log":"\u001b[34m2019-03-12 15:41:52.229 UTC [endorser] callChaincode -\u003e INFO 068\u001b[0m [mychannel][912094c4] Entry chaincode: name:\"mycc\" \n","stream":"stderr","time":"2019-03-12T15:41:52.230379338Z"}
{"log":"\u001b[34m2019-03-12 15:41:52.233 UTC [endorser] callChaincode -\u003e INFO 069\u001b[0m [mychannel][912094c4] Exit chaincode: name:\"mycc\"  (3ms)\n","stream":"stderr","time":"2019-03-12T15:41:52.233309729Z"}
{"log":"\u001b[34m2019-03-12 15:41:52.233 UTC [comm.grpc.server] 1 -\u003e INFO 06a\u001b[0m unary call completed {\"grpc.start_time\": \"2019-03-12T15:41:52.229Z\", \"grpc.service\": \"protos.Endorser\", \"grpc.method\": \"ProcessProposal\", \"grpc.peer_address\": \"172.19.0.7:38190\", \"grpc.code\": \"OK\", \"grpc.call_duration\": \"4.286968ms\"}\n","stream":"stderr","time":"2019-03-12T15:41:52.233702868Z"}
{"log":"\u001b[34m2019-03-12 15:42:02.246 UTC [gossip.privdata] StoreBlock -\u003e INFO 06b\u001b[0m [mychannel] Received block [6] from buffer\n","stream":"stderr","time":"2019-03-12T15:42:02.246719009Z"}
{"log":"\u001b[34m2019-03-12 15:42:02.247 UTC [committer.txvalidator] Validate -\u003e INFO 06c\u001b[0m [mychannel] Validated block [6] in 1ms\n","stream":"stderr","time":"2019-03-12T15:42:02.247932179Z"}
{"log":"\u001b[34m2019-03-12 15:42:02.298 UTC [kvledger] CommitWithPvtData -\u003e INFO 06d\u001b[0m [mychannel] Committed block [6] with 1 transaction(s) in 50ms (state_validation=0ms block_commit=9ms state_commit=38ms)\n","stream":"stderr","time":"2019-03-12T15:42:02.299159494Z"}
{"log":"\u001b[34m2019-03-12 15:50:56.294 UTC [endorser] callChaincode -\u003e INFO 06e\u001b[0m [mychannel][6531e443] Entry chaincode: name:\"mycc\" \n","stream":"stderr","time":"2019-03-12T15:50:56.295131392Z"}
{"log":"\u001b[34m2019-03-12 15:50:56.298 UTC [endorser] callChaincode -\u003e INFO 06f\u001b[0m [mychannel][6531e443] Exit chaincode: name:\"mycc\"  (4ms)\n","stream":"stderr","time":"2019-03-12T15:50:56.299105381Z"}
{"log":"\u001b[34m2019-03-12 15:50:56.299 UTC [comm.grpc.server] 1 -\u003e INFO 070\u001b[0m unary call completed {\"grpc.start_time\": \"2019-03-12T15:50:56.294Z\", \"grpc.service\": \"protos.Endorser\", \"grpc.method\": \"ProcessProposal\", \"grpc.peer_address\": \"172.19.0.7:38208\", \"grpc.code\": \"OK\", \"grpc.call_duration\": \"5.107134ms\"}\n","stream":"stderr","time":"2019-03-12T15:50:56.299672514Z"}
{"log":"\u001b[34m2019-03-12 15:51:06.312 UTC [gossip.privdata] StoreBlock -\u003e INFO 071\u001b[0m [mychannel] Received block [7] from buffer\n","stream":"stderr","time":"2019-03-12T15:51:06.313165373Z"}
{"log":"\u001b[34m2019-03-12 15:51:06.313 UTC [committer.txvalidator] Validate -\u003e INFO 072\u001b[0m [mychannel] Validated block [7] in 0ms\n","stream":"stderr","time":"2019-03-12T15:51:06.314027583Z"}
{"log":"\u001b[34m2019-03-12 15:51:06.374 UTC [kvledger] CommitWithPvtData -\u003e INFO 073\u001b[0m [mychannel] Committed block [7] with 1 transaction(s) in 60ms (state_validation=0ms block_commit=27ms state_commit=32ms)\n","stream":"stderr","time":"2019-03-12T15:51:06.376158457Z"}
{"log":"\u001b[34m2019-03-12 15:52:22.767 UTC [endorser] callChaincode -\u003e INFO 074\u001b[0m [mychannel][ca5581f6] Entry chaincode: name:\"mycc\" \n","stream":"stderr","time":"2019-03-12T15:52:22.767298073Z"}
{"log":"\u001b[34m2019-03-12 15:52:22.768 UTC [endorser] callChaincode -\u003e INFO 075\u001b[0m [mychannel][ca5581f6] Exit chaincode: name:\"mycc\"  (1ms)\n","stream":"stderr","time":"2019-03-12T15:52:22.768702134Z"}
{"log":"\u001b[34m2019-03-12 15:52:22.768 UTC [comm.grpc.server] 1 -\u003e INFO 076\u001b[0m unary call completed {\"grpc.start_time\": \"2019-03-12T15:52:22.766Z\", \"grpc.service\": \"protos.Endorser\", \"grpc.method\": \"ProcessProposal\", \"grpc.peer_address\": \"172.19.0.7:38218\", \"grpc.code\": \"OK\", \"grpc.call_duration\": \"2.439974ms\"}\n","stream":"stderr","time":"2019-03-12T15:52:22.769017253Z"}
{"log":"\u001b[34m2019-03-12 15:52:32.779 UTC [gossip.privdata] StoreBlock -\u003e INFO 077\u001b[0m [mychannel] Received block [8] from buffer\n","stream":"stderr","time":"2019-03-12T15:52:32.780003189Z"}
{"log":"\u001b[34m2019-03-12 15:52:32.780 UTC [committer.txvalidator] Validate -\u003e INFO 078\u001b[0m [mychannel] Validated block [8] in 0ms\n","stream":"stderr","time":"2019-03-12T15:52:32.780914264Z"}
{"log":"\u001b[34m2019-03-12 15:52:32.855 UTC [kvledger] CommitWithPvtData -\u003e INFO 079\u001b[0m [mychannel] Committed block [8] with 1 transaction(s) in 73ms (state_validation=0ms block_commit=46ms state_commit=1ms)\n","stream":"stderr","time":"2019-03-12T15:52:32.855369909Z"}
{"log":"\u001b[34m2019-03-12 15:52:41.810 UTC [endorser] callChaincode -\u003e INFO 07a\u001b[0m [mychannel][28e87c48] Entry chaincode: name:\"mycc\" \n","stream":"stderr","time":"2019-03-12T15:52:41.81102062Z"}
{"log":"\u001b[34m2019-03-12 15:52:41.813 UTC [endorser] callChaincode -\u003e INFO 07b\u001b[0m [mychannel][28e87c48] Exit chaincode: name:\"mycc\"  (2ms)\n","stream":"stderr","time":"2019-03-12T15:52:41.813405817Z"}
{"log":"\u001b[34m2019-03-12 15:52:41.813 UTC [comm.grpc.server] 1 -\u003e INFO 07c\u001b[0m unary call completed {\"grpc.start_time\": \"2019-03-12T15:52:41.81Z\", \"grpc.service\": \"protos.Endorser\", \"grpc.method\": \"ProcessProposal\", \"grpc.peer_address\": \"172.19.0.7:38228\", \"grpc.code\": \"OK\", \"grpc.call_duration\": \"3.443187ms\"}\n","stream":"stderr","time":"2019-03-12T15:52:41.813724025Z"}
{"log":"\u001b[34m2019-03-12 15:52:43.910 UTC [endorser] callChaincode -\u003e INFO 07d\u001b[0m [mychannel][0219a2b6] Entry chaincode: name:\"mycc\" \n","stream":"stderr","time":"2019-03-12T15:52:43.910575649Z"}
{"log":"\u001b[34m2019-03-12 15:52:43.912 UTC [endorser] callChaincode -\u003e INFO 07e\u001b[0m [mychannel][0219a2b6] Exit chaincode: name:\"mycc\"  (2ms)\n","stream":"stderr","time":"2019-03-12T15:52:43.912705997Z"}
{"log":"\u001b[34m2019-03-12 15:52:43.912 UTC [comm.grpc.server] 1 -\u003e INFO 07f\u001b[0m unary call completed {\"grpc.start_time\": \"2019-03-12T15:52:43.909Z\", \"grpc.service\": \"protos.Endorser\", \"grpc.method\": \"ProcessProposal\", \"grpc.peer_address\": \"172.19.0.7:38238\", \"grpc.code\": \"OK\", \"grpc.call_duration\": \"2.741987ms\"}\n","stream":"stderr","time":"2019-03-12T15:52:43.912743595Z"}
{"log":"\u001b[34m2019-03-12 15:52:50.125 UTC [endorser] callChaincode -\u003e INFO 080\u001b[0m [mychannel][1b91415d] Entry chaincode: name:\"mycc\" \n","stream":"stderr","time":"2019-03-12T15:52:50.125967695Z"}
{"log":"\u001b[34m2019-03-12 15:52:50.127 UTC [endorser] callChaincode -\u003e INFO 081\u001b[0m [mychannel][1b91415d] Exit chaincode: name:\"mycc\"  (2ms)\n","stream":"stderr","time":"2019-03-12T15:52:50.127682482Z"}
{"log":"\u001b[34m2019-03-12 15:52:50.127 UTC [comm.grpc.server] 1 -\u003e INFO 082\u001b[0m unary call completed {\"grpc.start_time\": \"2019-03-12T15:52:50.123Z\", \"grpc.service\": \"protos.Endorser\", \"grpc.method\": \"ProcessProposal\", \"grpc.peer_address\": \"172.19.0.7:38248\", \"grpc.code\": \"OK\", \"grpc.call_duration\": \"3.927019ms\"}\n","stream":"stderr","time":"2019-03-12T15:52:50.128027664Z"}
{"log":"\u001b[34m2019-03-12 15:52:51.312 UTC [endorser] callChaincode -\u003e INFO 083\u001b[0m [mychannel][aecbfa91] Entry chaincode: name:\"mycc\" \n","stream":"stderr","time":"2019-03-12T15:52:51.312819229Z"}
{"log":"\u001b[34m2019-03-12 15:52:51.316 UTC [endorser] callChaincode -\u003e INFO 084\u001b[0m [mychannel][aecbfa91] Exit chaincode: name:\"mycc\"  (3ms)\n","stream":"stderr","time":"2019-03-12T15:52:51.316368631Z"}
{"log":"\u001b[34m2019-03-12 15:52:51.316 UTC [comm.grpc.server] 1 -\u003e INFO 085\u001b[0m unary call completed {\"grpc.start_time\": \"2019-03-12T15:52:51.311Z\", \"grpc.service\": \"protos.Endorser\", \"grpc.method\": \"ProcessProposal\", \"grpc.peer_address\": \"172.19.0.7:38258\", \"grpc.code\": \"OK\", \"grpc.call_duration\": \"4.630287ms\"}\n","stream":"stderr","time":"2019-03-12T15:52:51.31674337Z"}
{"log":"\u001b[34m2019-03-12 15:52:51.826 UTC [gossip.privdata] StoreBlock -\u003e INFO 086\u001b[0m [mychannel] Received block [9] from buffer\n","stream":"stderr","time":"2019-03-12T15:52:51.82646724Z"}
{"log":"\u001b[34m2019-03-12 15:52:51.828 UTC [committer.txvalidator] Validate -\u003e INFO 087\u001b[0m [mychannel] Validated block [9] in 2ms\n","stream":"stderr","time":"2019-03-12T15:52:51.829159915Z"}
{"log":"\u001b[33m2019-03-12 15:52:51.829 UTC [statebasedval] ValidateAndPrepareBatch -\u003e WARN 088\u001b[0m Block [9] Transaction index [1] TxId [0219a2b6662e697ccf3d343065c77582d3c860de128d83fdb00ef97fc87719c8] marked as invalid by state validator. Reason code [MVCC_READ_CONFLICT]\n","stream":"stderr","time":"2019-03-12T15:52:51.829631891Z"}
{"log":"\u001b[33m2019-03-12 15:52:51.829 UTC [statebasedval] ValidateAndPrepareBatch -\u003e WARN 089\u001b[0m Block [9] Transaction index [2] TxId [1b91415d34e30929d1fbfe2db581520231fdec47a0299cc3f81eaedd0bb9032b] marked as invalid by state validator. Reason code [MVCC_READ_CONFLICT]\n","stream":"stderr","time":"2019-03-12T15:52:51.829645993Z"}
{"log":"\u001b[33m2019-03-12 15:52:51.829 UTC [statebasedval] ValidateAndPrepareBatch -\u003e WARN 08a\u001b[0m Block [9] Transaction index [3] TxId [aecbfa9174c782536a00a95a185bd27ac61260ef481c0f9e09cfca725c6b217c] marked as invalid by state validator. Reason code [MVCC_READ_CONFLICT]\n","stream":"stderr","time":"2019-03-12T15:52:51.829750938Z"}
{"log":"\u001b[34m2019-03-12 15:52:51.925 UTC [kvledger] CommitWithPvtData -\u003e INFO 08b\u001b[0m [mychannel] Committed block [9] with 4 transaction(s) in 96ms (state_validation=0ms block_commit=66ms state_commit=9ms)\n","stream":"stderr","time":"2019-03-12T15:52:51.925709831Z"}
{"log":"\u001b[34m2019-03-12 15:52:52.373 UTC [endorser] callChaincode -\u003e INFO 08c\u001b[0m [mychannel][3d9c2427] Entry chaincode: name:\"mycc\" \n","stream":"stderr","time":"2019-03-12T15:52:52.374149037Z"}
{"log":"\u001b[34m2019-03-12 15:52:52.375 UTC [endorser] callChaincode -\u003e INFO 08d\u001b[0m [mychannel][3d9c2427] Exit chaincode: name:\"mycc\"  (2ms)\n","stream":"stderr","time":"2019-03-12T15:52:52.376831807Z"}
{"log":"\u001b[34m2019-03-12 15:52:52.375 UTC [comm.grpc.server] 1 -\u003e INFO 08e\u001b[0m unary call completed {\"grpc.start_time\": \"2019-03-12T15:52:52.372Z\", \"grpc.service\": \"protos.Endorser\", \"grpc.method\": \"ProcessProposal\", \"grpc.peer_address\": \"172.19.0.7:38268\", \"grpc.code\": \"OK\", \"grpc.call_duration\": \"2.812093ms\"}\n","stream":"stderr","time":"2019-03-12T15:52:52.376856323Z"}
{"log":"\u001b[34m2019-03-12 15:52:53.553 UTC [endorser] callChaincode -\u003e INFO 08f\u001b[0m [mychannel][4087ab92] Entry chaincode: name:\"mycc\" \n","stream":"stderr","time":"2019-03-12T15:52:53.553899139Z"}
{"log":"\u001b[34m2019-03-12 15:52:53.555 UTC [endorser] callChaincode -\u003e INFO 090\u001b[0m [mychannel][4087ab92] Exit chaincode: name:\"mycc\"  (1ms)\n","stream":"stderr","time":"2019-03-12T15:52:53.555206351Z"}
{"log":"\u001b[34m2019-03-12 15:52:53.555 UTC [comm.grpc.server] 1 -\u003e INFO 091\u001b[0m unary call completed {\"grpc.start_time\": \"2019-03-12T15:52:53.553Z\", \"grpc.service\": \"protos.Endorser\", \"grpc.method\": \"ProcessProposal\", \"grpc.peer_address\": \"172.19.0.7:38278\", \"grpc.code\": \"OK\", \"grpc.call_duration\": \"2.317627ms\"}\n","stream":"stderr","time":"2019-03-12T15:52:53.5555678Z"}
{"log":"\u001b[34m2019-03-12 15:53:02.388 UTC [gossip.privdata] StoreBlock -\u003e INFO 092\u001b[0m [mychannel] Received block [10] from buffer\n","stream":"stderr","time":"2019-03-12T15:53:02.388945106Z"}
{"log":"\u001b[34m2019-03-12 15:53:02.390 UTC [committer.txvalidator] Validate -\u003e INFO 093\u001b[0m [mychannel] Validated block [10] in 1ms\n","stream":"stderr","time":"2019-03-12T15:53:02.39032587Z"}
{"log":"\u001b[34m2019-03-12 15:53:02.482 UTC [kvledger] CommitWithPvtData -\u003e INFO 094\u001b[0m [mychannel] Committed block [10] with 2 transaction(s) in 92ms (state_validation=0ms block_commit=59ms state_commit=9ms)\n","stream":"stderr","time":"2019-03-12T15:53:02.48290538Z"}
{"log":"\u001b[34m2019-03-12 16:25:46.598 UTC [endorser] callChaincode -\u003e INFO 095\u001b[0m [mychannel][53f19cf0] Entry chaincode: name:\"mycc\" \n","stream":"stderr","time":"2019-03-12T16:25:46.599244245Z"}
{"log":"\u001b[34m2019-03-12 16:25:46.601 UTC [endorser] callChaincode -\u003e INFO 096\u001b[0m [mychannel][53f19cf0] Exit chaincode: name:\"mycc\"  (3ms)\n","stream":"stderr","time":"2019-03-12T16:25:46.601817276Z"}
{"log":"\u001b[34m2019-03-12 16:25:46.601 UTC [comm.grpc.server] 1 -\u003e INFO 097\u001b[0m unary call completed {\"grpc.start_time\": \"2019-03-12T16:25:46.598Z\", \"grpc.service\": \"protos.Endorser\", \"grpc.method\": \"ProcessProposal\", \"grpc.peer_address\": \"172.19.0.7:38298\", \"grpc.code\": \"OK\", \"grpc.call_duration\": \"3.923569ms\"}\n","stream":"stderr","time":"2019-03-12T16:25:46.602173253Z"}
{"log":"\u001b[34m2019-03-12 16:25:56.608 UTC [gossip.privdata] StoreBlock -\u003e INFO 098\u001b[0m [mychannel] Received block [11] from buffer\n","stream":"stderr","time":"2019-03-12T16:25:56.609097074Z"}
{"log":"\u001b[34m2019-03-12 16:25:56.610 UTC [committer.txvalidator] Validate -\u003e INFO 099\u001b[0m [mychannel] Validated block [11] in 1ms\n","stream":"stderr","time":"2019-03-12T16:25:56.610443806Z"}
{"log":"\u001b[34m2019-03-12 16:25:56.689 UTC [kvledger] CommitWithPvtData -\u003e INFO 09a\u001b[0m [mychannel] Committed block [11] with 1 transaction(s) in 78ms (state_validation=0ms block_commit=35ms state_commit=9ms)\n","stream":"stderr","time":"2019-03-12T16:25:56.689847243Z"}
{"log":"\u001b[34m2019-03-12 16:25:56.714 UTC [endorser] callChaincode -\u003e INFO 09b\u001b[0m [mychannel][a151bd2d] Entry chaincode: name:\"mycc\" \n","stream":"stderr","time":"2019-03-12T16:25:56.714716644Z"}
{"log":"\u001b[34m2019-03-12 16:25:56.717 UTC [endorser] callChaincode -\u003e INFO 09c\u001b[0m [mychannel][a151bd2d] Exit chaincode: name:\"mycc\"  (3ms)\n","stream":"stderr","time":"2019-03-12T16:25:56.71784021Z"}
{"log":"\u001b[34m2019-03-12 16:25:56.717 UTC [comm.grpc.server] 1 -\u003e INFO 09d\u001b[0m unary call completed {\"grpc.start_time\": \"2019-03-12T16:25:56.713Z\", \"grpc.service\": \"protos.Endorser\", \"grpc.method\": \"ProcessProposal\", \"grpc.peer_address\": \"172.19.0.7:38308\", \"grpc.code\": \"OK\", \"grpc.call_duration\": \"4.819809ms\"}\n","stream":"stderr","time":"2019-03-12T16:25:56.71818485Z"}
{"log":"\u001b[34m2019-03-12 16:26:06.728 UTC [gossip.privdata] StoreBlock -\u003e INFO 09e\u001b[0m [mychannel] Received block [12] from buffer\n","stream":"stderr","time":"2019-03-12T16:26:06.728978203Z"}
{"log":"\u001b[34m2019-03-12 16:26:06.729 UTC [committer.txvalidator] Validate -\u003e INFO 09f\u001b[0m [mychannel] Validated block [12] in 1ms\n","stream":"stderr","time":"2019-03-12T16:26:06.730137165Z"}
{"log":"\u001b[34m2019-03-12 16:26:06.821 UTC [endorser] callChaincode -\u003e INFO 0a0\u001b[0m [mychannel][a21df708] Entry chaincode: name:\"mycc\" \n","stream":"stderr","time":"2019-03-12T16:26:06.82171664Z"}
{"log":"\u001b[34m2019-03-12 16:26:06.825 UTC [endorser] callChaincode -\u003e INFO 0a1\u001b[0m [mychannel][a21df708] Exit chaincode: name:\"mycc\"  (4ms)\n","stream":"stderr","time":"2019-03-12T16:26:06.825685208Z"}
{"log":"\u001b[34m2019-03-12 16:26:06.825 UTC [comm.grpc.server] 1 -\u003e INFO 0a2\u001b[0m unary call completed {\"grpc.start_time\": \"2019-03-12T16:26:06.817Z\", \"grpc.service\": \"protos.Endorser\", \"grpc.method\": \"ProcessProposal\", \"grpc.peer_address\": \"172.19.0.7:38320\", \"grpc.code\": \"OK\", \"grpc.call_duration\": \"8.435714ms\"}\n","stream":"stderr","time":"2019-03-12T16:26:06.826143163Z"}
{"log":"\u001b[34m2019-03-12 16:26:06.830 UTC [kvledger] CommitWithPvtData -\u003e INFO 0a3\u001b[0m [mychannel] Committed block [12] with 1 transaction(s) in 99ms (state_validation=0ms block_commit=53ms state_commit=37ms)\n","stream":"stderr","time":"2019-03-12T16:26:06.830612283Z"}
{"log":"\u001b[34m2019-03-12 16:26:16.836 UTC [gossip.privdata] StoreBlock -\u003e INFO 0a4\u001b[0m [mychannel] Received block [13] from buffer\n","stream":"stderr","time":"2019-03-12T16:26:16.836745684Z"}
{"log":"\u001b[34m2019-03-12 16:26:16.837 UTC [committer.txvalidator] Validate -\u003e INFO 0a5\u001b[0m [mychannel] Validated block [13] in 0ms\n","stream":"stderr","time":"2019-03-12T16:26:16.837838102Z"}
{"log":"\u001b[34m2019-03-12 16:26:16.921 UTC [kvledger] CommitWithPvtData -\u003e INFO 0a6\u001b[0m [mychannel] Committed block [13] with 1 transaction(s) in 83ms (state_validation=0ms block_commit=55ms state_commit=8ms)\n","stream":"stderr","time":"2019-03-12T16:26:16.921720155Z"}
{"log":"\u001b[34m2019-03-12 16:26:16.938 UTC [endorser] callChaincode -\u003e INFO 0a7\u001b[0m [mychannel][25046112] Entry chaincode: name:\"mycc\" \n","stream":"stderr","time":"2019-03-12T16:26:16.939032823Z"}
{"log":"\u001b[34m2019-03-12 16:26:16.941 UTC [endorser] callChaincode -\u003e INFO 0a8\u001b[0m [mychannel][25046112] Exit chaincode: name:\"mycc\"  (3ms)\n","stream":"stderr","time":"2019-03-12T16:26:16.942168504Z"}
{"log":"\u001b[34m2019-03-12 16:26:16.942 UTC [comm.grpc.server] 1 -\u003e INFO 0a9\u001b[0m unary call completed {\"grpc.start_time\": \"2019-03-12T16:26:16.937Z\", \"grpc.service\": \"protos.Endorser\", \"grpc.method\": \"ProcessProposal\", \"grpc.peer_address\": \"172.19.0.7:38330\", \"grpc.code\": \"OK\", \"grpc.call_duration\": \"4.625382ms\"}\n","stream":"stderr","time":"2019-03-12T16:26:16.942632096Z"}
{"log":"\u001b[34m2019-03-12 16:26:26.950 UTC [gossip.privdata] StoreBlock -\u003e INFO 0aa\u001b[0m [mychannel] Received block [14] from buffer\n","stream":"stderr","time":"2019-03-12T16:26:26.950690228Z"}
{"log":"\u001b[34m2019-03-12 16:26:26.951 UTC [committer.txvalidator] Validate -\u003e INFO 0ab\u001b[0m [mychannel] Validated block [14] in 1ms\n","stream":"stderr","time":"2019-03-12T16:26:26.951677497Z"}
{"log":"\u001b[34m2019-03-12 16:26:27.028 UTC [kvledger] CommitWithPvtData -\u003e INFO 0ac\u001b[0m [mychannel] Committed block [14] with 1 transaction(s) in 76ms (state_validation=0ms block_commit=58ms state_commit=8ms)\n","stream":"stderr","time":"2019-03-12T16:26:27.029002898Z"}
{"log":"\u001b[34m2019-03-12 16:26:27.051 UTC [endorser] callChaincode -\u003e INFO 0ad\u001b[0m [mychannel][57e2759a] Entry chaincode: name:\"mycc\" \n","stream":"stderr","time":"2019-03-12T16:26:27.051723249Z"}
{"log":"\u001b[34m2019-03-12 16:26:27.054 UTC [endorser] callChaincode -\u003e INFO 0ae\u001b[0m [mychannel][57e2759a] Exit chaincode: name:\"mycc\"  (3ms)\n","stream":"stderr","time":"2019-03-12T16:26:27.054354871Z"}
{"log":"\u001b[34m2019-03-12 16:26:27.054 UTC [comm.grpc.server] 1 -\u003e INFO 0af\u001b[0m unary call completed {\"grpc.start_time\": \"2019-03-12T16:26:27.05Z\", \"grpc.service\": \"protos.Endorser\", \"grpc.method\": \"ProcessProposal\", \"grpc.peer_address\": \"172.19.0.7:38340\", \"grpc.code\": \"OK\", \"grpc.call_duration\": \"3.809024ms\"}\n","stream":"stderr","time":"2019-03-12T16:26:27.054730467Z"}
{"log":"\u001b[34m2019-03-12 16:26:37.062 UTC [gossip.privdata] StoreBlock -\u003e INFO 0b0\u001b[0m [mychannel] Received block [15] from buffer\n","stream":"stderr","time":"2019-03-12T16:26:37.062290505Z"}
{"log":"\u001b[34m2019-03-12 16:26:37.063 UTC [committer.txvalidator] Validate -\u003e INFO 0b1\u001b[0m [mychannel] Validated block [15] in 0ms\n","stream":"stderr","time":"2019-03-12T16:26:37.063190316Z"}
{"log":"\u001b[34m2019-03-12 16:26:37.146 UTC [kvledger] CommitWithPvtData -\u003e INFO 0b2\u001b[0m [mychannel] Committed block [15] with 1 transaction(s) in 83ms (state_validation=0ms block_commit=48ms state_commit=10ms)\n","stream":"stderr","time":"2019-03-12T16:26:37.146941861Z"}
{"log":"\u001b[34m2019-03-12 16:26:37.161 UTC [endorser] callChaincode -\u003e INFO 0b3\u001b[0m [mychannel][13359053] Entry chaincode: name:\"mycc\" \n","stream":"stderr","time":"2019-03-12T16:26:37.161424085Z"}
{"log":"\u001b[34m2019-03-12 16:26:37.164 UTC [endorser] callChaincode -\u003e INFO 0b4\u001b[0m [mychannel][13359053] Exit chaincode: name:\"mycc\"  (3ms)\n","stream":"stderr","time":"2019-03-12T16:26:37.164613854Z"}
{"log":"\u001b[34m2019-03-12 16:26:37.164 UTC [comm.grpc.server] 1 -\u003e INFO 0b5\u001b[0m unary call completed {\"grpc.start_time\": \"2019-03-12T16:26:37.16Z\", \"grpc.service\": \"protos.Endorser\", \"grpc.method\": \"ProcessProposal\", \"grpc.peer_address\": \"172.19.0.7:38350\", \"grpc.code\": \"OK\", \"grpc.call_duration\": \"4.212642ms\"}\n","stream":"stderr","time":"2019-03-12T16:26:37.164801127Z"}
{"log":"\u001b[34m2019-03-12 16:26:47.173 UTC [gossip.privdata] StoreBlock -\u003e INFO 0b6\u001b[0m [mychannel] Received block [16] from buffer\n","stream":"stderr","time":"2019-03-12T16:26:47.173999435Z"}
{"log":"\u001b[34m2019-03-12 16:26:47.175 UTC [committer.txvalidator] Validate -\u003e INFO 0b7\u001b[0m [mychannel] Validated block [16] in 1ms\n","stream":"stderr","time":"2019-03-12T16:26:47.175299717Z"}
{"log":"\u001b[34m2019-03-12 16:26:47.251 UTC [kvledger] CommitWithPvtData -\u003e INFO 0b8\u001b[0m [mychannel] Committed block [16] with 1 transaction(s) in 76ms (state_validation=0ms block_commit=49ms state_commit=8ms)\n","stream":"stderr","time":"2019-03-12T16:26:47.252196924Z"}
{"log":"\u001b[34m2019-03-12 16:26:47.277 UTC [endorser] callChaincode -\u003e INFO 0b9\u001b[0m [mychannel][6f2ae9d6] Entry chaincode: name:\"mycc\" \n","stream":"stderr","time":"2019-03-12T16:26:47.277909273Z"}
{"log":"\u001b[34m2019-03-12 16:26:47.280 UTC [endorser] callChaincode -\u003e INFO 0ba\u001b[0m [mychannel][6f2ae9d6] Exit chaincode: name:\"mycc\"  (3ms)\n","stream":"stderr","time":"2019-03-12T16:26:47.280448799Z"}
{"log":"\u001b[34m2019-03-12 16:26:47.280 UTC [comm.grpc.server] 1 -\u003e INFO 0bb\u001b[0m unary call completed {\"grpc.start_time\": \"2019-03-12T16:26:47.277Z\", \"grpc.service\": \"protos.Endorser\", \"grpc.method\": \"ProcessProposal\", \"grpc.peer_address\": \"172.19.0.7:38360\", \"grpc.code\": \"OK\", \"grpc.call_duration\": \"3.608017ms\"}\n","stream":"stderr","time":"2019-03-12T16:26:47.280830247Z"}
{"log":"\u001b[34m2019-03-12 16:26:57.290 UTC [gossip.privdata] StoreBlock -\u003e INFO 0bc\u001b[0m [mychannel] Received block [17] from buffer\n","stream":"stderr","time":"2019-03-12T16:26:57.29114097Z"}
{"log":"\u001b[34m2019-03-12 16:26:57.292 UTC [committer.txvalidator] Validate -\u003e INFO 0bd\u001b[0m [mychannel] Validated block [17] in 1ms\n","stream":"stderr","time":"2019-03-12T16:26:57.292206866Z"}
{"log":"\u001b[34m2019-03-12 16:26:57.366 UTC [kvledger] CommitWithPvtData -\u003e INFO 0be\u001b[0m [mychannel] Committed block [17] with 1 transaction(s) in 73ms (state_validation=0ms block_commit=37ms state_commit=17ms)\n","stream":"stderr","time":"2019-03-12T16:26:57.366885267Z"}
{"log":"\u001b[34m2019-03-12 16:26:57.393 UTC [endorser] callChaincode -\u003e INFO 0bf\u001b[0m [mychannel][746299d9] Entry chaincode: name:\"mycc\" \n","stream":"stderr","time":"2019-03-12T16:26:57.393747976Z"}
{"log":"\u001b[34m2019-03-12 16:26:57.396 UTC [endorser] callChaincode -\u003e INFO 0c0\u001b[0m [mychannel][746299d9] Exit chaincode: name:\"mycc\"  (3ms)\n","stream":"stderr","time":"2019-03-12T16:26:57.396489588Z"}
{"log":"\u001b[34m2019-03-12 16:26:57.396 UTC [comm.grpc.server] 1 -\u003e INFO 0c1\u001b[0m unary call completed {\"grpc.start_time\": \"2019-03-12T16:26:57.392Z\", \"grpc.service\": \"protos.Endorser\", \"grpc.method\": \"ProcessProposal\", \"grpc.peer_address\": \"172.19.0.7:38370\", \"grpc.code\": \"OK\", \"grpc.call_duration\": \"4.262763ms\"}\n","stream":"stderr","time":"2019-03-12T16:26:57.396810636Z"}
{"log":"\u001b[34m2019-03-12 16:27:07.405 UTC [gossip.privdata] StoreBlock -\u003e INFO 0c2\u001b[0m [mychannel] Received block [18] from buffer\n","stream":"stderr","time":"2019-03-12T16:27:07.406047645Z"}
{"log":"\u001b[34m2019-03-12 16:27:07.406 UTC [committer.txvalidator] Validate -\u003e INFO 0c3\u001b[0m [mychannel] Validated block [18] in 0ms\n","stream":"stderr","time":"2019-03-12T16:27:07.407082908Z"}
{"log":"\u001b[34m2019-03-12 16:27:07.494 UTC [kvledger] CommitWithPvtData -\u003e INFO 0c4\u001b[0m [mychannel] Committed block [18] with 1 transaction(s) in 87ms (state_validation=0ms block_commit=50ms state_commit=9ms)\n","stream":"stderr","time":"2019-03-12T16:27:07.495112473Z"}
{"log":"\u001b[34m2019-03-12 16:27:07.507 UTC [endorser] callChaincode -\u003e INFO 0c5\u001b[0m [mychannel][873637f2] Entry chaincode: name:\"mycc\" \n","stream":"stderr","time":"2019-03-12T16:27:07.50804263Z"}
{"log":"\u001b[34m2019-03-12 16:27:07.511 UTC [endorser] callChaincode -\u003e INFO 0c6\u001b[0m [mychannel][873637f2] Exit chaincode: name:\"mycc\"  (3ms)\n","stream":"stderr","time":"2019-03-12T16:27:07.511349727Z"}
{"log":"\u001b[34m2019-03-12 16:27:07.511 UTC [comm.grpc.server] 1 -\u003e INFO 0c7\u001b[0m unary call completed {\"grpc.start_time\": \"2019-03-12T16:27:07.506Z\", \"grpc.service\": \"protos.Endorser\", \"grpc.method\": \"ProcessProposal\", \"grpc.peer_address\": \"172.19.0.7:38380\", \"grpc.code\": \"OK\", \"grpc.call_duration\": \"4.660977ms\"}\n","stream":"stderr","time":"2019-03-12T16:27:07.511790671Z"}
{"log":"\u001b[34m2019-03-12 16:27:17.519 UTC [gossip.privdata] StoreBlock -\u003e INFO 0c8\u001b[0m [mychannel] Received block [19] from buffer\n","stream":"stderr","time":"2019-03-12T16:27:17.519367616Z"}
{"log":"\u001b[34m2019-03-12 16:27:17.520 UTC [committer.txvalidator] Validate -\u003e INFO 0c9\u001b[0m [mychannel] Validated block [19] in 1ms\n","stream":"stderr","time":"2019-03-12T16:27:17.520885502Z"}
{"log":"\u001b[34m2019-03-12 16:27:17.623 UTC [endorser] callChaincode -\u003e INFO 0ca\u001b[0m [mychannel][ee35ab4e] Entry chaincode: name:\"mycc\" \n","stream":"stderr","time":"2019-03-12T16:27:17.624100643Z"}
{"log":"\u001b[34m2019-03-12 16:27:17.626 UTC [kvledger] CommitWithPvtData -\u003e INFO 0cb\u001b[0m [mychannel] Committed block [19] with 1 transaction(s) in 105ms (state_validation=0ms block_commit=58ms state_commit=37ms)\n","stream":"stderr","time":"2019-03-12T16:27:17.626402707Z"}
{"log":"\u001b[34m2019-03-12 16:27:17.627 UTC [endorser] callChaincode -\u003e INFO 0cc\u001b[0m [mychannel][ee35ab4e] Exit chaincode: name:\"mycc\"  (4ms)\n","stream":"stderr","time":"2019-03-12T16:27:17.627775211Z"}
{"log":"\u001b[34m2019-03-12 16:27:17.627 UTC [comm.grpc.server] 1 -\u003e INFO 0cd\u001b[0m unary call completed {\"grpc.start_time\": \"2019-03-12T16:27:17.622Z\", \"grpc.service\": \"protos.Endorser\", \"grpc.method\": \"ProcessProposal\", \"grpc.peer_address\": \"172.19.0.7:38390\", \"grpc.code\": \"OK\", \"grpc.call_duration\": \"5.272333ms\"}\n","stream":"stderr","time":"2019-03-12T16:27:17.62811584Z"}
{"log":"\u001b[34m2019-03-12 16:27:27.636 UTC [gossip.privdata] StoreBlock -\u003e INFO 0ce\u001b[0m [mychannel] Received block [20] from buffer\n","stream":"stderr","time":"2019-03-12T16:27:27.637969873Z"}
{"log":"\u001b[34m2019-03-12 16:27:27.638 UTC [committer.txvalidator] Validate -\u003e INFO 0cf\u001b[0m [mychannel] Validated block [20] in 1ms\n","stream":"stderr","time":"2019-03-12T16:27:27.638733455Z"}
{"log":"\u001b[34m2019-03-12 16:27:27.716 UTC [kvledger] CommitWithPvtData -\u003e INFO 0d0\u001b[0m [mychannel] Committed block [20] with 1 transaction(s) in 77ms (state_validation=0ms block_commit=49ms state_commit=19ms)\n","stream":"stderr","time":"2019-03-12T16:27:27.716777225Z"}
{"log":"\u001b[34m2019-03-12 16:27:27.733 UTC [endorser] callChaincode -\u003e INFO 0d1\u001b[0m [mychannel][ee9534ca] Entry chaincode: name:\"mycc\" \n","stream":"stderr","time":"2019-03-12T16:27:27.733256669Z"}
{"log":"\u001b[34m2019-03-12 16:27:27.735 UTC [endorser] callChaincode -\u003e INFO 0d2\u001b[0m [mychannel][ee9534ca] Exit chaincode: name:\"mycc\"  (2ms)\n","stream":"stderr","time":"2019-03-12T16:27:27.735566352Z"}
{"log":"\u001b[34m2019-03-12 16:27:27.735 UTC [comm.grpc.server] 1 -\u003e INFO 0d3\u001b[0m unary call completed {\"grpc.start_time\": \"2019-03-12T16:27:27.732Z\", \"grpc.service\": \"protos.Endorser\", \"grpc.method\": \"ProcessProposal\", \"grpc.peer_address\": \"172.19.0.7:38400\", \"grpc.code\": \"OK\", \"grpc.call_duration\": \"3.883362ms\"}\n","stream":"stderr","time":"2019-03-12T16:27:27.736130575Z"}
{"log":"\u001b[34m2019-03-12 16:27:37.746 UTC [gossip.privdata] StoreBlock -\u003e INFO 0d4\u001b[0m [mychannel] Received block [21] from buffer\n","stream":"stderr","time":"2019-03-12T16:27:37.746600861Z"}
{"log":"\u001b[34m2019-03-12 16:27:37.747 UTC [committer.txvalidator] Validate -\u003e INFO 0d5\u001b[0m [mychannel] Validated block [21] in 0ms\n","stream":"stderr","time":"2019-03-12T16:27:37.747485132Z"}
{"log":"\u001b[34m2019-03-12 16:27:37.831 UTC [kvledger] CommitWithPvtData -\u003e INFO 0d6\u001b[0m [mychannel] Committed block [21] with 1 transaction(s) in 84ms (state_validation=0ms block_commit=41ms state_commit=34ms)\n","stream":"stderr","time":"2019-03-12T16:27:37.831988294Z"}
{"log":"\u001b[34m2019-03-12 16:27:37.848 UTC [endorser] callChaincode -\u003e INFO 0d7\u001b[0m [mychannel][d1ecc971] Entry chaincode: name:\"mycc\" \n","stream":"stderr","time":"2019-03-12T16:27:37.848402916Z"}
{"log":"\u001b[34m2019-03-12 16:27:37.850 UTC [endorser] callChaincode -\u003e INFO 0d8\u001b[0m [mychannel][d1ecc971] Exit chaincode: name:\"mycc\"  (3ms)\n","stream":"stderr","time":"2019-03-12T16:27:37.851193854Z"}
{"log":"\u001b[34m2019-03-12 16:27:37.851 UTC [comm.grpc.server] 1 -\u003e INFO 0d9\u001b[0m unary call completed {\"grpc.start_time\": \"2019-03-12T16:27:37.847Z\", \"grpc.service\": \"protos.Endorser\", \"grpc.method\": \"ProcessProposal\", \"grpc.peer_address\": \"172.19.0.7:38410\", \"grpc.code\": \"OK\", \"grpc.call_duration\": \"3.819545ms\"}\n","stream":"stderr","time":"2019-03-12T16:27:37.851520093Z"}
{"log":"\u001b[34m2019-03-12 16:27:47.859 UTC [gossip.privdata] StoreBlock -\u003e INFO 0da\u001b[0m [mychannel] Received block [22] from buffer\n","stream":"stderr","time":"2019-03-12T16:27:47.859621563Z"}
{"log":"\u001b[34m2019-03-12 16:27:47.861 UTC [committer.txvalidator] Validate -\u003e INFO 0db\u001b[0m [mychannel] Validated block [22] in 1ms\n","stream":"stderr","time":"2019-03-12T16:27:47.861165679Z"}
{"log":"\u001b[34m2019-03-12 16:27:47.926 UTC [kvledger] CommitWithPvtData -\u003e INFO 0dc\u001b[0m [mychannel] Committed block [22] with 1 transaction(s) in 65ms (state_validation=0ms block_commit=29ms state_commit=17ms)\n","stream":"stderr","time":"2019-03-12T16:27:47.927226007Z"}
{"log":"\u001b[34m2019-03-12 16:27:47.957 UTC [endorser] callChaincode -\u003e INFO 0dd\u001b[0m [mychannel][5387e934] Entry chaincode: name:\"mycc\" \n","stream":"stderr","time":"2019-03-12T16:27:47.957817275Z"}
{"log":"\u001b[34m2019-03-12 16:27:47.961 UTC [endorser] callChaincode -\u003e INFO 0de\u001b[0m [mychannel][5387e934] Exit chaincode: name:\"mycc\"  (3ms)\n","stream":"stderr","time":"2019-03-12T16:27:47.9612964Z"}
{"log":"\u001b[34m2019-03-12 16:27:47.961 UTC [comm.grpc.server] 1 -\u003e INFO 0df\u001b[0m unary call completed {\"grpc.start_time\": \"2019-03-12T16:27:47.956Z\", \"grpc.service\": \"protos.Endorser\", \"grpc.method\": \"ProcessProposal\", \"grpc.peer_address\": \"172.19.0.7:38420\", \"grpc.code\": \"OK\", \"grpc.call_duration\": \"4.49547ms\"}\n","stream":"stderr","time":"2019-03-12T16:27:47.961536783Z"}
{"log":"\u001b[34m2019-03-12 16:27:57.969 UTC [gossip.privdata] StoreBlock -\u003e INFO 0e0\u001b[0m [mychannel] Received block [23] from buffer\n","stream":"stderr","time":"2019-03-12T16:27:57.970013929Z"}
{"log":"\u001b[34m2019-03-12 16:27:57.970 UTC [committer.txvalidator] Validate -\u003e INFO 0e1\u001b[0m [mychannel] Validated block [23] in 1ms\n","stream":"stderr","time":"2019-03-12T16:27:57.970635876Z"}
{"log":"\u001b[34m2019-03-12 16:27:58.063 UTC [kvledger] CommitWithPvtData -\u003e INFO 0e2\u001b[0m [mychannel] Committed block [23] with 1 transaction(s) in 92ms (state_validation=0ms block_commit=56ms state_commit=34ms)\n","stream":"stderr","time":"2019-03-12T16:27:58.063620755Z"}
{"log":"\u001b[34m2019-03-12 16:27:58.071 UTC [endorser] callChaincode -\u003e INFO 0e3\u001b[0m [mychannel][cab24923] Entry chaincode: name:\"mycc\" \n","stream":"stderr","time":"2019-03-12T16:27:58.071743161Z"}
{"log":"\u001b[34m2019-03-12 16:27:58.075 UTC [endorser] callChaincode -\u003e INFO 0e4\u001b[0m [mychannel][cab24923] Exit chaincode: name:\"mycc\"  (3ms)\n","stream":"stderr","time":"2019-03-12T16:27:58.079420203Z"}
{"log":"\u001b[34m2019-03-12 16:27:58.075 UTC [comm.grpc.server] 1 -\u003e INFO 0e5\u001b[0m unary call completed {\"grpc.start_time\": \"2019-03-12T16:27:58.07Z\", \"grpc.service\": \"protos.Endorser\", \"grpc.method\": \"ProcessProposal\", \"grpc.peer_address\": \"172.19.0.7:38430\", \"grpc.code\": \"OK\", \"grpc.call_duration\": \"4.939843ms\"}\n","stream":"stderr","time":"2019-03-12T16:27:58.079469497Z"}
{"log":"\u001b[34m2019-03-12 16:28:08.082 UTC [gossip.privdata] StoreBlock -\u003e INFO 0e6\u001b[0m [mychannel] Received block [24] from buffer\n","stream":"stderr","time":"2019-03-12T16:28:08.082236634Z"}
{"log":"\u001b[34m2019-03-12 16:28:08.083 UTC [committer.txvalidator] Validate -\u003e INFO 0e7\u001b[0m [mychannel] Validated block [24] in 0ms\n","stream":"stderr","time":"2019-03-12T16:28:08.083395879Z"}
{"log":"\u001b[34m2019-03-12 16:28:08.182 UTC [kvledger] CommitWithPvtData -\u003e INFO 0e8\u001b[0m [mychannel] Committed block [24] with 1 transaction(s) in 99ms (state_validation=0ms block_commit=55ms state_commit=34ms)\n","stream":"stderr","time":"2019-03-12T16:28:08.183032926Z"}
{"log":"\u001b[34m2019-03-12 16:28:08.183 UTC [endorser] callChaincode -\u003e INFO 0e9\u001b[0m [mychannel][d73f5af2] Entry chaincode: name:\"mycc\" \n","stream":"stderr","time":"2019-03-12T16:28:08.184123959Z"}
{"log":"\u001b[34m2019-03-12 16:28:08.187 UTC [endorser] callChaincode -\u003e INFO 0ea\u001b[0m [mychannel][d73f5af2] Exit chaincode: name:\"mycc\"  (3ms)\n","stream":"stderr","time":"2019-03-12T16:28:08.187582929Z"}
{"log":"\u001b[34m2019-03-12 16:28:08.187 UTC [comm.grpc.server] 1 -\u003e INFO 0eb\u001b[0m unary call completed {\"grpc.start_time\": \"2019-03-12T16:28:08.182Z\", \"grpc.service\": \"protos.Endorser\", \"grpc.method\": \"ProcessProposal\", \"grpc.peer_address\": \"172.19.0.7:38440\", \"grpc.code\": \"OK\", \"grpc.call_duration\": \"4.905947ms\"}\n","stream":"stderr","time":"2019-03-12T16:28:08.188088546Z"}
{"log":"\u001b[34m2019-03-12 16:28:18.199 UTC [gossip.privdata] StoreBlock -\u003e INFO 0ec\u001b[0m [mychannel] Received block [25] from buffer\n","stream":"stderr","time":"2019-03-12T16:28:18.199269167Z"}
{"log":"\u001b[34m2019-03-12 16:28:18.200 UTC [committer.txvalidator] Validate -\u003e INFO 0ed\u001b[0m [mychannel] Validated block [25] in 1ms\n","stream":"stderr","time":"2019-03-12T16:28:18.20054798Z"}
{"log":"\u001b[34m2019-03-12 16:28:18.277 UTC [kvledger] CommitWithPvtData -\u003e INFO 0ee\u001b[0m [mychannel] Committed block [25] with 1 transaction(s) in 76ms (state_validation=0ms block_commit=49ms state_commit=18ms)\n","stream":"stderr","time":"2019-03-12T16:28:18.277922015Z"}
{"log":"\u001b[34m2019-03-12 16:28:18.306 UTC [endorser] callChaincode -\u003e INFO 0ef\u001b[0m [mychannel][72e5af0c] Entry chaincode: name:\"mycc\" \n","stream":"stderr","time":"2019-03-12T16:28:18.306800293Z"}
{"log":"\u001b[34m2019-03-12 16:28:18.309 UTC [endorser] callChaincode -\u003e INFO 0f0\u001b[0m [mychannel][72e5af0c] Exit chaincode: name:\"mycc\"  (3ms)\n","stream":"stderr","time":"2019-03-12T16:28:18.309413883Z"}
{"log":"\u001b[34m2019-03-12 16:28:18.309 UTC [comm.grpc.server] 1 -\u003e INFO 0f1\u001b[0m unary call completed {\"grpc.start_time\": \"2019-03-12T16:28:18.305Z\", \"grpc.service\": \"protos.Endorser\", \"grpc.method\": \"ProcessProposal\", \"grpc.peer_address\": \"172.19.0.7:38450\", \"grpc.code\": \"OK\", \"grpc.call_duration\": \"3.878644ms\"}\n","stream":"stderr","time":"2019-03-12T16:28:18.309688413Z"}
{"log":"\u001b[34m2019-03-12 16:28:28.321 UTC [gossip.privdata] StoreBlock -\u003e INFO 0f2\u001b[0m [mychannel] Received block [26] from buffer\n","stream":"stderr","time":"2019-03-12T16:28:28.321921744Z"}
{"log":"\u001b[34m2019-03-12 16:28:28.322 UTC [committer.txvalidator] Validate -\u003e INFO 0f3\u001b[0m [mychannel] Validated block [26] in 0ms\n","stream":"stderr","time":"2019-03-12T16:28:28.322750715Z"}
{"log":"\u001b[34m2019-03-12 16:28:28.388 UTC [kvledger] CommitWithPvtData -\u003e INFO 0f4\u001b[0m [mychannel] Committed block [26] with 1 transaction(s) in 65ms (state_validation=0ms block_commit=39ms state_commit=16ms)\n","stream":"stderr","time":"2019-03-12T16:28:28.388455871Z"}
{"log":"\u001b[34m2019-03-12 16:28:28.428 UTC [endorser] callChaincode -\u003e INFO 0f5\u001b[0m [mychannel][a094a07d] Entry chaincode: name:\"mycc\" \n","stream":"stderr","time":"2019-03-12T16:28:28.428762014Z"}
{"log":"\u001b[34m2019-03-12 16:28:28.431 UTC [endorser] callChaincode -\u003e INFO 0f6\u001b[0m [mychannel][a094a07d] Exit chaincode: name:\"mycc\"  (3ms)\n","stream":"stderr","time":"2019-03-12T16:28:28.431518054Z"}
{"log":"\u001b[34m2019-03-12 16:28:28.431 UTC [comm.grpc.server] 1 -\u003e INFO 0f7\u001b[0m unary call completed {\"grpc.start_time\": \"2019-03-12T16:28:28.427Z\", \"grpc.service\": \"protos.Endorser\", \"grpc.method\": \"ProcessProposal\", \"grpc.peer_address\": \"172.19.0.7:38460\", \"grpc.code\": \"OK\", \"grpc.call_duration\": \"3.864948ms\"}\n","stream":"stderr","time":"2019-03-12T16:28:28.431943554Z"}
{"log":"\u001b[34m2019-03-12 16:28:38.440 UTC [gossip.privdata] StoreBlock -\u003e INFO 0f8\u001b[0m [mychannel] Received block [27] from buffer\n","stream":"stderr","time":"2019-03-12T16:28:38.440730639Z"}
{"log":"\u001b[34m2019-03-12 16:28:38.441 UTC [committer.txvalidator] Validate -\u003e INFO 0f9\u001b[0m [mychannel] Validated block [27] in 1ms\n","stream":"stderr","time":"2019-03-12T16:28:38.441790613Z"}
{"log":"\u001b[34m2019-03-12 16:28:38.509 UTC [kvledger] CommitWithPvtData -\u003e INFO 0fa\u001b[0m [mychannel] Committed block [27] with 1 transaction(s) in 67ms (state_validation=0ms block_commit=39ms state_commit=18ms)\n","stream":"stderr","time":"2019-03-12T16:28:38.510080138Z"}
{"log":"\u001b[34m2019-03-12 16:28:38.538 UTC [endorser] callChaincode -\u003e INFO 0fb\u001b[0m [mychannel][49fd59b2] Entry chaincode: name:\"mycc\" \n","stream":"stderr","time":"2019-03-12T16:28:38.538606688Z"}
{"log":"\u001b[34m2019-03-12 16:28:38.541 UTC [endorser] callChaincode -\u003e INFO 0fc\u001b[0m [mychannel][49fd59b2] Exit chaincode: name:\"mycc\"  (3ms)\n","stream":"stderr","time":"2019-03-12T16:28:38.541784156Z"}
{"log":"\u001b[34m2019-03-12 16:28:38.542 UTC [comm.grpc.server] 1 -\u003e INFO 0fd\u001b[0m unary call completed {\"grpc.start_time\": \"2019-03-12T16:28:38.537Z\", \"grpc.service\": \"protos.Endorser\", \"grpc.method\": \"ProcessProposal\", \"grpc.peer_address\": \"172.19.0.7:38470\", \"grpc.code\": \"OK\", \"grpc.call_duration\": \"4.462903ms\"}\n","stream":"stderr","time":"2019-03-12T16:28:38.542400935Z"}
{"log":"\u001b[34m2019-03-12 16:28:48.552 UTC [gossip.privdata] StoreBlock -\u003e INFO 0fe\u001b[0m [mychannel] Received block [28] from buffer\n","stream":"stderr","time":"2019-03-12T16:28:48.553171402Z"}
{"log":"\u001b[34m2019-03-12 16:28:48.554 UTC [committer.txvalidator] Validate -\u003e INFO 0ff\u001b[0m [mychannel] Validated block [28] in 1ms\n","stream":"stderr","time":"2019-03-12T16:28:48.554890084Z"}
{"log":"\u001b[34m2019-03-12 16:28:48.630 UTC [kvledger] CommitWithPvtData -\u003e INFO 100\u001b[0m [mychannel] Committed block [28] with 1 transaction(s) in 75ms (state_validation=0ms block_commit=37ms state_commit=36ms)\n","stream":"stderr","time":"2019-03-12T16:28:48.630491463Z"}
{"log":"\u001b[34m2019-03-12 16:28:48.641 UTC [endorser] callChaincode -\u003e INFO 101\u001b[0m [mychannel][7ae7eece] Entry chaincode: name:\"mycc\" \n","stream":"stderr","time":"2019-03-12T16:28:48.641330212Z"}
{"log":"\u001b[34m2019-03-12 16:28:48.644 UTC [endorser] callChaincode -\u003e INFO 102\u001b[0m [mychannel][7ae7eece] Exit chaincode: name:\"mycc\"  (3ms)\n","stream":"stderr","time":"2019-03-12T16:28:48.646206023Z"}
{"log":"\u001b[34m2019-03-12 16:28:48.644 UTC [comm.grpc.server] 1 -\u003e INFO 103\u001b[0m unary call completed {\"grpc.start_time\": \"2019-03-12T16:28:48.64Z\", \"grpc.service\": \"protos.Endorser\", \"grpc.method\": \"ProcessProposal\", \"grpc.peer_address\": \"172.19.0.7:38480\", \"grpc.code\": \"OK\", \"grpc.call_duration\": \"4.377369ms\"}\n","stream":"stderr","time":"2019-03-12T16:28:48.646218784Z"}
{"log":"\u001b[34m2019-03-12 16:28:58.652 UTC [gossip.privdata] StoreBlock -\u003e INFO 104\u001b[0m [mychannel] Received block [29] from buffer\n","stream":"stderr","time":"2019-03-12T16:28:58.6524977Z"}
{"log":"\u001b[34m2019-03-12 16:28:58.653 UTC [committer.txvalidator] Validate -\u003e INFO 105\u001b[0m [mychannel] Validated block [29] in 1ms\n","stream":"stderr","time":"2019-03-12T16:28:58.653946381Z"}
{"log":"\u001b[34m2019-03-12 16:28:58.745 UTC [kvledger] CommitWithPvtData -\u003e INFO 106\u001b[0m [mychannel] Committed block [29] with 1 transaction(s) in 91ms (state_validation=0ms block_commit=47ms state_commit=16ms)\n","stream":"stderr","time":"2019-03-12T16:28:58.74592005Z"}
{"log":"\u001b[34m2019-03-12 16:28:58.755 UTC [endorser] callChaincode -\u003e INFO 107\u001b[0m [mychannel][0b0cee9a] Entry chaincode: name:\"mycc\" \n","stream":"stderr","time":"2019-03-12T16:28:58.755944667Z"}
{"log":"\u001b[34m2019-03-12 16:28:58.758 UTC [endorser] callChaincode -\u003e INFO 108\u001b[0m [mychannel][0b0cee9a] Exit chaincode: name:\"mycc\"  (3ms)\n","stream":"stderr","time":"2019-03-12T16:28:58.758719001Z"}
{"log":"\u001b[34m2019-03-12 16:28:58.758 UTC [comm.grpc.server] 1 -\u003e INFO 109\u001b[0m unary call completed {\"grpc.start_time\": \"2019-03-12T16:28:58.754Z\", \"grpc.service\": \"protos.Endorser\", \"grpc.method\": \"ProcessProposal\", \"grpc.peer_address\": \"172.19.0.7:38490\", \"grpc.code\": \"OK\", \"grpc.call_duration\": \"4.513456ms\"}\n","stream":"stderr","time":"2019-03-12T16:28:58.759151084Z"}
{"log":"\u001b[34m2019-03-12 16:29:08.766 UTC [gossip.privdata] StoreBlock -\u003e INFO 10a\u001b[0m [mychannel] Received block [30] from buffer\n","stream":"stderr","time":"2019-03-12T16:29:08.766256788Z"}
{"log":"\u001b[34m2019-03-12 16:29:08.767 UTC [committer.txvalidator] Validate -\u003e INFO 10b\u001b[0m [mychannel] Validated block [30] in 1ms\n","stream":"stderr","time":"2019-03-12T16:29:08.76757827Z"}
{"log":"\u001b[34m2019-03-12 16:29:08.842 UTC [kvledger] CommitWithPvtData -\u003e INFO 10c\u001b[0m [mychannel] Committed block [30] with 1 transaction(s) in 74ms (state_validation=0ms block_commit=38ms state_commit=9ms)\n","stream":"stderr","time":"2019-03-12T16:29:08.842376856Z"}
{"log":"\u001b[34m2019-03-12 17:05:28.174 UTC [endorser] callChaincode -\u003e INFO 10d\u001b[0m [mychannel][003c5f04] Entry chaincode: name:\"mycc\" \n","stream":"stderr","time":"2019-03-12T17:05:28.174432478Z"}
{"log":"\u001b[34m2019-03-12 17:05:28.175 UTC [endorser] callChaincode -\u003e INFO 10e\u001b[0m [mychannel][003c5f04] Exit chaincode: name:\"mycc\"  (1ms)\n","stream":"stderr","time":"2019-03-12T17:05:28.175904882Z"}
{"log":"\u001b[34m2019-03-12 17:05:28.176 UTC [comm.grpc.server] 1 -\u003e INFO 10f\u001b[0m unary call completed {\"grpc.start_time\": \"2019-03-12T17:05:28.173Z\", \"grpc.service\": \"protos.Endorser\", \"grpc.method\": \"ProcessProposal\", \"grpc.peer_address\": \"172.19.0.7:38526\", \"grpc.code\": \"OK\", \"grpc.call_duration\": \"2.375244ms\"}\n","stream":"stderr","time":"2019-03-12T17:05:28.176249367Z"}
{"log":"\u001b[34m2019-03-12 17:05:38.185 UTC [gossip.privdata] StoreBlock -\u003e INFO 110\u001b[0m [mychannel] Received block [31] from buffer\n","stream":"stderr","time":"2019-03-12T17:05:38.186104129Z"}
{"log":"\u001b[34m2019-03-12 17:05:38.186 UTC [committer.txvalidator] Validate -\u003e INFO 111\u001b[0m [mychannel] Validated block [31] in 0ms\n","stream":"stderr","time":"2019-03-12T17:05:38.186880116Z"}
{"log":"\u001b[34m2019-03-12 17:05:38.272 UTC [kvledger] CommitWithPvtData -\u003e INFO 112\u001b[0m [mychannel] Committed block [31] with 1 transaction(s) in 85ms (state_validation=0ms block_commit=47ms state_commit=29ms)\n","stream":"stderr","time":"2019-03-12T17:05:38.273026475Z"}
{"log":"\u001b[34m2019-03-12 17:06:31.917 UTC [endorser] callChaincode -\u003e INFO 113\u001b[0m [mychannel][c98a92af] Entry chaincode: name:\"mycc\" \n","stream":"stderr","time":"2019-03-12T17:06:31.918128161Z"}
{"log":"\u001b[34m2019-03-12 17:06:31.919 UTC [endorser] callChaincode -\u003e INFO 114\u001b[0m [mychannel][c98a92af] Exit chaincode: name:\"mycc\"  (1ms)\n","stream":"stderr","time":"2019-03-12T17:06:31.919485271Z"}
{"log":"\u001b[34m2019-03-12 17:06:31.919 UTC [comm.grpc.server] 1 -\u003e INFO 115\u001b[0m unary call completed {\"grpc.start_time\": \"2019-03-12T17:06:31.917Z\", \"grpc.service\": \"protos.Endorser\", \"grpc.method\": \"ProcessProposal\", \"grpc.peer_address\": \"172.19.0.7:38536\", \"grpc.code\": \"OK\", \"grpc.call_duration\": \"2.450667ms\"}\n","stream":"stderr","time":"2019-03-12T17:06:31.919817307Z"}
{"log":"\u001b[34m2019-03-12 17:06:35.647 UTC [endorser] callChaincode -\u003e INFO 116\u001b[0m [mychannel][faa2b7a3] Entry chaincode: name:\"mycc\" \n","stream":"stderr","time":"2019-03-12T17:06:35.647890642Z"}
{"log":"\u001b[34m2019-03-12 17:06:35.648 UTC [endorser] callChaincode -\u003e INFO 117\u001b[0m [mychannel][faa2b7a3] Exit chaincode: name:\"mycc\"  (1ms)\n","stream":"stderr","time":"2019-03-12T17:06:35.64925798Z"}
{"log":"\u001b[34m2019-03-12 17:06:35.649 UTC [comm.grpc.server] 1 -\u003e INFO 118\u001b[0m unary call completed {\"grpc.start_time\": \"2019-03-12T17:06:35.646Z\", \"grpc.service\": \"protos.Endorser\", \"grpc.method\": \"ProcessProposal\", \"grpc.peer_address\": \"172.19.0.7:38546\", \"grpc.code\": \"OK\", \"grpc.call_duration\": \"2.841105ms\"}\n","stream":"stderr","time":"2019-03-12T17:06:35.649663566Z"}
{"log":"\u001b[34m2019-03-12 17:06:38.225 UTC [endorser] callChaincode -\u003e INFO 119\u001b[0m [mychannel][0c90acb2] Entry chaincode: name:\"mycc\" \n","stream":"stderr","time":"2019-03-12T17:06:38.22571993Z"}
{"log":"\u001b[34m2019-03-12 17:06:38.226 UTC [endorser] callChaincode -\u003e INFO 11a\u001b[0m [mychannel][0c90acb2] Exit chaincode: name:\"mycc\"  (1ms)\n","stream":"stderr","time":"2019-03-12T17:06:38.226930072Z"}
{"log":"\u001b[34m2019-03-12 17:06:38.227 UTC [comm.grpc.server] 1 -\u003e INFO 11b\u001b[0m unary call completed {\"grpc.start_time\": \"2019-03-12T17:06:38.224Z\", \"grpc.service\": \"protos.Endorser\", \"grpc.method\": \"ProcessProposal\", \"grpc.peer_address\": \"172.19.0.7:38556\", \"grpc.code\": \"OK\", \"grpc.call_duration\": \"2.501659ms\"}\n","stream":"stderr","time":"2019-03-12T17:06:38.227420747Z"}
{"log":"\u001b[34m2019-03-12 17:06:38.918 UTC [endorser] callChaincode -\u003e INFO 11c\u001b[0m [mychannel][ad986098] Entry chaincode: name:\"mycc\" \n","stream":"stderr","time":"2019-03-12T17:06:38.918193108Z"}
{"log":"\u001b[34m2019-03-12 17:06:38.919 UTC [endorser] callChaincode -\u003e INFO 11d\u001b[0m [mychannel][ad986098] Exit chaincode: name:\"mycc\"  (1ms)\n","stream":"stderr","time":"2019-03-12T17:06:38.919452512Z"}
{"log":"\u001b[34m2019-03-12 17:06:38.919 UTC [comm.grpc.server] 1 -\u003e INFO 11e\u001b[0m unary call completed {\"grpc.start_time\": \"2019-03-12T17:06:38.917Z\", \"grpc.service\": \"protos.Endorser\", \"grpc.method\": \"ProcessProposal\", \"grpc.peer_address\": \"172.19.0.7:38566\", \"grpc.code\": \"OK\", \"grpc.call_duration\": \"2.19621ms\"}\n","stream":"stderr","time":"2019-03-12T17:06:38.919787276Z"}
{"log":"\u001b[34m2019-03-12 17:06:40.770 UTC [endorser] callChaincode -\u003e INFO 11f\u001b[0m [mychannel][b7a86983] Entry chaincode: name:\"mycc\" \n","stream":"stderr","time":"2019-03-12T17:06:40.770585584Z"}
{"log":"\u001b[34m2019-03-12 17:06:40.772 UTC [endorser] callChaincode -\u003e INFO 120\u001b[0m [mychannel][b7a86983] Exit chaincode: name:\"mycc\"  (2ms)\n","stream":"stderr","time":"2019-03-12T17:06:40.772244301Z"}
{"log":"\u001b[34m2019-03-12 17:06:40.772 UTC [comm.grpc.server] 1 -\u003e INFO 121\u001b[0m unary call completed {\"grpc.start_time\": \"2019-03-12T17:06:40.769Z\", \"grpc.service\": \"protos.Endorser\", \"grpc.method\": \"ProcessProposal\", \"grpc.peer_address\": \"172.19.0.7:38576\", \"grpc.code\": \"OK\", \"grpc.call_duration\": \"2.972846ms\"}\n","stream":"stderr","time":"2019-03-12T17:06:40.772618453Z"}
{"log":"\u001b[34m2019-03-12 17:06:41.493 UTC [endorser] callChaincode -\u003e INFO 122\u001b[0m [mychannel][030abf9f] Entry chaincode: name:\"mycc\" \n","stream":"stderr","time":"2019-03-12T17:06:41.493643646Z"}
{"log":"\u001b[34m2019-03-12 17:06:41.494 UTC [endorser] callChaincode -\u003e INFO 123\u001b[0m [mychannel][030abf9f] Exit chaincode: name:\"mycc\"  (1ms)\n","stream":"stderr","time":"2019-03-12T17:06:41.49512122Z"}
{"log":"\u001b[34m2019-03-12 17:06:41.495 UTC [comm.grpc.server] 1 -\u003e INFO 124\u001b[0m unary call completed {\"grpc.start_time\": \"2019-03-12T17:06:41.492Z\", \"grpc.service\": \"protos.Endorser\", \"grpc.method\": \"ProcessProposal\", \"grpc.peer_address\": \"172.19.0.7:38586\", \"grpc.code\": \"OK\", \"grpc.call_duration\": \"2.605909ms\"}\n","stream":"stderr","time":"2019-03-12T17:06:41.495538674Z"}
{"log":"\u001b[34m2019-03-12 17:06:41.931 UTC [gossip.privdata] StoreBlock -\u003e INFO 125\u001b[0m [mychannel] Received block [32] from buffer\n","stream":"stderr","time":"2019-03-12T17:06:41.932186596Z"}
{"log":"\u001b[34m2019-03-12 17:06:41.940 UTC [committer.txvalidator] Validate -\u003e INFO 126\u001b[0m [mychannel] Validated block [32] in 8ms\n","stream":"stderr","time":"2019-03-12T17:06:41.940556904Z"}
{"log":"\u001b[34m2019-03-12 17:06:42.021 UTC [kvledger] CommitWithPvtData -\u003e INFO 127\u001b[0m [mychannel] Committed block [32] with 6 transaction(s) in 80ms (state_validation=0ms block_commit=39ms state_commit=31ms)\n","stream":"stderr","time":"2019-03-12T17:06:42.021841794Z"}
{"log":"\u001b[34m2019-03-12 17:06:42.111 UTC [endorser] callChaincode -\u003e INFO 128\u001b[0m [mychannel][a1eab0d2] Entry chaincode: name:\"mycc\" \n","stream":"stderr","time":"2019-03-12T17:06:42.111439182Z"}
{"log":"\u001b[34m2019-03-12 17:06:42.112 UTC [endorser] callChaincode -\u003e INFO 129\u001b[0m [mychannel][a1eab0d2] Exit chaincode: name:\"mycc\"  (1ms)\n","stream":"stderr","time":"2019-03-12T17:06:42.11267083Z"}
{"log":"\u001b[34m2019-03-12 17:06:42.112 UTC [comm.grpc.server] 1 -\u003e INFO 12a\u001b[0m unary call completed {\"grpc.start_time\": \"2019-03-12T17:06:42.11Z\", \"grpc.service\": \"protos.Endorser\", \"grpc.method\": \"ProcessProposal\", \"grpc.peer_address\": \"172.19.0.7:38596\", \"grpc.code\": \"OK\", \"grpc.call_duration\": \"2.318849ms\"}\n","stream":"stderr","time":"2019-03-12T17:06:42.113044556Z"}
{"log":"\u001b[34m2019-03-12 17:06:43.226 UTC [endorser] callChaincode -\u003e INFO 12b\u001b[0m [mychannel][c8988da0] Entry chaincode: name:\"mycc\" \n","stream":"stderr","time":"2019-03-12T17:06:43.227110364Z"}
{"log":"\u001b[34m2019-03-12 17:06:43.230 UTC [endorser] callChaincode -\u003e INFO 12c\u001b[0m [mychannel][c8988da0] Exit chaincode: name:\"mycc\"  (3ms)\n","stream":"stderr","time":"2019-03-12T17:06:43.230298119Z"}
{"log":"\u001b[34m2019-03-12 17:06:43.230 UTC [comm.grpc.server] 1 -\u003e INFO 12d\u001b[0m unary call completed {\"grpc.start_time\": \"2019-03-12T17:06:43.226Z\", \"grpc.service\": \"protos.Endorser\", \"grpc.method\": \"ProcessProposal\", \"grpc.peer_address\": \"172.19.0.7:38606\", \"grpc.code\": \"OK\", \"grpc.call_duration\": \"4.484539ms\"}\n","stream":"stderr","time":"2019-03-12T17:06:43.230720611Z"}
{"log":"\u001b[34m2019-03-12 17:06:44.314 UTC [endorser] callChaincode -\u003e INFO 12e\u001b[0m [mychannel][729d3258] Entry chaincode: name:\"mycc\" \n","stream":"stderr","time":"2019-03-12T17:06:44.315174938Z"}
{"log":"\u001b[34m2019-03-12 17:06:44.316 UTC [endorser] callChaincode -\u003e INFO 12f\u001b[0m [mychannel][729d3258] Exit chaincode: name:\"mycc\"  (1ms)\n","stream":"stderr","time":"2019-03-12T17:06:44.316516576Z"}
{"log":"\u001b[34m2019-03-12 17:06:44.316 UTC [comm.grpc.server] 1 -\u003e INFO 130\u001b[0m unary call completed {\"grpc.start_time\": \"2019-03-12T17:06:44.313Z\", \"grpc.service\": \"protos.Endorser\", \"grpc.method\": \"ProcessProposal\", \"grpc.peer_address\": \"172.19.0.7:38616\", \"grpc.code\": \"OK\", \"grpc.call_duration\": \"2.677034ms\"}\n","stream":"stderr","time":"2019-03-12T17:06:44.316927919Z"}
{"log":"\u001b[34m2019-03-12 17:06:45.378 UTC [endorser] callChaincode -\u003e INFO 131\u001b[0m [mychannel][83ee79f2] Entry chaincode: name:\"mycc\" \n","stream":"stderr","time":"2019-03-12T17:06:45.378475619Z"}
{"log":"\u001b[34m2019-03-12 17:06:45.379 UTC [endorser] callChaincode -\u003e INFO 132\u001b[0m [mychannel][83ee79f2] Exit chaincode: name:\"mycc\"  (1ms)\n","stream":"stderr","time":"2019-03-12T17:06:45.379683555Z"}
{"log":"\u001b[34m2019-03-12 17:06:45.382 UTC [comm.grpc.server] 1 -\u003e INFO 133\u001b[0m unary call completed {\"grpc.start_time\": \"2019-03-12T17:06:45.377Z\", \"grpc.service\": \"protos.Endorser\", \"grpc.method\": \"ProcessProposal\", \"grpc.peer_address\": \"172.19.0.7:38626\", \"grpc.code\": \"OK\", \"grpc.call_duration\": \"4.444715ms\"}\n","stream":"stderr","time":"2019-03-12T17:06:45.382315149Z"}
{"log":"\u001b[34m2019-03-12 17:06:46.320 UTC [endorser] callChaincode -\u003e INFO 134\u001b[0m [mychannel][54bf955a] Entry chaincode: name:\"mycc\" \n","stream":"stderr","time":"2019-03-12T17:06:46.32064463Z"}
{"log":"\u001b[34m2019-03-12 17:06:46.321 UTC [endorser] callChaincode -\u003e INFO 135\u001b[0m [mychannel][54bf955a] Exit chaincode: name:\"mycc\"  (1ms)\n","stream":"stderr","time":"2019-03-12T17:06:46.321745524Z"}
{"log":"\u001b[34m2019-03-12 17:06:46.321 UTC [comm.grpc.server] 1 -\u003e INFO 136\u001b[0m unary call completed {\"grpc.start_time\": \"2019-03-12T17:06:46.319Z\", \"grpc.service\": \"protos.Endorser\", \"grpc.method\": \"ProcessProposal\", \"grpc.peer_address\": \"172.19.0.7:38636\", \"grpc.code\": \"OK\", \"grpc.call_duration\": \"2.175324ms\"}\n","stream":"stderr","time":"2019-03-12T17:06:46.321884766Z"}
{"log":"\u001b[34m2019-03-12 17:06:47.156 UTC [endorser] callChaincode -\u003e INFO 137\u001b[0m [mychannel][baad88c8] Entry chaincode: name:\"mycc\" \n","stream":"stderr","time":"2019-03-12T17:06:47.156877899Z"}
{"log":"\u001b[34m2019-03-12 17:06:47.158 UTC [endorser] callChaincode -\u003e INFO 138\u001b[0m [mychannel][baad88c8] Exit chaincode: name:\"mycc\"  (2ms)\n","stream":"stderr","time":"2019-03-12T17:06:47.158808778Z"}
{"log":"\u001b[34m2019-03-12 17:06:47.159 UTC [comm.grpc.server] 1 -\u003e INFO 139\u001b[0m unary call completed {\"grpc.start_time\": \"2019-03-12T17:06:47.155Z\", \"grpc.service\": \"protos.Endorser\", \"grpc.method\": \"ProcessProposal\", \"grpc.peer_address\": \"172.19.0.7:38646\", \"grpc.code\": \"OK\", \"grpc.call_duration\": \"3.47071ms\"}\n","stream":"stderr","time":"2019-03-12T17:06:47.159287683Z"}
{"log":"\u001b[34m2019-03-12 17:06:49.173 UTC [endorser] callChaincode -\u003e INFO 13a\u001b[0m [mychannel][7f4248ae] Entry chaincode: name:\"mycc\" \n","stream":"stderr","time":"2019-03-12T17:06:49.173865057Z"}
{"log":"\u001b[34m2019-03-12 17:06:49.175 UTC [endorser] callChaincode -\u003e INFO 13b\u001b[0m [mychannel][7f4248ae] Exit chaincode: name:\"mycc\"  (1ms)\n","stream":"stderr","time":"2019-03-12T17:06:49.175325452Z"}
{"log":"\u001b[34m2019-03-12 17:06:49.175 UTC [comm.grpc.server] 1 -\u003e INFO 13c\u001b[0m unary call completed {\"grpc.start_time\": \"2019-03-12T17:06:49.172Z\", \"grpc.service\": \"protos.Endorser\", \"grpc.method\": \"ProcessProposal\", \"grpc.peer_address\": \"172.19.0.7:38656\", \"grpc.code\": \"OK\", \"grpc.call_duration\": \"3.002705ms\"}\n","stream":"stderr","time":"2019-03-12T17:06:49.175887555Z"}
{"log":"\u001b[34m2019-03-12 17:06:52.122 UTC [gossip.privdata] StoreBlock -\u003e INFO 13d\u001b[0m [mychannel] Received block [33] from buffer\n","stream":"stderr","time":"2019-03-12T17:06:52.125558865Z"}
{"log":"\u001b[34m2019-03-12 17:06:52.133 UTC [committer.txvalidator] Validate -\u003e INFO 13e\u001b[0m [mychannel] Validated block [33] in 10ms\n","stream":"stderr","time":"2019-03-12T17:06:52.133257211Z"}
{"log":"\u001b[34m2019-03-12 17:06:52.221 UTC [kvledger] CommitWithPvtData -\u003e INFO 13f\u001b[0m [mychannel] Committed block [33] with 7 transaction(s) in 88ms (state_validation=0ms block_commit=48ms state_commit=30ms)\n","stream":"stderr","time":"2019-03-12T17:06:52.222130063Z"}
{"log":"\u001b[34m2019-03-12 17:37:31.437 UTC [comm.grpc.server] 1 -\u003e INFO 140\u001b[0m streaming call completed {\"grpc.start_time\": \"2019-03-12T15:32:12.384Z\", \"grpc.service\": \"gossip.Gossip\", \"grpc.method\": \"GossipStream\", \"grpc.peer_address\": \"172.19.0.2:57890\", \"grpc.peer_subject\": \"CN=peer0.org1.example.com,L=San Francisco,ST=California,C=US\", \"error\": \"rpc error: code = Canceled desc = context canceled\", \"grpc.code\": \"Canceled\", \"grpc.call_duration\": \"2h5m19.052945296s\"}\n","stream":"stderr","time":"2019-03-12T17:37:31.445909727Z"}
{"log":"\u001b[33m2019-03-12 17:37:31.440 UTC [gossip.comm] func1 -\u003e WARN 141\u001b[0m peer1.org1.example.com:7051, PKIid:1f18112adb4935de45ef4d9702129cf468e8ff4ebecaf35f427740bd61ec1858 isn't responsive: EOF\n","stream":"stderr","time":"2019-03-12T17:37:31.445926914Z"}
{"log":"\u001b[33m2019-03-12 17:37:31.442 UTC [gossip.discovery] expireDeadMembers -\u003e WARN 142\u001b[0m Entering [1f18112adb4935de45ef4d9702129cf468e8ff4ebecaf35f427740bd61ec1858]\n","stream":"stderr","time":"2019-03-12T17:37:31.44593315Z"}
{"log":"\u001b[33m2019-03-12 17:37:31.442 UTC [gossip.discovery] expireDeadMembers -\u003e WARN 143\u001b[0m Closing connection to Endpoint: peer1.org1.example.com:7051, InternalEndpoint: , PKI-ID: 1f18112adb4935de45ef4d9702129cf468e8ff4ebecaf35f427740bd61ec1858, Metadata: \n","stream":"stderr","time":"2019-03-12T17:37:31.445938684Z"}
{"log":"\u001b[33m2019-03-12 17:37:31.442 UTC [gossip.discovery] expireDeadMembers -\u003e WARN 144\u001b[0m Exiting\n","stream":"stderr","time":"2019-03-12T17:37:31.445944547Z"}
{"log":"\u001b[34m2019-03-12 17:37:31.463 UTC [comm.grpc.server] 1 -\u003e INFO 145\u001b[0m streaming call completed {\"grpc.start_time\": \"2019-03-12T15:32:12.416Z\", \"grpc.service\": \"gossip.Gossip\", \"grpc.method\": \"GossipStream\", \"grpc.peer_address\": \"172.19.0.6:58606\", \"grpc.peer_subject\": \"CN=peer1.org2.example.com,L=San Francisco,ST=California,C=US\", \"error\": \"EOF\", \"grpc.code\": \"Unknown\", \"grpc.call_duration\": \"2h5m19.046698967s\"}\n","stream":"stderr","time":"2019-03-12T17:37:31.463479764Z"}
{"log":"\u001b[34m2019-03-12 17:37:31.470 UTC [nodeCmd] handleSignals -\u003e INFO 146\u001b[0m Received signal: 15 (terminated)\n","stream":"stderr","time":"2019-03-12T17:37:31.471647791Z"}
{"log":"\u001b[34m2019-03-12 17:37:31.470 UTC [gossip.service] Stop -\u003e INFO 147\u001b[0m Stopping chain mychannel\n","stream":"stderr","time":"2019-03-12T17:37:31.471677054Z"}
{"log":"\u001b[34m2019-03-12 17:37:31.470 UTC [gossip.service] Stop -\u003e INFO 148\u001b[0m Stopping leader election for mychannel\n","stream":"stderr","time":"2019-03-12T17:37:31.471684005Z"}
{"log":"\u001b[34m2019-03-12 17:37:31.471 UTC [gossip.gossip] Stop -\u003e INFO 149\u001b[0m Stopping gossip\n","stream":"stderr","time":"2019-03-12T17:37:31.471689641Z"}
{"log":"\u001b[34m2019-03-12 17:37:31.471 UTC [gossip.discovery] Stop -\u003e INFO 14a\u001b[0m Stopping\n","stream":"stderr","time":"2019-03-12T17:37:31.471694933Z"}
{"log":"\u001b[34m2019-03-12 17:37:31.471 UTC [gossip.discovery] Stop -\u003e INFO 14b\u001b[0m Stopped\n","stream":"stderr","time":"2019-03-12T17:37:31.471700554Z"}
{"log":"\u001b[33m2019-03-12 17:37:31.471 UTC [deliveryClient] try -\u003e WARN 14c\u001b[0m Got error: rpc error: code = Canceled desc = context canceled , at 1 attempt. Retrying in 1s\n","stream":"stderr","time":"2019-03-12T17:37:31.471705485Z"}
{"log":"\u001b[34m2019-03-12 17:37:31.471 UTC [gossip.comm] Stop -\u003e INFO 14d\u001b[0m Stopping\n","stream":"stderr","time":"2019-03-12T17:37:31.471782408Z"}
{"log":"\u001b[33m2019-03-12 17:37:31.471 UTC [blocksProvider] DeliverBlocks -\u003e WARN 14e\u001b[0m [mychannel] Receive error: client is closing\n","stream":"stderr","time":"2019-03-12T17:37:31.471791336Z"}
{"log":"\u001b[34m2019-03-12 17:37:31.471 UTC [gossip.comm] Stop -\u003e INFO 14f\u001b[0m Stopped\n","stream":"stderr","time":"2019-03-12T17:37:31.471813881Z"}
{"log":"\u001b[34m2019-03-12 17:37:31.471 UTC [gossip.election] stopBeingLeader -\u003e INFO 150\u001b[0m 5d3d8ef37a7583557a1a80c7a050b1084a9f12c56be361f78a4a8807ba070928 Stopped being a leader\n","stream":"stderr","time":"2019-03-12T17:37:31.471819369Z"}
{"log":"\u001b[34m2019-03-12 17:37:31.471 UTC [gossip.service] func1 -\u003e INFO 151\u001b[0m Renounced leadership, stopping delivery service for channel mychannel\n","stream":"stderr","time":"2019-03-12T17:37:31.471824929Z"}
{"log":"\u001b[31m2019-03-12 17:37:31.471 UTC [deliveryClient] StopDeliverForChannel -\u003e ERRO 152\u001b[0m Delivery service is stopping, cannot stop delivery for channel mychannel\n","stream":"stderr","time":"2019-03-12T17:37:31.471829671Z"}
{"log":"\u001b[31m2019-03-12 17:37:31.471 UTC [gossip.service] func1 -\u003e ERRO 153\u001b[0m Delivery service is not able to stop blocks delivery for chain, due to Delivery service is stopping, cannot stop delivery for channel mychannel\n","stream":"stderr","time":"2019-03-12T17:37:31.471836668Z"}
{"log":"github.com/hyperledger/fabric/gossip/service.(*gossipServiceImpl).onStatusChangeFactory.func1\n","stream":"stderr","time":"2019-03-12T17:37:31.471841751Z"}
{"log":"\u0009/opt/gopath/src/github.com/hyperledger/fabric/gossip/service/gossip_service.go:413\n","stream":"stderr","time":"2019-03-12T17:37:31.471845857Z"}
{"log":"github.com/hyperledger/fabric/gossip/election.(*leaderElectionSvcImpl).stopBeingLeader\n","stream":"stderr","time":"2019-03-12T17:37:31.471850259Z"}
{"log":"\u0009/opt/gopath/src/github.com/hyperledger/fabric/gossip/election/election.go:390\n","stream":"stderr","time":"2019-03-12T17:37:31.471854545Z"}
{"log":"github.com/hyperledger/fabric/gossip/election.(*leaderElectionSvcImpl).Yield\n","stream":"stderr","time":"2019-03-12T17:37:31.471858649Z"}
{"log":"\u0009/opt/gopath/src/github.com/hyperledger/fabric/gossip/election/election.go:420\n","stream":"stderr","time":"2019-03-12T17:37:31.471862824Z"}
{"log":"github.com/hyperledger/fabric/gossip/service.(*gossipServiceImpl).onStatusChangeFactory.func1.1\n","stream":"stderr","time":"2019-03-12T17:37:31.471880797Z"}
{"log":"\u0009/opt/gopath/src/github.com/hyperledger/fabric/gossip/service/gossip_service.go:404\n","stream":"stderr","time":"2019-03-12T17:37:31.471933781Z"}
{"log":"github.com/hyperledger/fabric/core/deliverservice.(*deliverServiceImpl).launchBlockProvider\n","stream":"stderr","time":"2019-03-12T17:37:31.471939211Z"}
{"log":"\u0009/opt/gopath/src/github.com/hyperledger/fabric/core/deliverservice/deliveryclient.go:175\n","stream":"stderr","time":"2019-03-12T17:37:31.471943644Z"}
{"log":"runtime.goexit\n","stream":"stderr","time":"2019-03-12T17:37:31.471948012Z"}
{"log":"\u0009/opt/go/src/runtime/asm_amd64.s:1333\n","stream":"stderr","time":"2019-03-12T17:37:31.471952199Z"}
